2025-08-15 01:36:36,405   INFO  **********************Start logging**********************
2025-08-15 01:36:36,406   INFO  CUDA_VISIBLE_DEVICES=ALL
2025-08-15 01:36:36,406   INFO  Training with a single process
2025-08-15 01:36:36,406   INFO  cfg_file         cfgs/nuscenes_models/cbgs_voxel0075_res3d_centerpoint_50Ep_rev1.yaml
2025-08-15 01:36:36,406   INFO  batch_size       4
2025-08-15 01:36:36,406   INFO  epochs           50
2025-08-15 01:36:36,406   INFO  workers          4
2025-08-15 01:36:36,406   INFO  extra_tag        default
2025-08-15 01:36:36,406   INFO  ckpt             None
2025-08-15 01:36:36,406   INFO  pretrained_model None
2025-08-15 01:36:36,406   INFO  launcher         none
2025-08-15 01:36:36,407   INFO  tcp_port         18888
2025-08-15 01:36:36,407   INFO  sync_bn          False
2025-08-15 01:36:36,407   INFO  fix_random_seed  False
2025-08-15 01:36:36,407   INFO  ckpt_save_interval 1
2025-08-15 01:36:36,407   INFO  local_rank       None
2025-08-15 01:36:36,407   INFO  max_ckpt_save_num 30
2025-08-15 01:36:36,407   INFO  merge_all_iters_to_one_epoch False
2025-08-15 01:36:36,407   INFO  set_cfgs         None
2025-08-15 01:36:36,407   INFO  max_waiting_mins 0
2025-08-15 01:36:36,407   INFO  start_epoch      0
2025-08-15 01:36:36,407   INFO  num_epochs_to_eval 0
2025-08-15 01:36:36,407   INFO  save_to_file     False
2025-08-15 01:36:36,408   INFO  use_tqdm_to_record False
2025-08-15 01:36:36,408   INFO  logger_iter_interval 50
2025-08-15 01:36:36,408   INFO  ckpt_save_time_interval 300
2025-08-15 01:36:36,408   INFO  wo_gpu_stat      False
2025-08-15 01:36:36,408   INFO  use_amp          False
2025-08-15 01:36:36,408   INFO  cfg.ROOT_DIR: /home/lidar/OpenPCDet
2025-08-15 01:36:36,408   INFO  cfg.LOCAL_RANK: 0
2025-08-15 01:36:36,408   INFO  cfg.CLASS_NAMES: ['car', 'truck', 'construction_vehicle', 'bus', 'trailer', 'barrier', 'motorcycle', 'bicycle', 'pedestrian', 'traffic_cone']
2025-08-15 01:36:36,408   INFO  ----------- DATA_CONFIG -----------
2025-08-15 01:36:36,408   INFO  cfg.DATA_CONFIG.DATASET: NuScenesDataset
2025-08-15 01:36:36,408   INFO  cfg.DATA_CONFIG.DATA_PATH: ../data/nuscenes
2025-08-15 01:36:36,408   INFO  cfg.DATA_CONFIG.VERSION: v1.0-mini
2025-08-15 01:36:36,408   INFO  cfg.DATA_CONFIG.MAX_SWEEPS: 10
2025-08-15 01:36:36,408   INFO  cfg.DATA_CONFIG.PRED_VELOCITY: True
2025-08-15 01:36:36,408   INFO  cfg.DATA_CONFIG.SET_NAN_VELOCITY_TO_ZEROS: True
2025-08-15 01:36:36,409   INFO  cfg.DATA_CONFIG.FILTER_MIN_POINTS_IN_GT: 1
2025-08-15 01:36:36,409   INFO  ----------- DATA_SPLIT -----------
2025-08-15 01:36:36,409   INFO  cfg.DATA_CONFIG.DATA_SPLIT.train: train
2025-08-15 01:36:36,409   INFO  cfg.DATA_CONFIG.DATA_SPLIT.test: val
2025-08-15 01:36:36,409   INFO  ----------- INFO_PATH -----------
2025-08-15 01:36:36,409   INFO  cfg.DATA_CONFIG.INFO_PATH.train: ['nuscenes_infos_10sweeps_train.pkl']
2025-08-15 01:36:36,409   INFO  cfg.DATA_CONFIG.INFO_PATH.test: ['nuscenes_infos_10sweeps_val.pkl']
2025-08-15 01:36:36,409   INFO  cfg.DATA_CONFIG.POINT_CLOUD_RANGE: [-54.0, -54.0, -5.0, 54.0, 54.0, 3.0]
2025-08-15 01:36:36,409   INFO  cfg.DATA_CONFIG.BALANCED_RESAMPLING: True
2025-08-15 01:36:36,409   INFO  ----------- DATA_AUGMENTOR -----------
2025-08-15 01:36:36,409   INFO  cfg.DATA_CONFIG.DATA_AUGMENTOR.DISABLE_AUG_LIST: ['placeholder']
2025-08-15 01:36:36,409   INFO  cfg.DATA_CONFIG.DATA_AUGMENTOR.AUG_CONFIG_LIST: [{'NAME': 'gt_sampling', 'DB_INFO_PATH': ['nuscenes_dbinfos_10sweeps_withvelo.pkl'], 'PREPARE': {'filter_by_min_points': ['car:5', 'truck:5', 'construction_vehicle:5', 'bus:5', 'trailer:5', 'barrier:5', 'motorcycle:5', 'bicycle:5', 'pedestrian:5', 'traffic_cone:5']}, 'SAMPLE_GROUPS': ['car:2', 'truck:3', 'construction_vehicle:9', 'bus:4', 'trailer:8', 'barrier:3', 'motorcycle:6', 'bicycle:8', 'pedestrian:2', 'traffic_cone:3'], 'NUM_POINT_FEATURES': 5, 'DATABASE_WITH_FAKELIDAR': False, 'REMOVE_EXTRA_WIDTH': [0.0, 0.0, 0.0], 'LIMIT_WHOLE_SCENE': True}, {'NAME': 'random_world_flip', 'ALONG_AXIS_LIST': ['x', 'y']}, {'NAME': 'random_world_rotation', 'WORLD_ROT_ANGLE': [-0.78539816, 0.78539816]}, {'NAME': 'random_world_scaling', 'WORLD_SCALE_RANGE': [0.9, 1.1]}, {'NAME': 'random_world_translation', 'NOISE_TRANSLATE_STD': [0.5, 0.5, 0.5]}]
2025-08-15 01:36:36,409   INFO  ----------- POINT_FEATURE_ENCODING -----------
2025-08-15 01:36:36,409   INFO  cfg.DATA_CONFIG.POINT_FEATURE_ENCODING.encoding_type: absolute_coordinates_encoding
2025-08-15 01:36:36,410   INFO  cfg.DATA_CONFIG.POINT_FEATURE_ENCODING.used_feature_list: ['x', 'y', 'z', 'intensity', 'timestamp']
2025-08-15 01:36:36,410   INFO  cfg.DATA_CONFIG.POINT_FEATURE_ENCODING.src_feature_list: ['x', 'y', 'z', 'intensity', 'timestamp']
2025-08-15 01:36:36,410   INFO  cfg.DATA_CONFIG.DATA_PROCESSOR: [{'NAME': 'mask_points_and_boxes_outside_range', 'REMOVE_OUTSIDE_BOXES': True}, {'NAME': 'shuffle_points', 'SHUFFLE_ENABLED': {'train': True, 'test': True}}, {'NAME': 'transform_points_to_voxels', 'VOXEL_SIZE': [0.005, 0.055, 0.2], 'MAX_POINTS_PER_VOXEL': 10, 'MAX_NUMBER_OF_VOXELS': {'train': 120000, 'test': 160000}}]
2025-08-15 01:36:36,410   INFO  cfg.DATA_CONFIG._BASE_CONFIG_: cfgs/dataset_configs/nuscenes_dataset.yaml
2025-08-15 01:36:36,410   INFO  ----------- MODEL -----------
2025-08-15 01:36:36,410   INFO  cfg.MODEL.NAME: CenterPoint
2025-08-15 01:36:36,410   INFO  ----------- VFE -----------
2025-08-15 01:36:36,410   INFO  cfg.MODEL.VFE.NAME: MeanVFE
2025-08-15 01:36:36,410   INFO  ----------- BACKBONE_3D -----------
2025-08-15 01:36:36,410   INFO  cfg.MODEL.BACKBONE_3D.NAME: VoxelResBackBone8x
2025-08-15 01:36:36,410   INFO  ----------- MAP_TO_BEV -----------
2025-08-15 01:36:36,410   INFO  cfg.MODEL.MAP_TO_BEV.NAME: HeightCompression
2025-08-15 01:36:36,410   INFO  cfg.MODEL.MAP_TO_BEV.NUM_BEV_FEATURES: 256
2025-08-15 01:36:36,410   INFO  ----------- BACKBONE_2D -----------
2025-08-15 01:36:36,410   INFO  cfg.MODEL.BACKBONE_2D.NAME: BaseBEVBackbone
2025-08-15 01:36:36,410   INFO  cfg.MODEL.BACKBONE_2D.LAYER_NUMS: [5, 5]
2025-08-15 01:36:36,411   INFO  cfg.MODEL.BACKBONE_2D.LAYER_STRIDES: [1, 2]
2025-08-15 01:36:36,411   INFO  cfg.MODEL.BACKBONE_2D.NUM_FILTERS: [128, 256]
2025-08-15 01:36:36,411   INFO  cfg.MODEL.BACKBONE_2D.UPSAMPLE_STRIDES: [1, 2]
2025-08-15 01:36:36,411   INFO  cfg.MODEL.BACKBONE_2D.NUM_UPSAMPLE_FILTERS: [256, 256]
2025-08-15 01:36:36,411   INFO  ----------- DENSE_HEAD -----------
2025-08-15 01:36:36,411   INFO  cfg.MODEL.DENSE_HEAD.NAME: CenterHead
2025-08-15 01:36:36,411   INFO  cfg.MODEL.DENSE_HEAD.CLASS_AGNOSTIC: False
2025-08-15 01:36:36,411   INFO  cfg.MODEL.DENSE_HEAD.CLASS_NAMES_EACH_HEAD: [['car'], ['truck', 'construction_vehicle'], ['bus', 'trailer'], ['barrier'], ['motorcycle', 'bicycle'], ['pedestrian', 'traffic_cone']]
2025-08-15 01:36:36,411   INFO  cfg.MODEL.DENSE_HEAD.SHARED_CONV_CHANNEL: 64
2025-08-15 01:36:36,411   INFO  cfg.MODEL.DENSE_HEAD.USE_BIAS_BEFORE_NORM: True
2025-08-15 01:36:36,411   INFO  cfg.MODEL.DENSE_HEAD.NUM_HM_CONV: 2
2025-08-15 01:36:36,411   INFO  ----------- SEPARATE_HEAD_CFG -----------
2025-08-15 01:36:36,411   INFO  cfg.MODEL.DENSE_HEAD.SEPARATE_HEAD_CFG.HEAD_ORDER: ['center', 'center_z', 'dim', 'rot', 'vel']
2025-08-15 01:36:36,411   INFO  ----------- HEAD_DICT -----------
2025-08-15 01:36:36,411   INFO  ----------- center -----------
2025-08-15 01:36:36,411   INFO  cfg.MODEL.DENSE_HEAD.SEPARATE_HEAD_CFG.HEAD_DICT.center.out_channels: 2
2025-08-15 01:36:36,412   INFO  cfg.MODEL.DENSE_HEAD.SEPARATE_HEAD_CFG.HEAD_DICT.center.num_conv: 2
2025-08-15 01:36:36,412   INFO  ----------- center_z -----------
2025-08-15 01:36:36,412   INFO  cfg.MODEL.DENSE_HEAD.SEPARATE_HEAD_CFG.HEAD_DICT.center_z.out_channels: 1
2025-08-15 01:36:36,412   INFO  cfg.MODEL.DENSE_HEAD.SEPARATE_HEAD_CFG.HEAD_DICT.center_z.num_conv: 2
2025-08-15 01:36:36,412   INFO  ----------- dim -----------
2025-08-15 01:36:36,412   INFO  cfg.MODEL.DENSE_HEAD.SEPARATE_HEAD_CFG.HEAD_DICT.dim.out_channels: 3
2025-08-15 01:36:36,412   INFO  cfg.MODEL.DENSE_HEAD.SEPARATE_HEAD_CFG.HEAD_DICT.dim.num_conv: 2
2025-08-15 01:36:36,412   INFO  ----------- rot -----------
2025-08-15 01:36:36,412   INFO  cfg.MODEL.DENSE_HEAD.SEPARATE_HEAD_CFG.HEAD_DICT.rot.out_channels: 2
2025-08-15 01:36:36,412   INFO  cfg.MODEL.DENSE_HEAD.SEPARATE_HEAD_CFG.HEAD_DICT.rot.num_conv: 2
2025-08-15 01:36:36,412   INFO  ----------- vel -----------
2025-08-15 01:36:36,412   INFO  cfg.MODEL.DENSE_HEAD.SEPARATE_HEAD_CFG.HEAD_DICT.vel.out_channels: 2
2025-08-15 01:36:36,412   INFO  cfg.MODEL.DENSE_HEAD.SEPARATE_HEAD_CFG.HEAD_DICT.vel.num_conv: 2
2025-08-15 01:36:36,412   INFO  ----------- TARGET_ASSIGNER_CONFIG -----------
2025-08-15 01:36:36,412   INFO  cfg.MODEL.DENSE_HEAD.TARGET_ASSIGNER_CONFIG.FEATURE_MAP_STRIDE: 8
2025-08-15 01:36:36,412   INFO  cfg.MODEL.DENSE_HEAD.TARGET_ASSIGNER_CONFIG.NUM_MAX_OBJS: 500
2025-08-15 01:36:36,412   INFO  cfg.MODEL.DENSE_HEAD.TARGET_ASSIGNER_CONFIG.GAUSSIAN_OVERLAP: 0.1
2025-08-15 01:36:36,412   INFO  cfg.MODEL.DENSE_HEAD.TARGET_ASSIGNER_CONFIG.MIN_RADIUS: 2
2025-08-15 01:36:36,413   INFO  ----------- LOSS_CONFIG -----------
2025-08-15 01:36:36,413   INFO  ----------- LOSS_WEIGHTS -----------
2025-08-15 01:36:36,413   INFO  cfg.MODEL.DENSE_HEAD.LOSS_CONFIG.LOSS_WEIGHTS.cls_weight: 1.2
2025-08-15 01:36:36,413   INFO  cfg.MODEL.DENSE_HEAD.LOSS_CONFIG.LOSS_WEIGHTS.loc_weight: 0.25
2025-08-15 01:36:36,413   INFO  cfg.MODEL.DENSE_HEAD.LOSS_CONFIG.LOSS_WEIGHTS.code_weights: [1.0, 1.0, 1.0, 1.0, 1.0, 1.0, 0.2, 0.2, 1.0, 1.0]
2025-08-15 01:36:36,413   INFO  ----------- POST_PROCESSING -----------
2025-08-15 01:36:36,413   INFO  cfg.MODEL.DENSE_HEAD.POST_PROCESSING.SCORE_THRESH: 0.2
2025-08-15 01:36:36,413   INFO  cfg.MODEL.DENSE_HEAD.POST_PROCESSING.POST_CENTER_LIMIT_RANGE: [-54.0, -54.0, -5.0, 54.0, 54.0, 3.0]
2025-08-15 01:36:36,413   INFO  cfg.MODEL.DENSE_HEAD.POST_PROCESSING.MAX_OBJ_PER_SAMPLE: 500
2025-08-15 01:36:36,413   INFO  ----------- NMS_CONFIG -----------
2025-08-15 01:36:36,413   INFO  cfg.MODEL.DENSE_HEAD.POST_PROCESSING.NMS_CONFIG.NMS_TYPE: nms_gpu
2025-08-15 01:36:36,413   INFO  cfg.MODEL.DENSE_HEAD.POST_PROCESSING.NMS_CONFIG.NMS_THRESH: 0.15
2025-08-15 01:36:36,413   INFO  cfg.MODEL.DENSE_HEAD.POST_PROCESSING.NMS_CONFIG.NMS_PRE_MAXSIZE: 1000
2025-08-15 01:36:36,413   INFO  cfg.MODEL.DENSE_HEAD.POST_PROCESSING.NMS_CONFIG.NMS_POST_MAXSIZE: 64
2025-08-15 01:36:36,413   INFO  ----------- POST_PROCESSING -----------
2025-08-15 01:36:36,413   INFO  cfg.MODEL.POST_PROCESSING.RECALL_THRESH_LIST: [0.3, 0.5, 0.7]
2025-08-15 01:36:36,413   INFO  cfg.MODEL.POST_PROCESSING.EVAL_METRIC: nuscenes
2025-08-15 01:36:36,413   INFO  ----------- OPTIMIZATION -----------
2025-08-15 01:36:36,413   INFO  cfg.OPTIMIZATION.BATCH_SIZE_PER_GPU: 4
2025-08-15 01:36:36,414   INFO  cfg.OPTIMIZATION.NUM_EPOCHS: 50
2025-08-15 01:36:36,414   INFO  cfg.OPTIMIZATION.OPTIMIZER: adam_onecycle
2025-08-15 01:36:36,414   INFO  cfg.OPTIMIZATION.LR: 0.001
2025-08-15 01:36:36,414   INFO  cfg.OPTIMIZATION.WEIGHT_DECAY: 0.01
2025-08-15 01:36:36,414   INFO  cfg.OPTIMIZATION.MOMENTUM: 0.9
2025-08-15 01:36:36,414   INFO  cfg.OPTIMIZATION.MOMS: [0.95, 0.85]
2025-08-15 01:36:36,414   INFO  cfg.OPTIMIZATION.PCT_START: 0.5
2025-08-15 01:36:36,414   INFO  cfg.OPTIMIZATION.DIV_FACTOR: 10
2025-08-15 01:36:36,414   INFO  cfg.OPTIMIZATION.DECAY_STEP_LIST: [35, 45]
2025-08-15 01:36:36,414   INFO  cfg.OPTIMIZATION.LR_DECAY: 0.1
2025-08-15 01:36:36,414   INFO  cfg.OPTIMIZATION.LR_CLIP: 1e-07
2025-08-15 01:36:36,414   INFO  cfg.OPTIMIZATION.LR_WARMUP: False
2025-08-15 01:36:36,414   INFO  cfg.OPTIMIZATION.WARMUP_EPOCH: 1
2025-08-15 01:36:36,414   INFO  cfg.OPTIMIZATION.GRAD_NORM_CLIP: 10
2025-08-15 01:36:36,414   INFO  cfg.TAG: cbgs_voxel0075_res3d_centerpoint_50Ep_rev1
2025-08-15 01:36:36,414   INFO  cfg.EXP_GROUP_PATH: nuscenes_models
2025-08-15 01:36:36,424   INFO  ----------- Create dataloader & network & optimizer -----------
2025-08-15 01:36:36,490   INFO  Database filter by min points car: 4082 => 3303
2025-08-15 01:36:36,490   INFO  Database filter by min points truck: 451 => 412
2025-08-15 01:36:36,490   INFO  Database filter by min points construction_vehicle: 174 => 161
2025-08-15 01:36:36,490   INFO  Database filter by min points bus: 337 => 309
2025-08-15 01:36:36,490   INFO  Database filter by min points trailer: 59 => 57
2025-08-15 01:36:36,490   INFO  Database filter by min points barrier: 1851 => 1741
2025-08-15 01:36:36,491   INFO  Database filter by min points motorcycle: 179 => 149
2025-08-15 01:36:36,491   INFO  Database filter by min points bicycle: 147 => 136
2025-08-15 01:36:36,491   INFO  Database filter by min points pedestrian: 3068 => 2799
2025-08-15 01:36:36,491   INFO  Database filter by min points traffic_cone: 773 => 635
2025-08-15 01:36:36,493   INFO  Loading NuScenes dataset
2025-08-15 01:36:36,533   INFO  Total samples for NuScenes dataset: 323
2025-08-15 01:36:36,538   INFO  Total samples after balanced resampling: 1630
2025-08-15 01:36:39,291   INFO  ----------- Model CenterPoint created, param count: 8941590 -----------
2025-08-15 01:36:39,292   INFO  CenterPoint(
  (vfe): MeanVFE()
  (backbone_3d): VoxelResBackBone8x(
    (conv_input): SparseSequential(
      (0): SubMConv3d(5, 16, kernel_size=[3, 3, 3], stride=[1, 1, 1], padding=[1, 1, 1], dilation=[1, 1, 1], output_padding=[0, 0, 0], bias=False, algo=ConvAlgo.MaskImplicitGemm)
      (1): BatchNorm1d(16, eps=0.001, momentum=0.01, affine=True, track_running_stats=True)
      (2): ReLU()
    )
    (conv1): SparseSequential(
      (0): SparseBasicBlock(
        (conv1): SubMConv3d(16, 16, kernel_size=[3, 3, 3], stride=[1, 1, 1], padding=[1, 1, 1], dilation=[1, 1, 1], output_padding=[0, 0, 0], algo=ConvAlgo.MaskImplicitGemm)
        (bn1): BatchNorm1d(16, eps=0.001, momentum=0.01, affine=True, track_running_stats=True)
        (relu): ReLU()
        (conv2): SubMConv3d(16, 16, kernel_size=[3, 3, 3], stride=[1, 1, 1], padding=[1, 1, 1], dilation=[1, 1, 1], output_padding=[0, 0, 0], algo=ConvAlgo.MaskImplicitGemm)
        (bn2): BatchNorm1d(16, eps=0.001, momentum=0.01, affine=True, track_running_stats=True)
      )
      (1): SparseBasicBlock(
        (conv1): SubMConv3d(16, 16, kernel_size=[3, 3, 3], stride=[1, 1, 1], padding=[1, 1, 1], dilation=[1, 1, 1], output_padding=[0, 0, 0], algo=ConvAlgo.MaskImplicitGemm)
        (bn1): BatchNorm1d(16, eps=0.001, momentum=0.01, affine=True, track_running_stats=True)
        (relu): ReLU()
        (conv2): SubMConv3d(16, 16, kernel_size=[3, 3, 3], stride=[1, 1, 1], padding=[1, 1, 1], dilation=[1, 1, 1], output_padding=[0, 0, 0], algo=ConvAlgo.MaskImplicitGemm)
        (bn2): BatchNorm1d(16, eps=0.001, momentum=0.01, affine=True, track_running_stats=True)
      )
    )
    (conv2): SparseSequential(
      (0): SparseSequential(
        (0): SparseConv3d(16, 32, kernel_size=[3, 3, 3], stride=[2, 2, 2], padding=[1, 1, 1], dilation=[1, 1, 1], output_padding=[0, 0, 0], bias=False, algo=ConvAlgo.MaskImplicitGemm)
        (1): BatchNorm1d(32, eps=0.001, momentum=0.01, affine=True, track_running_stats=True)
        (2): ReLU()
      )
      (1): SparseBasicBlock(
        (conv1): SubMConv3d(32, 32, kernel_size=[3, 3, 3], stride=[1, 1, 1], padding=[1, 1, 1], dilation=[1, 1, 1], output_padding=[0, 0, 0], algo=ConvAlgo.MaskImplicitGemm)
        (bn1): BatchNorm1d(32, eps=0.001, momentum=0.01, affine=True, track_running_stats=True)
        (relu): ReLU()
        (conv2): SubMConv3d(32, 32, kernel_size=[3, 3, 3], stride=[1, 1, 1], padding=[1, 1, 1], dilation=[1, 1, 1], output_padding=[0, 0, 0], algo=ConvAlgo.MaskImplicitGemm)
        (bn2): BatchNorm1d(32, eps=0.001, momentum=0.01, affine=True, track_running_stats=True)
      )
      (2): SparseBasicBlock(
        (conv1): SubMConv3d(32, 32, kernel_size=[3, 3, 3], stride=[1, 1, 1], padding=[1, 1, 1], dilation=[1, 1, 1], output_padding=[0, 0, 0], algo=ConvAlgo.MaskImplicitGemm)
        (bn1): BatchNorm1d(32, eps=0.001, momentum=0.01, affine=True, track_running_stats=True)
        (relu): ReLU()
        (conv2): SubMConv3d(32, 32, kernel_size=[3, 3, 3], stride=[1, 1, 1], padding=[1, 1, 1], dilation=[1, 1, 1], output_padding=[0, 0, 0], algo=ConvAlgo.MaskImplicitGemm)
        (bn2): BatchNorm1d(32, eps=0.001, momentum=0.01, affine=True, track_running_stats=True)
      )
    )
    (conv3): SparseSequential(
      (0): SparseSequential(
        (0): SparseConv3d(32, 64, kernel_size=[3, 3, 3], stride=[2, 2, 2], padding=[1, 1, 1], dilation=[1, 1, 1], output_padding=[0, 0, 0], bias=False, algo=ConvAlgo.MaskImplicitGemm)
        (1): BatchNorm1d(64, eps=0.001, momentum=0.01, affine=True, track_running_stats=True)
        (2): ReLU()
      )
      (1): SparseBasicBlock(
        (conv1): SubMConv3d(64, 64, kernel_size=[3, 3, 3], stride=[1, 1, 1], padding=[1, 1, 1], dilation=[1, 1, 1], output_padding=[0, 0, 0], algo=ConvAlgo.MaskImplicitGemm)
        (bn1): BatchNorm1d(64, eps=0.001, momentum=0.01, affine=True, track_running_stats=True)
        (relu): ReLU()
        (conv2): SubMConv3d(64, 64, kernel_size=[3, 3, 3], stride=[1, 1, 1], padding=[1, 1, 1], dilation=[1, 1, 1], output_padding=[0, 0, 0], algo=ConvAlgo.MaskImplicitGemm)
        (bn2): BatchNorm1d(64, eps=0.001, momentum=0.01, affine=True, track_running_stats=True)
      )
      (2): SparseBasicBlock(
        (conv1): SubMConv3d(64, 64, kernel_size=[3, 3, 3], stride=[1, 1, 1], padding=[1, 1, 1], dilation=[1, 1, 1], output_padding=[0, 0, 0], algo=ConvAlgo.MaskImplicitGemm)
        (bn1): BatchNorm1d(64, eps=0.001, momentum=0.01, affine=True, track_running_stats=True)
        (relu): ReLU()
        (conv2): SubMConv3d(64, 64, kernel_size=[3, 3, 3], stride=[1, 1, 1], padding=[1, 1, 1], dilation=[1, 1, 1], output_padding=[0, 0, 0], algo=ConvAlgo.MaskImplicitGemm)
        (bn2): BatchNorm1d(64, eps=0.001, momentum=0.01, affine=True, track_running_stats=True)
      )
    )
    (conv4): SparseSequential(
      (0): SparseSequential(
        (0): SparseConv3d(64, 128, kernel_size=[3, 3, 3], stride=[2, 2, 2], padding=[0, 1, 1], dilation=[1, 1, 1], output_padding=[0, 0, 0], bias=False, algo=ConvAlgo.MaskImplicitGemm)
        (1): BatchNorm1d(128, eps=0.001, momentum=0.01, affine=True, track_running_stats=True)
        (2): ReLU()
      )
      (1): SparseBasicBlock(
        (conv1): SubMConv3d(128, 128, kernel_size=[3, 3, 3], stride=[1, 1, 1], padding=[1, 1, 1], dilation=[1, 1, 1], output_padding=[0, 0, 0], algo=ConvAlgo.MaskImplicitGemm)
        (bn1): BatchNorm1d(128, eps=0.001, momentum=0.01, affine=True, track_running_stats=True)
        (relu): ReLU()
        (conv2): SubMConv3d(128, 128, kernel_size=[3, 3, 3], stride=[1, 1, 1], padding=[1, 1, 1], dilation=[1, 1, 1], output_padding=[0, 0, 0], algo=ConvAlgo.MaskImplicitGemm)
        (bn2): BatchNorm1d(128, eps=0.001, momentum=0.01, affine=True, track_running_stats=True)
      )
      (2): SparseBasicBlock(
        (conv1): SubMConv3d(128, 128, kernel_size=[3, 3, 3], stride=[1, 1, 1], padding=[1, 1, 1], dilation=[1, 1, 1], output_padding=[0, 0, 0], algo=ConvAlgo.MaskImplicitGemm)
        (bn1): BatchNorm1d(128, eps=0.001, momentum=0.01, affine=True, track_running_stats=True)
        (relu): ReLU()
        (conv2): SubMConv3d(128, 128, kernel_size=[3, 3, 3], stride=[1, 1, 1], padding=[1, 1, 1], dilation=[1, 1, 1], output_padding=[0, 0, 0], algo=ConvAlgo.MaskImplicitGemm)
        (bn2): BatchNorm1d(128, eps=0.001, momentum=0.01, affine=True, track_running_stats=True)
      )
    )
    (conv_out): SparseSequential(
      (0): SparseConv3d(128, 128, kernel_size=[3, 1, 1], stride=[2, 1, 1], padding=[0, 0, 0], dilation=[1, 1, 1], output_padding=[0, 0, 0], bias=False, algo=ConvAlgo.MaskImplicitGemm)
      (1): BatchNorm1d(128, eps=0.001, momentum=0.01, affine=True, track_running_stats=True)
      (2): ReLU()
    )
  )
  (map_to_bev_module): HeightCompression()
  (pfe): None
  (backbone_2d): BaseBEVBackbone(
    (blocks): ModuleList(
      (0): Sequential(
        (0): ZeroPad2d((1, 1, 1, 1))
        (1): Conv2d(256, 128, kernel_size=(3, 3), stride=(1, 1), bias=False)
        (2): BatchNorm2d(128, eps=0.001, momentum=0.01, affine=True, track_running_stats=True)
        (3): ReLU()
        (4): Conv2d(128, 128, kernel_size=(3, 3), stride=(1, 1), padding=(1, 1), bias=False)
        (5): BatchNorm2d(128, eps=0.001, momentum=0.01, affine=True, track_running_stats=True)
        (6): ReLU()
        (7): Conv2d(128, 128, kernel_size=(3, 3), stride=(1, 1), padding=(1, 1), bias=False)
        (8): BatchNorm2d(128, eps=0.001, momentum=0.01, affine=True, track_running_stats=True)
        (9): ReLU()
        (10): Conv2d(128, 128, kernel_size=(3, 3), stride=(1, 1), padding=(1, 1), bias=False)
        (11): BatchNorm2d(128, eps=0.001, momentum=0.01, affine=True, track_running_stats=True)
        (12): ReLU()
        (13): Conv2d(128, 128, kernel_size=(3, 3), stride=(1, 1), padding=(1, 1), bias=False)
        (14): BatchNorm2d(128, eps=0.001, momentum=0.01, affine=True, track_running_stats=True)
        (15): ReLU()
        (16): Conv2d(128, 128, kernel_size=(3, 3), stride=(1, 1), padding=(1, 1), bias=False)
        (17): BatchNorm2d(128, eps=0.001, momentum=0.01, affine=True, track_running_stats=True)
        (18): ReLU()
      )
      (1): Sequential(
        (0): ZeroPad2d((1, 1, 1, 1))
        (1): Conv2d(128, 256, kernel_size=(3, 3), stride=(2, 2), bias=False)
        (2): BatchNorm2d(256, eps=0.001, momentum=0.01, affine=True, track_running_stats=True)
        (3): ReLU()
        (4): Conv2d(256, 256, kernel_size=(3, 3), stride=(1, 1), padding=(1, 1), bias=False)
        (5): BatchNorm2d(256, eps=0.001, momentum=0.01, affine=True, track_running_stats=True)
        (6): ReLU()
        (7): Conv2d(256, 256, kernel_size=(3, 3), stride=(1, 1), padding=(1, 1), bias=False)
        (8): BatchNorm2d(256, eps=0.001, momentum=0.01, affine=True, track_running_stats=True)
        (9): ReLU()
        (10): Conv2d(256, 256, kernel_size=(3, 3), stride=(1, 1), padding=(1, 1), bias=False)
        (11): BatchNorm2d(256, eps=0.001, momentum=0.01, affine=True, track_running_stats=True)
        (12): ReLU()
        (13): Conv2d(256, 256, kernel_size=(3, 3), stride=(1, 1), padding=(1, 1), bias=False)
        (14): BatchNorm2d(256, eps=0.001, momentum=0.01, affine=True, track_running_stats=True)
        (15): ReLU()
        (16): Conv2d(256, 256, kernel_size=(3, 3), stride=(1, 1), padding=(1, 1), bias=False)
        (17): BatchNorm2d(256, eps=0.001, momentum=0.01, affine=True, track_running_stats=True)
        (18): ReLU()
      )
    )
    (deblocks): ModuleList(
      (0): Sequential(
        (0): ConvTranspose2d(128, 256, kernel_size=(1, 1), stride=(1, 1), bias=False)
        (1): BatchNorm2d(256, eps=0.001, momentum=0.01, affine=True, track_running_stats=True)
        (2): ReLU()
      )
      (1): Sequential(
        (0): ConvTranspose2d(256, 256, kernel_size=(2, 2), stride=(2, 2), bias=False)
        (1): BatchNorm2d(256, eps=0.001, momentum=0.01, affine=True, track_running_stats=True)
        (2): ReLU()
      )
    )
  )
  (dense_head): CenterHead(
    (shared_conv): Sequential(
      (0): Conv2d(512, 64, kernel_size=(3, 3), stride=(1, 1), padding=(1, 1))
      (1): BatchNorm2d(64, eps=1e-05, momentum=0.1, affine=True, track_running_stats=True)
      (2): ReLU()
    )
    (heads_list): ModuleList(
      (0): SeparateHead(
        (center): Sequential(
          (0): Sequential(
            (0): Conv2d(64, 64, kernel_size=(3, 3), stride=(1, 1), padding=(1, 1))
            (1): BatchNorm2d(64, eps=1e-05, momentum=0.1, affine=True, track_running_stats=True)
            (2): ReLU()
          )
          (1): Conv2d(64, 2, kernel_size=(3, 3), stride=(1, 1), padding=(1, 1))
        )
        (center_z): Sequential(
          (0): Sequential(
            (0): Conv2d(64, 64, kernel_size=(3, 3), stride=(1, 1), padding=(1, 1))
            (1): BatchNorm2d(64, eps=1e-05, momentum=0.1, affine=True, track_running_stats=True)
            (2): ReLU()
          )
          (1): Conv2d(64, 1, kernel_size=(3, 3), stride=(1, 1), padding=(1, 1))
        )
        (dim): Sequential(
          (0): Sequential(
            (0): Conv2d(64, 64, kernel_size=(3, 3), stride=(1, 1), padding=(1, 1))
            (1): BatchNorm2d(64, eps=1e-05, momentum=0.1, affine=True, track_running_stats=True)
            (2): ReLU()
          )
          (1): Conv2d(64, 3, kernel_size=(3, 3), stride=(1, 1), padding=(1, 1))
        )
        (rot): Sequential(
          (0): Sequential(
            (0): Conv2d(64, 64, kernel_size=(3, 3), stride=(1, 1), padding=(1, 1))
            (1): BatchNorm2d(64, eps=1e-05, momentum=0.1, affine=True, track_running_stats=True)
            (2): ReLU()
          )
          (1): Conv2d(64, 2, kernel_size=(3, 3), stride=(1, 1), padding=(1, 1))
        )
        (vel): Sequential(
          (0): Sequential(
            (0): Conv2d(64, 64, kernel_size=(3, 3), stride=(1, 1), padding=(1, 1))
            (1): BatchNorm2d(64, eps=1e-05, momentum=0.1, affine=True, track_running_stats=True)
            (2): ReLU()
          )
          (1): Conv2d(64, 2, kernel_size=(3, 3), stride=(1, 1), padding=(1, 1))
        )
        (hm): Sequential(
          (0): Sequential(
            (0): Conv2d(64, 64, kernel_size=(3, 3), stride=(1, 1), padding=(1, 1))
            (1): BatchNorm2d(64, eps=1e-05, momentum=0.1, affine=True, track_running_stats=True)
            (2): ReLU()
          )
          (1): Conv2d(64, 1, kernel_size=(3, 3), stride=(1, 1), padding=(1, 1))
        )
      )
      (1-2): 2 x SeparateHead(
        (center): Sequential(
          (0): Sequential(
            (0): Conv2d(64, 64, kernel_size=(3, 3), stride=(1, 1), padding=(1, 1))
            (1): BatchNorm2d(64, eps=1e-05, momentum=0.1, affine=True, track_running_stats=True)
            (2): ReLU()
          )
          (1): Conv2d(64, 2, kernel_size=(3, 3), stride=(1, 1), padding=(1, 1))
        )
        (center_z): Sequential(
          (0): Sequential(
            (0): Conv2d(64, 64, kernel_size=(3, 3), stride=(1, 1), padding=(1, 1))
            (1): BatchNorm2d(64, eps=1e-05, momentum=0.1, affine=True, track_running_stats=True)
            (2): ReLU()
          )
          (1): Conv2d(64, 1, kernel_size=(3, 3), stride=(1, 1), padding=(1, 1))
        )
        (dim): Sequential(
          (0): Sequential(
            (0): Conv2d(64, 64, kernel_size=(3, 3), stride=(1, 1), padding=(1, 1))
            (1): BatchNorm2d(64, eps=1e-05, momentum=0.1, affine=True, track_running_stats=True)
            (2): ReLU()
          )
          (1): Conv2d(64, 3, kernel_size=(3, 3), stride=(1, 1), padding=(1, 1))
        )
        (rot): Sequential(
          (0): Sequential(
            (0): Conv2d(64, 64, kernel_size=(3, 3), stride=(1, 1), padding=(1, 1))
            (1): BatchNorm2d(64, eps=1e-05, momentum=0.1, affine=True, track_running_stats=True)
            (2): ReLU()
          )
          (1): Conv2d(64, 2, kernel_size=(3, 3), stride=(1, 1), padding=(1, 1))
        )
        (vel): Sequential(
          (0): Sequential(
            (0): Conv2d(64, 64, kernel_size=(3, 3), stride=(1, 1), padding=(1, 1))
            (1): BatchNorm2d(64, eps=1e-05, momentum=0.1, affine=True, track_running_stats=True)
            (2): ReLU()
          )
          (1): Conv2d(64, 2, kernel_size=(3, 3), stride=(1, 1), padding=(1, 1))
        )
        (hm): Sequential(
          (0): Sequential(
            (0): Conv2d(64, 64, kernel_size=(3, 3), stride=(1, 1), padding=(1, 1))
            (1): BatchNorm2d(64, eps=1e-05, momentum=0.1, affine=True, track_running_stats=True)
            (2): ReLU()
          )
          (1): Conv2d(64, 2, kernel_size=(3, 3), stride=(1, 1), padding=(1, 1))
        )
      )
      (3): SeparateHead(
        (center): Sequential(
          (0): Sequential(
            (0): Conv2d(64, 64, kernel_size=(3, 3), stride=(1, 1), padding=(1, 1))
            (1): BatchNorm2d(64, eps=1e-05, momentum=0.1, affine=True, track_running_stats=True)
            (2): ReLU()
          )
          (1): Conv2d(64, 2, kernel_size=(3, 3), stride=(1, 1), padding=(1, 1))
        )
        (center_z): Sequential(
          (0): Sequential(
            (0): Conv2d(64, 64, kernel_size=(3, 3), stride=(1, 1), padding=(1, 1))
            (1): BatchNorm2d(64, eps=1e-05, momentum=0.1, affine=True, track_running_stats=True)
            (2): ReLU()
          )
          (1): Conv2d(64, 1, kernel_size=(3, 3), stride=(1, 1), padding=(1, 1))
        )
        (dim): Sequential(
          (0): Sequential(
            (0): Conv2d(64, 64, kernel_size=(3, 3), stride=(1, 1), padding=(1, 1))
            (1): BatchNorm2d(64, eps=1e-05, momentum=0.1, affine=True, track_running_stats=True)
            (2): ReLU()
          )
          (1): Conv2d(64, 3, kernel_size=(3, 3), stride=(1, 1), padding=(1, 1))
        )
        (rot): Sequential(
          (0): Sequential(
            (0): Conv2d(64, 64, kernel_size=(3, 3), stride=(1, 1), padding=(1, 1))
            (1): BatchNorm2d(64, eps=1e-05, momentum=0.1, affine=True, track_running_stats=True)
            (2): ReLU()
          )
          (1): Conv2d(64, 2, kernel_size=(3, 3), stride=(1, 1), padding=(1, 1))
        )
        (vel): Sequential(
          (0): Sequential(
            (0): Conv2d(64, 64, kernel_size=(3, 3), stride=(1, 1), padding=(1, 1))
            (1): BatchNorm2d(64, eps=1e-05, momentum=0.1, affine=True, track_running_stats=True)
            (2): ReLU()
          )
          (1): Conv2d(64, 2, kernel_size=(3, 3), stride=(1, 1), padding=(1, 1))
        )
        (hm): Sequential(
          (0): Sequential(
            (0): Conv2d(64, 64, kernel_size=(3, 3), stride=(1, 1), padding=(1, 1))
            (1): BatchNorm2d(64, eps=1e-05, momentum=0.1, affine=True, track_running_stats=True)
            (2): ReLU()
          )
          (1): Conv2d(64, 1, kernel_size=(3, 3), stride=(1, 1), padding=(1, 1))
        )
      )
      (4-5): 2 x SeparateHead(
        (center): Sequential(
          (0): Sequential(
            (0): Conv2d(64, 64, kernel_size=(3, 3), stride=(1, 1), padding=(1, 1))
            (1): BatchNorm2d(64, eps=1e-05, momentum=0.1, affine=True, track_running_stats=True)
            (2): ReLU()
          )
          (1): Conv2d(64, 2, kernel_size=(3, 3), stride=(1, 1), padding=(1, 1))
        )
        (center_z): Sequential(
          (0): Sequential(
            (0): Conv2d(64, 64, kernel_size=(3, 3), stride=(1, 1), padding=(1, 1))
            (1): BatchNorm2d(64, eps=1e-05, momentum=0.1, affine=True, track_running_stats=True)
            (2): ReLU()
          )
          (1): Conv2d(64, 1, kernel_size=(3, 3), stride=(1, 1), padding=(1, 1))
        )
        (dim): Sequential(
          (0): Sequential(
            (0): Conv2d(64, 64, kernel_size=(3, 3), stride=(1, 1), padding=(1, 1))
            (1): BatchNorm2d(64, eps=1e-05, momentum=0.1, affine=True, track_running_stats=True)
            (2): ReLU()
          )
          (1): Conv2d(64, 3, kernel_size=(3, 3), stride=(1, 1), padding=(1, 1))
        )
        (rot): Sequential(
          (0): Sequential(
            (0): Conv2d(64, 64, kernel_size=(3, 3), stride=(1, 1), padding=(1, 1))
            (1): BatchNorm2d(64, eps=1e-05, momentum=0.1, affine=True, track_running_stats=True)
            (2): ReLU()
          )
          (1): Conv2d(64, 2, kernel_size=(3, 3), stride=(1, 1), padding=(1, 1))
        )
        (vel): Sequential(
          (0): Sequential(
            (0): Conv2d(64, 64, kernel_size=(3, 3), stride=(1, 1), padding=(1, 1))
            (1): BatchNorm2d(64, eps=1e-05, momentum=0.1, affine=True, track_running_stats=True)
            (2): ReLU()
          )
          (1): Conv2d(64, 2, kernel_size=(3, 3), stride=(1, 1), padding=(1, 1))
        )
        (hm): Sequential(
          (0): Sequential(
            (0): Conv2d(64, 64, kernel_size=(3, 3), stride=(1, 1), padding=(1, 1))
            (1): BatchNorm2d(64, eps=1e-05, momentum=0.1, affine=True, track_running_stats=True)
            (2): ReLU()
          )
          (1): Conv2d(64, 2, kernel_size=(3, 3), stride=(1, 1), padding=(1, 1))
        )
      )
    )
    (hm_loss_func): FocalLossCenterNet()
    (reg_loss_func): RegLossCenterNet()
  )
  (point_head): None
  (roi_head): None
)
2025-08-15 01:36:39,295   INFO  **********************Start training nuscenes_models/cbgs_voxel0075_res3d_centerpoint_50Ep_rev1(default)**********************
