2025-08-05 01:34:30,961   INFO  **********************Start logging**********************
2025-08-05 01:34:30,961   INFO  CUDA_VISIBLE_DEVICES=ALL
2025-08-05 01:34:30,962   INFO  Training with a single process
2025-08-05 01:34:30,962   INFO  cfg_file         cfgs/nuscenes_models/cbgs_pp_multihead.yaml
2025-08-05 01:34:30,962   INFO  batch_size       4
2025-08-05 01:34:30,962   INFO  epochs           20
2025-08-05 01:34:30,962   INFO  workers          4
2025-08-05 01:34:30,962   INFO  extra_tag        default
2025-08-05 01:34:30,962   INFO  ckpt             None
2025-08-05 01:34:30,962   INFO  pretrained_model None
2025-08-05 01:34:30,962   INFO  launcher         none
2025-08-05 01:34:30,962   INFO  tcp_port         18888
2025-08-05 01:34:30,962   INFO  sync_bn          False
2025-08-05 01:34:30,962   INFO  fix_random_seed  False
2025-08-05 01:34:30,962   INFO  ckpt_save_interval 1
2025-08-05 01:34:30,962   INFO  local_rank       None
2025-08-05 01:34:30,962   INFO  max_ckpt_save_num 30
2025-08-05 01:34:30,962   INFO  merge_all_iters_to_one_epoch False
2025-08-05 01:34:30,962   INFO  set_cfgs         None
2025-08-05 01:34:30,962   INFO  max_waiting_mins 0
2025-08-05 01:34:30,962   INFO  start_epoch      0
2025-08-05 01:34:30,962   INFO  num_epochs_to_eval 0
2025-08-05 01:34:30,962   INFO  save_to_file     False
2025-08-05 01:34:30,962   INFO  use_tqdm_to_record False
2025-08-05 01:34:30,962   INFO  logger_iter_interval 50
2025-08-05 01:34:30,962   INFO  ckpt_save_time_interval 300
2025-08-05 01:34:30,962   INFO  wo_gpu_stat      False
2025-08-05 01:34:30,963   INFO  use_amp          False
2025-08-05 01:34:30,963   INFO  cfg.ROOT_DIR: /home/lidar/OpenPCDet
2025-08-05 01:34:30,963   INFO  cfg.LOCAL_RANK: 0
2025-08-05 01:34:30,963   INFO  cfg.CLASS_NAMES: ['car', 'truck', 'construction_vehicle', 'bus', 'trailer', 'barrier', 'motorcycle', 'bicycle', 'pedestrian', 'traffic_cone']
2025-08-05 01:34:30,963   INFO  ----------- DATA_CONFIG -----------
2025-08-05 01:34:30,963   INFO  cfg.DATA_CONFIG.DATASET: NuScenesDataset
2025-08-05 01:34:30,963   INFO  cfg.DATA_CONFIG.DATA_PATH: ../data/nuscenes
2025-08-05 01:34:30,963   INFO  cfg.DATA_CONFIG.VERSION: v1.0-mini
2025-08-05 01:34:30,963   INFO  cfg.DATA_CONFIG.MAX_SWEEPS: 10
2025-08-05 01:34:30,963   INFO  cfg.DATA_CONFIG.PRED_VELOCITY: True
2025-08-05 01:34:30,963   INFO  cfg.DATA_CONFIG.SET_NAN_VELOCITY_TO_ZEROS: True
2025-08-05 01:34:30,963   INFO  cfg.DATA_CONFIG.FILTER_MIN_POINTS_IN_GT: 1
2025-08-05 01:34:30,963   INFO  ----------- DATA_SPLIT -----------
2025-08-05 01:34:30,963   INFO  cfg.DATA_CONFIG.DATA_SPLIT.train: train
2025-08-05 01:34:30,963   INFO  cfg.DATA_CONFIG.DATA_SPLIT.test: val
2025-08-05 01:34:30,963   INFO  ----------- INFO_PATH -----------
2025-08-05 01:34:30,963   INFO  cfg.DATA_CONFIG.INFO_PATH.train: ['nuscenes_infos_10sweeps_train.pkl']
2025-08-05 01:34:30,963   INFO  cfg.DATA_CONFIG.INFO_PATH.test: ['nuscenes_infos_10sweeps_val.pkl']
2025-08-05 01:34:30,963   INFO  cfg.DATA_CONFIG.POINT_CLOUD_RANGE: [-51.2, -51.2, -5.0, 51.2, 51.2, 3.0]
2025-08-05 01:34:30,964   INFO  cfg.DATA_CONFIG.BALANCED_RESAMPLING: True
2025-08-05 01:34:30,964   INFO  ----------- DATA_AUGMENTOR -----------
2025-08-05 01:34:30,965   INFO  cfg.DATA_CONFIG.DATA_AUGMENTOR.DISABLE_AUG_LIST: ['placeholder']
2025-08-05 01:34:30,965   INFO  cfg.DATA_CONFIG.DATA_AUGMENTOR.AUG_CONFIG_LIST: [{'NAME': 'gt_sampling', 'DB_INFO_PATH': ['nuscenes_dbinfos_10sweeps_withvelo.pkl'], 'PREPARE': {'filter_by_min_points': ['car:5', 'truck:5', 'construction_vehicle:5', 'bus:5', 'trailer:5', 'barrier:5', 'motorcycle:5', 'bicycle:5', 'pedestrian:5', 'traffic_cone:5']}, 'SAMPLE_GROUPS': ['car:2', 'truck:3', 'construction_vehicle:7', 'bus:4', 'trailer:6', 'barrier:2', 'motorcycle:6', 'bicycle:6', 'pedestrian:2', 'traffic_cone:2'], 'NUM_POINT_FEATURES': 5, 'DATABASE_WITH_FAKELIDAR': False, 'BACKUP_DB_INFO': {'DB_INFO_PATH': ['nuscenes_dbinfos_10sweeps_withvelo.pkl'], 'DB_DATA_PATH': ['nuscenes_gt_database'], 'NUM_POINT_FEATURES': 5}, 'REMOVE_EXTRA_WIDTH': [0.0, 0.0, 0.0], 'LIMIT_WHOLE_SCENE': True}, {'NAME': 'random_world_flip', 'ALONG_AXIS_LIST': ['x', 'y']}, {'NAME': 'random_world_rotation', 'WORLD_ROT_ANGLE': [-0.3925, 0.3925]}, {'NAME': 'random_world_scaling', 'WORLD_SCALE_RANGE': [0.95, 1.05]}]
2025-08-05 01:34:30,965   INFO  ----------- POINT_FEATURE_ENCODING -----------
2025-08-05 01:34:30,965   INFO  cfg.DATA_CONFIG.POINT_FEATURE_ENCODING.encoding_type: absolute_coordinates_encoding
2025-08-05 01:34:30,965   INFO  cfg.DATA_CONFIG.POINT_FEATURE_ENCODING.used_feature_list: ['x', 'y', 'z', 'intensity', 'timestamp']
2025-08-05 01:34:30,965   INFO  cfg.DATA_CONFIG.POINT_FEATURE_ENCODING.src_feature_list: ['x', 'y', 'z', 'intensity', 'timestamp']
2025-08-05 01:34:30,965   INFO  cfg.DATA_CONFIG.DATA_PROCESSOR: [{'NAME': 'mask_points_and_boxes_outside_range', 'REMOVE_OUTSIDE_BOXES': True}, {'NAME': 'shuffle_points', 'SHUFFLE_ENABLED': {'train': True, 'test': True}}, {'NAME': 'transform_points_to_voxels', 'VOXEL_SIZE': [0.2, 0.2, 8.0], 'MAX_POINTS_PER_VOXEL': 20, 'MAX_NUMBER_OF_VOXELS': {'train': 30000, 'test': 30000}}]
2025-08-05 01:34:30,965   INFO  cfg.DATA_CONFIG._BASE_CONFIG_: cfgs/dataset_configs/nuscenes_dataset.yaml
2025-08-05 01:34:30,965   INFO  ----------- MODEL -----------
2025-08-05 01:34:30,965   INFO  cfg.MODEL.NAME: PointPillar
2025-08-05 01:34:30,965   INFO  ----------- VFE -----------
2025-08-05 01:34:30,965   INFO  cfg.MODEL.VFE.NAME: PillarVFE
2025-08-05 01:34:30,966   INFO  cfg.MODEL.VFE.WITH_DISTANCE: False
2025-08-05 01:34:30,966   INFO  cfg.MODEL.VFE.USE_ABSLOTE_XYZ: True
2025-08-05 01:34:30,966   INFO  cfg.MODEL.VFE.USE_NORM: True
2025-08-05 01:34:30,966   INFO  cfg.MODEL.VFE.NUM_FILTERS: [64]
2025-08-05 01:34:30,966   INFO  ----------- MAP_TO_BEV -----------
2025-08-05 01:34:30,966   INFO  cfg.MODEL.MAP_TO_BEV.NAME: PointPillarScatter
2025-08-05 01:34:30,966   INFO  cfg.MODEL.MAP_TO_BEV.NUM_BEV_FEATURES: 64
2025-08-05 01:34:30,966   INFO  ----------- BACKBONE_2D -----------
2025-08-05 01:34:30,966   INFO  cfg.MODEL.BACKBONE_2D.NAME: BaseBEVBackbone
2025-08-05 01:34:30,966   INFO  cfg.MODEL.BACKBONE_2D.LAYER_NUMS: [3, 5, 5]
2025-08-05 01:34:30,966   INFO  cfg.MODEL.BACKBONE_2D.LAYER_STRIDES: [2, 2, 2]
2025-08-05 01:34:30,966   INFO  cfg.MODEL.BACKBONE_2D.NUM_FILTERS: [64, 128, 256]
2025-08-05 01:34:30,966   INFO  cfg.MODEL.BACKBONE_2D.UPSAMPLE_STRIDES: [0.5, 1, 2]
2025-08-05 01:34:30,966   INFO  cfg.MODEL.BACKBONE_2D.NUM_UPSAMPLE_FILTERS: [128, 128, 128]
2025-08-05 01:34:30,966   INFO  ----------- DENSE_HEAD -----------
2025-08-05 01:34:30,966   INFO  cfg.MODEL.DENSE_HEAD.NAME: AnchorHeadMulti
2025-08-05 01:34:30,966   INFO  cfg.MODEL.DENSE_HEAD.CLASS_AGNOSTIC: False
2025-08-05 01:34:30,966   INFO  cfg.MODEL.DENSE_HEAD.DIR_OFFSET: 0.78539
2025-08-05 01:34:30,966   INFO  cfg.MODEL.DENSE_HEAD.DIR_LIMIT_OFFSET: 0.0
2025-08-05 01:34:30,966   INFO  cfg.MODEL.DENSE_HEAD.NUM_DIR_BINS: 2
2025-08-05 01:34:30,966   INFO  cfg.MODEL.DENSE_HEAD.USE_MULTIHEAD: True
2025-08-05 01:34:30,967   INFO  cfg.MODEL.DENSE_HEAD.SEPARATE_MULTIHEAD: True
2025-08-05 01:34:30,967   INFO  cfg.MODEL.DENSE_HEAD.ANCHOR_GENERATOR_CONFIG: [{'class_name': 'car', 'anchor_sizes': [[4.63, 1.97, 1.74]], 'anchor_rotations': [0, 1.57], 'anchor_bottom_heights': [-0.95], 'align_center': False, 'feature_map_stride': 4, 'matched_threshold': 0.6, 'unmatched_threshold': 0.45}, {'class_name': 'truck', 'anchor_sizes': [[6.93, 2.51, 2.84]], 'anchor_rotations': [0, 1.57], 'anchor_bottom_heights': [-0.6], 'align_center': False, 'feature_map_stride': 4, 'matched_threshold': 0.55, 'unmatched_threshold': 0.4}, {'class_name': 'construction_vehicle', 'anchor_sizes': [[6.37, 2.85, 3.19]], 'anchor_rotations': [0, 1.57], 'anchor_bottom_heights': [-0.225], 'align_center': False, 'feature_map_stride': 4, 'matched_threshold': 0.5, 'unmatched_threshold': 0.35}, {'class_name': 'bus', 'anchor_sizes': [[10.5, 2.94, 3.47]], 'anchor_rotations': [0, 1.57], 'anchor_bottom_heights': [-0.085], 'align_center': False, 'feature_map_stride': 4, 'matched_threshold': 0.55, 'unmatched_threshold': 0.4}, {'class_name': 'trailer', 'anchor_sizes': [[12.29, 2.9, 3.87]], 'anchor_rotations': [0, 1.57], 'anchor_bottom_heights': [0.115], 'align_center': False, 'feature_map_stride': 4, 'matched_threshold': 0.5, 'unmatched_threshold': 0.35}, {'class_name': 'barrier', 'anchor_sizes': [[0.5, 2.53, 0.98]], 'anchor_rotations': [0, 1.57], 'anchor_bottom_heights': [-1.33], 'align_center': False, 'feature_map_stride': 4, 'matched_threshold': 0.55, 'unmatched_threshold': 0.4}, {'class_name': 'motorcycle', 'anchor_sizes': [[2.11, 0.77, 1.47]], 'anchor_rotations': [0, 1.57], 'anchor_bottom_heights': [-1.085], 'align_center': False, 'feature_map_stride': 4, 'matched_threshold': 0.5, 'unmatched_threshold': 0.3}, {'class_name': 'bicycle', 'anchor_sizes': [[1.7, 0.6, 1.28]], 'anchor_rotations': [0, 1.57], 'anchor_bottom_heights': [-1.18], 'align_center': False, 'feature_map_stride': 4, 'matched_threshold': 0.5, 'unmatched_threshold': 0.35}, {'class_name': 'pedestrian', 'anchor_sizes': [[0.73, 0.67, 1.77]], 'anchor_rotations': [0, 1.57], 'anchor_bottom_heights': [-0.935], 'align_center': False, 'feature_map_stride': 4, 'matched_threshold': 0.6, 'unmatched_threshold': 0.4}, {'class_name': 'traffic_cone', 'anchor_sizes': [[0.41, 0.41, 1.07]], 'anchor_rotations': [0, 1.57], 'anchor_bottom_heights': [-1.285], 'align_center': False, 'feature_map_stride': 4, 'matched_threshold': 0.6, 'unmatched_threshold': 0.4}]
2025-08-05 01:34:30,967   INFO  cfg.MODEL.DENSE_HEAD.SHARED_CONV_NUM_FILTER: 64
2025-08-05 01:34:30,967   INFO  cfg.MODEL.DENSE_HEAD.RPN_HEAD_CFGS: [{'HEAD_CLS_NAME': ['car']}, {'HEAD_CLS_NAME': ['truck', 'construction_vehicle']}, {'HEAD_CLS_NAME': ['bus', 'trailer']}, {'HEAD_CLS_NAME': ['barrier']}, {'HEAD_CLS_NAME': ['motorcycle', 'bicycle']}, {'HEAD_CLS_NAME': ['pedestrian', 'traffic_cone']}]
2025-08-05 01:34:30,967   INFO  ----------- SEPARATE_REG_CONFIG -----------
2025-08-05 01:34:30,967   INFO  cfg.MODEL.DENSE_HEAD.SEPARATE_REG_CONFIG.NUM_MIDDLE_CONV: 1
2025-08-05 01:34:30,967   INFO  cfg.MODEL.DENSE_HEAD.SEPARATE_REG_CONFIG.NUM_MIDDLE_FILTER: 64
2025-08-05 01:34:30,967   INFO  cfg.MODEL.DENSE_HEAD.SEPARATE_REG_CONFIG.REG_LIST: ['reg:2', 'height:1', 'size:3', 'angle:2', 'velo:2']
2025-08-05 01:34:30,967   INFO  ----------- TARGET_ASSIGNER_CONFIG -----------
2025-08-05 01:34:30,967   INFO  cfg.MODEL.DENSE_HEAD.TARGET_ASSIGNER_CONFIG.NAME: AxisAlignedTargetAssigner
2025-08-05 01:34:30,967   INFO  cfg.MODEL.DENSE_HEAD.TARGET_ASSIGNER_CONFIG.POS_FRACTION: -1.0
2025-08-05 01:34:30,967   INFO  cfg.MODEL.DENSE_HEAD.TARGET_ASSIGNER_CONFIG.SAMPLE_SIZE: 512
2025-08-05 01:34:30,967   INFO  cfg.MODEL.DENSE_HEAD.TARGET_ASSIGNER_CONFIG.NORM_BY_NUM_EXAMPLES: False
2025-08-05 01:34:30,967   INFO  cfg.MODEL.DENSE_HEAD.TARGET_ASSIGNER_CONFIG.MATCH_HEIGHT: False
2025-08-05 01:34:30,967   INFO  cfg.MODEL.DENSE_HEAD.TARGET_ASSIGNER_CONFIG.BOX_CODER: ResidualCoder
2025-08-05 01:34:30,967   INFO  ----------- BOX_CODER_CONFIG -----------
2025-08-05 01:34:30,967   INFO  cfg.MODEL.DENSE_HEAD.TARGET_ASSIGNER_CONFIG.BOX_CODER_CONFIG.code_size: 9
2025-08-05 01:34:30,967   INFO  cfg.MODEL.DENSE_HEAD.TARGET_ASSIGNER_CONFIG.BOX_CODER_CONFIG.encode_angle_by_sincos: True
2025-08-05 01:34:30,967   INFO  ----------- LOSS_CONFIG -----------
2025-08-05 01:34:30,968   INFO  cfg.MODEL.DENSE_HEAD.LOSS_CONFIG.REG_LOSS_TYPE: WeightedL1Loss
2025-08-05 01:34:30,968   INFO  ----------- LOSS_WEIGHTS -----------
2025-08-05 01:34:30,968   INFO  cfg.MODEL.DENSE_HEAD.LOSS_CONFIG.LOSS_WEIGHTS.pos_cls_weight: 1.0
2025-08-05 01:34:30,968   INFO  cfg.MODEL.DENSE_HEAD.LOSS_CONFIG.LOSS_WEIGHTS.neg_cls_weight: 2.0
2025-08-05 01:34:30,968   INFO  cfg.MODEL.DENSE_HEAD.LOSS_CONFIG.LOSS_WEIGHTS.cls_weight: 1.0
2025-08-05 01:34:30,968   INFO  cfg.MODEL.DENSE_HEAD.LOSS_CONFIG.LOSS_WEIGHTS.loc_weight: 0.25
2025-08-05 01:34:30,968   INFO  cfg.MODEL.DENSE_HEAD.LOSS_CONFIG.LOSS_WEIGHTS.dir_weight: 0.2
2025-08-05 01:34:30,968   INFO  cfg.MODEL.DENSE_HEAD.LOSS_CONFIG.LOSS_WEIGHTS.code_weights: [1.0, 1.0, 1.0, 1.0, 1.0, 1.0, 1.0, 1.0, 0.2, 0.2]
2025-08-05 01:34:30,968   INFO  ----------- POST_PROCESSING -----------
2025-08-05 01:34:30,968   INFO  cfg.MODEL.POST_PROCESSING.RECALL_THRESH_LIST: [0.3, 0.5, 0.7]
2025-08-05 01:34:30,968   INFO  cfg.MODEL.POST_PROCESSING.SCORE_THRESH: 0.1
2025-08-05 01:34:30,968   INFO  cfg.MODEL.POST_PROCESSING.OUTPUT_RAW_SCORE: False
2025-08-05 01:34:30,968   INFO  cfg.MODEL.POST_PROCESSING.EVAL_METRIC: kitti
2025-08-05 01:34:30,968   INFO  ----------- NMS_CONFIG -----------
2025-08-05 01:34:30,968   INFO  cfg.MODEL.POST_PROCESSING.NMS_CONFIG.MULTI_CLASSES_NMS: True
2025-08-05 01:34:30,968   INFO  cfg.MODEL.POST_PROCESSING.NMS_CONFIG.NMS_TYPE: nms_gpu
2025-08-05 01:34:30,968   INFO  cfg.MODEL.POST_PROCESSING.NMS_CONFIG.NMS_THRESH: 0.2
2025-08-05 01:34:30,968   INFO  cfg.MODEL.POST_PROCESSING.NMS_CONFIG.NMS_PRE_MAXSIZE: 1000
2025-08-05 01:34:30,968   INFO  cfg.MODEL.POST_PROCESSING.NMS_CONFIG.NMS_POST_MAXSIZE: 83
2025-08-05 01:34:30,968   INFO  ----------- OPTIMIZATION -----------
2025-08-05 01:34:30,968   INFO  cfg.OPTIMIZATION.BATCH_SIZE_PER_GPU: 4
2025-08-05 01:34:30,968   INFO  cfg.OPTIMIZATION.NUM_EPOCHS: 20
2025-08-05 01:34:30,968   INFO  cfg.OPTIMIZATION.OPTIMIZER: adam_onecycle
2025-08-05 01:34:30,968   INFO  cfg.OPTIMIZATION.LR: 0.001
2025-08-05 01:34:30,968   INFO  cfg.OPTIMIZATION.WEIGHT_DECAY: 0.01
2025-08-05 01:34:30,969   INFO  cfg.OPTIMIZATION.MOMENTUM: 0.9
2025-08-05 01:34:30,969   INFO  cfg.OPTIMIZATION.MOMS: [0.95, 0.85]
2025-08-05 01:34:30,969   INFO  cfg.OPTIMIZATION.PCT_START: 0.4
2025-08-05 01:34:30,969   INFO  cfg.OPTIMIZATION.DIV_FACTOR: 10
2025-08-05 01:34:30,969   INFO  cfg.OPTIMIZATION.DECAY_STEP_LIST: [35, 45]
2025-08-05 01:34:30,969   INFO  cfg.OPTIMIZATION.LR_DECAY: 0.1
2025-08-05 01:34:30,969   INFO  cfg.OPTIMIZATION.LR_CLIP: 1e-07
2025-08-05 01:34:30,969   INFO  cfg.OPTIMIZATION.LR_WARMUP: False
2025-08-05 01:34:30,969   INFO  cfg.OPTIMIZATION.WARMUP_EPOCH: 1
2025-08-05 01:34:30,969   INFO  cfg.OPTIMIZATION.GRAD_NORM_CLIP: 10
2025-08-05 01:34:30,969   INFO  cfg.TAG: cbgs_pp_multihead
2025-08-05 01:34:30,969   INFO  cfg.EXP_GROUP_PATH: nuscenes_models
2025-08-05 01:34:30,975   INFO  ----------- Create dataloader & network & optimizer -----------
2025-08-05 01:34:31,026   INFO  Database filter by min points car: 4082 => 3303
2025-08-05 01:34:31,027   INFO  Database filter by min points truck: 451 => 412
2025-08-05 01:34:31,027   INFO  Database filter by min points construction_vehicle: 174 => 161
2025-08-05 01:34:31,027   INFO  Database filter by min points bus: 337 => 309
2025-08-05 01:34:31,027   INFO  Database filter by min points trailer: 59 => 57
2025-08-05 01:34:31,027   INFO  Database filter by min points barrier: 1851 => 1741
2025-08-05 01:34:31,027   INFO  Database filter by min points motorcycle: 179 => 149
2025-08-05 01:34:31,027   INFO  Database filter by min points bicycle: 147 => 136
2025-08-05 01:34:31,028   INFO  Database filter by min points pedestrian: 3068 => 2799
2025-08-05 01:34:31,028   INFO  Database filter by min points traffic_cone: 773 => 635
2025-08-05 01:34:31,029   INFO  Loading NuScenes dataset
2025-08-05 01:34:31,056   INFO  Total samples for NuScenes dataset: 323
2025-08-05 01:34:31,059   INFO  Total samples after balanced resampling: 1630
2025-08-05 01:34:43,243   INFO  ----------- Model PointPillar created, param count: 6078636 -----------
2025-08-05 01:34:43,244   INFO  PointPillar(
  (vfe): PillarVFE(
    (pfn_layers): ModuleList(
      (0): PFNLayer(
        (linear): Linear(in_features=11, out_features=64, bias=False)
        (norm): BatchNorm1d(64, eps=0.001, momentum=0.01, affine=True, track_running_stats=True)
      )
    )
  )
  (backbone_3d): None
  (map_to_bev_module): PointPillarScatter()
  (pfe): None
  (backbone_2d): BaseBEVBackbone(
    (blocks): ModuleList(
      (0): Sequential(
        (0): ZeroPad2d(padding=(1, 1, 1, 1), value=0.0)
        (1): Conv2d(64, 64, kernel_size=(3, 3), stride=(2, 2), bias=False)
        (2): BatchNorm2d(64, eps=0.001, momentum=0.01, affine=True, track_running_stats=True)
        (3): ReLU()
        (4): Conv2d(64, 64, kernel_size=(3, 3), stride=(1, 1), padding=(1, 1), bias=False)
        (5): BatchNorm2d(64, eps=0.001, momentum=0.01, affine=True, track_running_stats=True)
        (6): ReLU()
        (7): Conv2d(64, 64, kernel_size=(3, 3), stride=(1, 1), padding=(1, 1), bias=False)
        (8): BatchNorm2d(64, eps=0.001, momentum=0.01, affine=True, track_running_stats=True)
        (9): ReLU()
        (10): Conv2d(64, 64, kernel_size=(3, 3), stride=(1, 1), padding=(1, 1), bias=False)
        (11): BatchNorm2d(64, eps=0.001, momentum=0.01, affine=True, track_running_stats=True)
        (12): ReLU()
      )
      (1): Sequential(
        (0): ZeroPad2d(padding=(1, 1, 1, 1), value=0.0)
        (1): Conv2d(64, 128, kernel_size=(3, 3), stride=(2, 2), bias=False)
        (2): BatchNorm2d(128, eps=0.001, momentum=0.01, affine=True, track_running_stats=True)
        (3): ReLU()
        (4): Conv2d(128, 128, kernel_size=(3, 3), stride=(1, 1), padding=(1, 1), bias=False)
        (5): BatchNorm2d(128, eps=0.001, momentum=0.01, affine=True, track_running_stats=True)
        (6): ReLU()
        (7): Conv2d(128, 128, kernel_size=(3, 3), stride=(1, 1), padding=(1, 1), bias=False)
        (8): BatchNorm2d(128, eps=0.001, momentum=0.01, affine=True, track_running_stats=True)
        (9): ReLU()
        (10): Conv2d(128, 128, kernel_size=(3, 3), stride=(1, 1), padding=(1, 1), bias=False)
        (11): BatchNorm2d(128, eps=0.001, momentum=0.01, affine=True, track_running_stats=True)
        (12): ReLU()
        (13): Conv2d(128, 128, kernel_size=(3, 3), stride=(1, 1), padding=(1, 1), bias=False)
        (14): BatchNorm2d(128, eps=0.001, momentum=0.01, affine=True, track_running_stats=True)
        (15): ReLU()
        (16): Conv2d(128, 128, kernel_size=(3, 3), stride=(1, 1), padding=(1, 1), bias=False)
        (17): BatchNorm2d(128, eps=0.001, momentum=0.01, affine=True, track_running_stats=True)
        (18): ReLU()
      )
      (2): Sequential(
        (0): ZeroPad2d(padding=(1, 1, 1, 1), value=0.0)
        (1): Conv2d(128, 256, kernel_size=(3, 3), stride=(2, 2), bias=False)
        (2): BatchNorm2d(256, eps=0.001, momentum=0.01, affine=True, track_running_stats=True)
        (3): ReLU()
        (4): Conv2d(256, 256, kernel_size=(3, 3), stride=(1, 1), padding=(1, 1), bias=False)
        (5): BatchNorm2d(256, eps=0.001, momentum=0.01, affine=True, track_running_stats=True)
        (6): ReLU()
        (7): Conv2d(256, 256, kernel_size=(3, 3), stride=(1, 1), padding=(1, 1), bias=False)
        (8): BatchNorm2d(256, eps=0.001, momentum=0.01, affine=True, track_running_stats=True)
        (9): ReLU()
        (10): Conv2d(256, 256, kernel_size=(3, 3), stride=(1, 1), padding=(1, 1), bias=False)
        (11): BatchNorm2d(256, eps=0.001, momentum=0.01, affine=True, track_running_stats=True)
        (12): ReLU()
        (13): Conv2d(256, 256, kernel_size=(3, 3), stride=(1, 1), padding=(1, 1), bias=False)
        (14): BatchNorm2d(256, eps=0.001, momentum=0.01, affine=True, track_running_stats=True)
        (15): ReLU()
        (16): Conv2d(256, 256, kernel_size=(3, 3), stride=(1, 1), padding=(1, 1), bias=False)
        (17): BatchNorm2d(256, eps=0.001, momentum=0.01, affine=True, track_running_stats=True)
        (18): ReLU()
      )
    )
    (deblocks): ModuleList(
      (0): Sequential(
        (0): Conv2d(64, 128, kernel_size=(2, 2), stride=(2, 2), bias=False)
        (1): BatchNorm2d(128, eps=0.001, momentum=0.01, affine=True, track_running_stats=True)
        (2): ReLU()
      )
      (1): Sequential(
        (0): ConvTranspose2d(128, 128, kernel_size=(1, 1), stride=(1, 1), bias=False)
        (1): BatchNorm2d(128, eps=0.001, momentum=0.01, affine=True, track_running_stats=True)
        (2): ReLU()
      )
      (2): Sequential(
        (0): ConvTranspose2d(256, 128, kernel_size=(2, 2), stride=(2, 2), bias=False)
        (1): BatchNorm2d(128, eps=0.001, momentum=0.01, affine=True, track_running_stats=True)
        (2): ReLU()
      )
    )
  )
  (dense_head): AnchorHeadMulti(
    (cls_loss_func): SigmoidFocalClassificationLoss()
    (reg_loss_func): WeightedL1Loss()
    (dir_loss_func): WeightedCrossEntropyLoss()
    (shared_conv): Sequential(
      (0): Conv2d(384, 64, kernel_size=(3, 3), stride=(1, 1), padding=(1, 1), bias=False)
      (1): BatchNorm2d(64, eps=0.001, momentum=0.01, affine=True, track_running_stats=True)
      (2): ReLU()
    )
    (rpn_heads): ModuleList(
      (0): SingleHead(
        (blocks): ModuleList()
        (deblocks): ModuleList()
        (conv_box): ModuleDict(
          (conv_reg): Sequential(
            (0): Conv2d(64, 64, kernel_size=(3, 3), stride=(1, 1), padding=(1, 1), bias=False)
            (1): BatchNorm2d(64, eps=1e-05, momentum=0.1, affine=True, track_running_stats=True)
            (2): ReLU()
            (3): Conv2d(64, 4, kernel_size=(3, 3), stride=(1, 1), padding=(1, 1))
          )
          (conv_height): Sequential(
            (0): Conv2d(64, 64, kernel_size=(3, 3), stride=(1, 1), padding=(1, 1), bias=False)
            (1): BatchNorm2d(64, eps=1e-05, momentum=0.1, affine=True, track_running_stats=True)
            (2): ReLU()
            (3): Conv2d(64, 2, kernel_size=(3, 3), stride=(1, 1), padding=(1, 1))
          )
          (conv_size): Sequential(
            (0): Conv2d(64, 64, kernel_size=(3, 3), stride=(1, 1), padding=(1, 1), bias=False)
            (1): BatchNorm2d(64, eps=1e-05, momentum=0.1, affine=True, track_running_stats=True)
            (2): ReLU()
            (3): Conv2d(64, 6, kernel_size=(3, 3), stride=(1, 1), padding=(1, 1))
          )
          (conv_angle): Sequential(
            (0): Conv2d(64, 64, kernel_size=(3, 3), stride=(1, 1), padding=(1, 1), bias=False)
            (1): BatchNorm2d(64, eps=1e-05, momentum=0.1, affine=True, track_running_stats=True)
            (2): ReLU()
            (3): Conv2d(64, 4, kernel_size=(3, 3), stride=(1, 1), padding=(1, 1))
          )
          (conv_velo): Sequential(
            (0): Conv2d(64, 64, kernel_size=(3, 3), stride=(1, 1), padding=(1, 1), bias=False)
            (1): BatchNorm2d(64, eps=1e-05, momentum=0.1, affine=True, track_running_stats=True)
            (2): ReLU()
            (3): Conv2d(64, 4, kernel_size=(3, 3), stride=(1, 1), padding=(1, 1))
          )
        )
        (conv_cls): Sequential(
          (0): Conv2d(64, 64, kernel_size=(3, 3), stride=(1, 1), padding=(1, 1), bias=False)
          (1): BatchNorm2d(64, eps=1e-05, momentum=0.1, affine=True, track_running_stats=True)
          (2): ReLU()
          (3): Conv2d(64, 2, kernel_size=(3, 3), stride=(1, 1), padding=(1, 1))
        )
      )
      (1): SingleHead(
        (blocks): ModuleList()
        (deblocks): ModuleList()
        (conv_box): ModuleDict(
          (conv_reg): Sequential(
            (0): Conv2d(64, 64, kernel_size=(3, 3), stride=(1, 1), padding=(1, 1), bias=False)
            (1): BatchNorm2d(64, eps=1e-05, momentum=0.1, affine=True, track_running_stats=True)
            (2): ReLU()
            (3): Conv2d(64, 8, kernel_size=(3, 3), stride=(1, 1), padding=(1, 1))
          )
          (conv_height): Sequential(
            (0): Conv2d(64, 64, kernel_size=(3, 3), stride=(1, 1), padding=(1, 1), bias=False)
            (1): BatchNorm2d(64, eps=1e-05, momentum=0.1, affine=True, track_running_stats=True)
            (2): ReLU()
            (3): Conv2d(64, 4, kernel_size=(3, 3), stride=(1, 1), padding=(1, 1))
          )
          (conv_size): Sequential(
            (0): Conv2d(64, 64, kernel_size=(3, 3), stride=(1, 1), padding=(1, 1), bias=False)
            (1): BatchNorm2d(64, eps=1e-05, momentum=0.1, affine=True, track_running_stats=True)
            (2): ReLU()
            (3): Conv2d(64, 12, kernel_size=(3, 3), stride=(1, 1), padding=(1, 1))
          )
          (conv_angle): Sequential(
            (0): Conv2d(64, 64, kernel_size=(3, 3), stride=(1, 1), padding=(1, 1), bias=False)
            (1): BatchNorm2d(64, eps=1e-05, momentum=0.1, affine=True, track_running_stats=True)
            (2): ReLU()
            (3): Conv2d(64, 8, kernel_size=(3, 3), stride=(1, 1), padding=(1, 1))
          )
          (conv_velo): Sequential(
            (0): Conv2d(64, 64, kernel_size=(3, 3), stride=(1, 1), padding=(1, 1), bias=False)
            (1): BatchNorm2d(64, eps=1e-05, momentum=0.1, affine=True, track_running_stats=True)
            (2): ReLU()
            (3): Conv2d(64, 8, kernel_size=(3, 3), stride=(1, 1), padding=(1, 1))
          )
        )
        (conv_cls): Sequential(
          (0): Conv2d(64, 64, kernel_size=(3, 3), stride=(1, 1), padding=(1, 1), bias=False)
          (1): BatchNorm2d(64, eps=1e-05, momentum=0.1, affine=True, track_running_stats=True)
          (2): ReLU()
          (3): Conv2d(64, 8, kernel_size=(3, 3), stride=(1, 1), padding=(1, 1))
        )
      )
      (2): SingleHead(
        (blocks): ModuleList()
        (deblocks): ModuleList()
        (conv_box): ModuleDict(
          (conv_reg): Sequential(
            (0): Conv2d(64, 64, kernel_size=(3, 3), stride=(1, 1), padding=(1, 1), bias=False)
            (1): BatchNorm2d(64, eps=1e-05, momentum=0.1, affine=True, track_running_stats=True)
            (2): ReLU()
            (3): Conv2d(64, 8, kernel_size=(3, 3), stride=(1, 1), padding=(1, 1))
          )
          (conv_height): Sequential(
            (0): Conv2d(64, 64, kernel_size=(3, 3), stride=(1, 1), padding=(1, 1), bias=False)
            (1): BatchNorm2d(64, eps=1e-05, momentum=0.1, affine=True, track_running_stats=True)
            (2): ReLU()
            (3): Conv2d(64, 4, kernel_size=(3, 3), stride=(1, 1), padding=(1, 1))
          )
          (conv_size): Sequential(
            (0): Conv2d(64, 64, kernel_size=(3, 3), stride=(1, 1), padding=(1, 1), bias=False)
            (1): BatchNorm2d(64, eps=1e-05, momentum=0.1, affine=True, track_running_stats=True)
            (2): ReLU()
            (3): Conv2d(64, 12, kernel_size=(3, 3), stride=(1, 1), padding=(1, 1))
          )
          (conv_angle): Sequential(
            (0): Conv2d(64, 64, kernel_size=(3, 3), stride=(1, 1), padding=(1, 1), bias=False)
            (1): BatchNorm2d(64, eps=1e-05, momentum=0.1, affine=True, track_running_stats=True)
            (2): ReLU()
            (3): Conv2d(64, 8, kernel_size=(3, 3), stride=(1, 1), padding=(1, 1))
          )
          (conv_velo): Sequential(
            (0): Conv2d(64, 64, kernel_size=(3, 3), stride=(1, 1), padding=(1, 1), bias=False)
            (1): BatchNorm2d(64, eps=1e-05, momentum=0.1, affine=True, track_running_stats=True)
            (2): ReLU()
            (3): Conv2d(64, 8, kernel_size=(3, 3), stride=(1, 1), padding=(1, 1))
          )
        )
        (conv_cls): Sequential(
          (0): Conv2d(64, 64, kernel_size=(3, 3), stride=(1, 1), padding=(1, 1), bias=False)
          (1): BatchNorm2d(64, eps=1e-05, momentum=0.1, affine=True, track_running_stats=True)
          (2): ReLU()
          (3): Conv2d(64, 8, kernel_size=(3, 3), stride=(1, 1), padding=(1, 1))
        )
      )
      (3): SingleHead(
        (blocks): ModuleList()
        (deblocks): ModuleList()
        (conv_box): ModuleDict(
          (conv_reg): Sequential(
            (0): Conv2d(64, 64, kernel_size=(3, 3), stride=(1, 1), padding=(1, 1), bias=False)
            (1): BatchNorm2d(64, eps=1e-05, momentum=0.1, affine=True, track_running_stats=True)
            (2): ReLU()
            (3): Conv2d(64, 4, kernel_size=(3, 3), stride=(1, 1), padding=(1, 1))
          )
          (conv_height): Sequential(
            (0): Conv2d(64, 64, kernel_size=(3, 3), stride=(1, 1), padding=(1, 1), bias=False)
            (1): BatchNorm2d(64, eps=1e-05, momentum=0.1, affine=True, track_running_stats=True)
            (2): ReLU()
            (3): Conv2d(64, 2, kernel_size=(3, 3), stride=(1, 1), padding=(1, 1))
          )
          (conv_size): Sequential(
            (0): Conv2d(64, 64, kernel_size=(3, 3), stride=(1, 1), padding=(1, 1), bias=False)
            (1): BatchNorm2d(64, eps=1e-05, momentum=0.1, affine=True, track_running_stats=True)
            (2): ReLU()
            (3): Conv2d(64, 6, kernel_size=(3, 3), stride=(1, 1), padding=(1, 1))
          )
          (conv_angle): Sequential(
            (0): Conv2d(64, 64, kernel_size=(3, 3), stride=(1, 1), padding=(1, 1), bias=False)
            (1): BatchNorm2d(64, eps=1e-05, momentum=0.1, affine=True, track_running_stats=True)
            (2): ReLU()
            (3): Conv2d(64, 4, kernel_size=(3, 3), stride=(1, 1), padding=(1, 1))
          )
          (conv_velo): Sequential(
            (0): Conv2d(64, 64, kernel_size=(3, 3), stride=(1, 1), padding=(1, 1), bias=False)
            (1): BatchNorm2d(64, eps=1e-05, momentum=0.1, affine=True, track_running_stats=True)
            (2): ReLU()
            (3): Conv2d(64, 4, kernel_size=(3, 3), stride=(1, 1), padding=(1, 1))
          )
        )
        (conv_cls): Sequential(
          (0): Conv2d(64, 64, kernel_size=(3, 3), stride=(1, 1), padding=(1, 1), bias=False)
          (1): BatchNorm2d(64, eps=1e-05, momentum=0.1, affine=True, track_running_stats=True)
          (2): ReLU()
          (3): Conv2d(64, 2, kernel_size=(3, 3), stride=(1, 1), padding=(1, 1))
        )
      )
      (4): SingleHead(
        (blocks): ModuleList()
        (deblocks): ModuleList()
        (conv_box): ModuleDict(
          (conv_reg): Sequential(
            (0): Conv2d(64, 64, kernel_size=(3, 3), stride=(1, 1), padding=(1, 1), bias=False)
            (1): BatchNorm2d(64, eps=1e-05, momentum=0.1, affine=True, track_running_stats=True)
            (2): ReLU()
            (3): Conv2d(64, 8, kernel_size=(3, 3), stride=(1, 1), padding=(1, 1))
          )
          (conv_height): Sequential(
            (0): Conv2d(64, 64, kernel_size=(3, 3), stride=(1, 1), padding=(1, 1), bias=False)
            (1): BatchNorm2d(64, eps=1e-05, momentum=0.1, affine=True, track_running_stats=True)
            (2): ReLU()
            (3): Conv2d(64, 4, kernel_size=(3, 3), stride=(1, 1), padding=(1, 1))
          )
          (conv_size): Sequential(
            (0): Conv2d(64, 64, kernel_size=(3, 3), stride=(1, 1), padding=(1, 1), bias=False)
            (1): BatchNorm2d(64, eps=1e-05, momentum=0.1, affine=True, track_running_stats=True)
            (2): ReLU()
            (3): Conv2d(64, 12, kernel_size=(3, 3), stride=(1, 1), padding=(1, 1))
          )
          (conv_angle): Sequential(
            (0): Conv2d(64, 64, kernel_size=(3, 3), stride=(1, 1), padding=(1, 1), bias=False)
            (1): BatchNorm2d(64, eps=1e-05, momentum=0.1, affine=True, track_running_stats=True)
            (2): ReLU()
            (3): Conv2d(64, 8, kernel_size=(3, 3), stride=(1, 1), padding=(1, 1))
          )
          (conv_velo): Sequential(
            (0): Conv2d(64, 64, kernel_size=(3, 3), stride=(1, 1), padding=(1, 1), bias=False)
            (1): BatchNorm2d(64, eps=1e-05, momentum=0.1, affine=True, track_running_stats=True)
            (2): ReLU()
            (3): Conv2d(64, 8, kernel_size=(3, 3), stride=(1, 1), padding=(1, 1))
          )
        )
        (conv_cls): Sequential(
          (0): Conv2d(64, 64, kernel_size=(3, 3), stride=(1, 1), padding=(1, 1), bias=False)
          (1): BatchNorm2d(64, eps=1e-05, momentum=0.1, affine=True, track_running_stats=True)
          (2): ReLU()
          (3): Conv2d(64, 8, kernel_size=(3, 3), stride=(1, 1), padding=(1, 1))
        )
      )
      (5): SingleHead(
        (blocks): ModuleList()
        (deblocks): ModuleList()
        (conv_box): ModuleDict(
          (conv_reg): Sequential(
            (0): Conv2d(64, 64, kernel_size=(3, 3), stride=(1, 1), padding=(1, 1), bias=False)
            (1): BatchNorm2d(64, eps=1e-05, momentum=0.1, affine=True, track_running_stats=True)
            (2): ReLU()
            (3): Conv2d(64, 8, kernel_size=(3, 3), stride=(1, 1), padding=(1, 1))
          )
          (conv_height): Sequential(
            (0): Conv2d(64, 64, kernel_size=(3, 3), stride=(1, 1), padding=(1, 1), bias=False)
            (1): BatchNorm2d(64, eps=1e-05, momentum=0.1, affine=True, track_running_stats=True)
            (2): ReLU()
            (3): Conv2d(64, 4, kernel_size=(3, 3), stride=(1, 1), padding=(1, 1))
          )
          (conv_size): Sequential(
            (0): Conv2d(64, 64, kernel_size=(3, 3), stride=(1, 1), padding=(1, 1), bias=False)
            (1): BatchNorm2d(64, eps=1e-05, momentum=0.1, affine=True, track_running_stats=True)
            (2): ReLU()
            (3): Conv2d(64, 12, kernel_size=(3, 3), stride=(1, 1), padding=(1, 1))
          )
          (conv_angle): Sequential(
            (0): Conv2d(64, 64, kernel_size=(3, 3), stride=(1, 1), padding=(1, 1), bias=False)
            (1): BatchNorm2d(64, eps=1e-05, momentum=0.1, affine=True, track_running_stats=True)
            (2): ReLU()
            (3): Conv2d(64, 8, kernel_size=(3, 3), stride=(1, 1), padding=(1, 1))
          )
          (conv_velo): Sequential(
            (0): Conv2d(64, 64, kernel_size=(3, 3), stride=(1, 1), padding=(1, 1), bias=False)
            (1): BatchNorm2d(64, eps=1e-05, momentum=0.1, affine=True, track_running_stats=True)
            (2): ReLU()
            (3): Conv2d(64, 8, kernel_size=(3, 3), stride=(1, 1), padding=(1, 1))
          )
        )
        (conv_cls): Sequential(
          (0): Conv2d(64, 64, kernel_size=(3, 3), stride=(1, 1), padding=(1, 1), bias=False)
          (1): BatchNorm2d(64, eps=1e-05, momentum=0.1, affine=True, track_running_stats=True)
          (2): ReLU()
          (3): Conv2d(64, 8, kernel_size=(3, 3), stride=(1, 1), padding=(1, 1))
        )
      )
    )
  )
  (point_head): None
  (roi_head): None
)
2025-08-05 01:34:43,246   INFO  **********************Start training nuscenes_models/cbgs_pp_multihead(default)**********************
2025-08-05 01:34:53,875   INFO  Train:    1/20 (  5%) [   0/408 (  0%)]  Loss: 9.515 (9.51)  LR: 1.000e-04  Time cost: 00:09/1:05:47 [00:10/21:55:52]  Acc_iter 1           Data time: 3.18(3.18)  Forward time: 6.49(6.49)  Batch time: 9.67(9.67)
2025-08-05 01:38:17,351   INFO  Train:    1/20 (  5%) [  49/408 ( 12%)]  Loss: 1.684 (4.35)  LR: 1.005e-04  Time cost: 03:33/25:30 [03:34/9:36:18]  Acc_iter 50          Data time: 0.01(0.08)  Forward time: 2.95(4.19)  Batch time: 2.96(4.26)
2025-08-05 01:39:47,125   INFO  Save latest model to /home/lidar/OpenPCDet/output/nuscenes_models/cbgs_pp_multihead/default/ckpt/latest_model
2025-08-05 01:40:37,992   INFO  Train:    1/20 (  5%) [  99/408 ( 24%)]  Loss: 1.683 (3.05)  LR: 1.020e-04  Time cost: 05:53/18:13 [05:54/7:55:19]  Acc_iter 100         Data time: 0.01(0.05)  Forward time: 3.24(3.49)  Batch time: 3.25(3.54)
2025-08-05 01:44:23,547   INFO  Train:    1/20 (  5%) [ 149/408 ( 37%)]  Loss: 1.429 (2.56)  LR: 1.046e-04  Time cost: 09:39/16:40 [09:40/8:35:41]  Acc_iter 150         Data time: 0.01(0.04)  Forward time: 6.66(3.82)  Batch time: 6.67(3.86)
2025-08-05 01:44:24,005   INFO  
2025-08-05 01:44:44,615   INFO  Save latest model to /home/lidar/OpenPCDet/output/nuscenes_models/cbgs_pp_multihead/default/ckpt/latest_model
2025-08-05 01:48:33,967   INFO  Train:    1/20 (  5%) [ 199/408 ( 49%)]  Loss: 1.799 (2.31)  LR: 1.082e-04  Time cost: 13:49/14:27 [13:50/9:10:29]  Acc_iter 200         Data time: 0.01(0.04)  Forward time: 5.49(4.11)  Batch time: 5.50(4.15)
2025-08-05 01:49:46,673   INFO  Save latest model to /home/lidar/OpenPCDet/output/nuscenes_models/cbgs_pp_multihead/default/ckpt/latest_model
2025-08-05 01:52:45,154   INFO  Train:    1/20 (  5%) [ 249/408 ( 61%)]  Loss: 1.488 (2.15)  LR: 1.129e-04  Time cost: 18:00/11:27 [18:01/9:30:05]  Acc_iter 250         Data time: 0.02(0.03)  Forward time: 5.96(4.29)  Batch time: 5.98(4.32)
2025-08-05 01:54:46,815   INFO  Save latest model to /home/lidar/OpenPCDet/output/nuscenes_models/cbgs_pp_multihead/default/ckpt/latest_model
2025-08-05 01:56:56,604   INFO  Train:    1/20 (  5%) [ 299/408 ( 73%)]  Loss: 1.525 (2.04)  LR: 1.185e-04  Time cost: 22:12/08:04 [22:13/9:41:53]  Acc_iter 300         Data time: 0.01(0.03)  Forward time: 5.81(4.41)  Batch time: 5.82(4.44)
2025-08-05 01:56:56,801   INFO  
2025-08-05 01:59:45,564   INFO  Save latest model to /home/lidar/OpenPCDet/output/nuscenes_models/cbgs_pp_multihead/default/ckpt/latest_model
2025-08-05 02:00:53,012   INFO  Train:    1/20 (  5%) [ 349/408 ( 86%)]  Loss: 1.457 (1.96)  LR: 1.252e-04  Time cost: 26:08/04:24 [26:09/9:43:31]  Acc_iter 350         Data time: 0.02(0.03)  Forward time: 5.07(4.45)  Batch time: 5.08(4.48)
2025-08-05 02:04:49,749   INFO  Save latest model to /home/lidar/OpenPCDet/output/nuscenes_models/cbgs_pp_multihead/default/ckpt/latest_model
2025-08-05 02:05:01,217   INFO  Train:    1/20 (  5%) [ 399/408 ( 98%)]  Loss: 1.460 (1.90)  LR: 1.328e-04  Time cost: 30:17/00:40 [30:17/9:47:34]  Acc_iter 400         Data time: 0.02(0.03)  Forward time: 5.56(4.52)  Batch time: 5.58(4.54)
2025-08-05 02:05:36,016   INFO  Train:    1/20 (  5%) [ 407/408 (100%)]  Loss: 1.560 (1.89)  LR: 1.341e-04  Time cost: 30:51/00:04 [30:52/9:46:29]  Acc_iter 408         Data time: 0.01(0.03)  Forward time: -1.21(4.51)  Batch time: -1.20(4.54)
2025-08-05 02:05:42,974   INFO  Train:    2/20 ( 10%) [   0/408 (  0%)]  Loss: 1.519 (1.52)  LR: 1.343e-04  Time cost: 00:06/41:19 [30:59/13:05:02]  Acc_iter 409         Data time: 2.87(2.87)  Forward time: 3.20(3.20)  Batch time: 6.07(6.07)
2025-08-05 02:09:01,629   INFO  Train:    2/20 ( 10%) [  41/408 ( 10%)]  Loss: 1.497 (1.46)  LR: 1.414e-04  Time cost: 03:24/29:48 [34:18/10:26:27]  Acc_iter 450         Data time: 0.01(0.08)  Forward time: 3.14(4.79)  Batch time: 3.15(4.87)
2025-08-05 02:09:01,827   INFO  
2025-08-05 02:10:39,784   INFO  Save latest model to /home/lidar/OpenPCDet/output/nuscenes_models/cbgs_pp_multihead/default/ckpt/latest_model
2025-08-05 02:13:26,398   INFO  Train:    2/20 ( 10%) [  91/408 ( 22%)]  Loss: 1.364 (1.45)  LR: 1.509e-04  Time cost: 07:49/26:57 [38:43/10:51:36]  Acc_iter 500         Data time: 0.01(0.07)  Forward time: 4.93(5.03)  Batch time: 4.95(5.10)
2025-08-05 02:15:41,401   INFO  Save latest model to /home/lidar/OpenPCDet/output/nuscenes_models/cbgs_pp_multihead/default/ckpt/latest_model
2025-08-05 02:17:40,816   INFO  Train:    2/20 ( 10%) [ 141/408 ( 35%)]  Loss: 1.432 (1.44)  LR: 1.614e-04  Time cost: 12:03/22:41 [42:57/10:46:41]  Acc_iter 550         Data time: 0.01(0.05)  Forward time: 2.10(5.05)  Batch time: 2.11(5.10)
2025-08-05 02:20:37,765   INFO  Save latest model to /home/lidar/OpenPCDet/output/nuscenes_models/cbgs_pp_multihead/default/ckpt/latest_model
2025-08-05 02:21:58,347   INFO  Train:    2/20 ( 10%) [ 191/408 ( 47%)]  Loss: 1.381 (1.43)  LR: 1.727e-04  Time cost: 16:21/18:29 [47:15/10:44:09]  Acc_iter 600         Data time: 0.01(0.04)  Forward time: 5.07(5.07)  Batch time: 5.08(5.11)
2025-08-05 02:21:58,553   INFO  
2025-08-05 02:25:41,520   INFO  Save latest model to /home/lidar/OpenPCDet/output/nuscenes_models/cbgs_pp_multihead/default/ckpt/latest_model
2025-08-05 02:26:16,611   INFO  Train:    2/20 ( 10%) [ 241/408 ( 59%)]  Loss: 1.392 (1.42)  LR: 1.850e-04  Time cost: 20:39/14:15 [51:33/10:41:17]  Acc_iter 650         Data time: 0.01(0.04)  Forward time: 5.99(5.08)  Batch time: 6.01(5.12)
2025-08-05 02:30:32,448   INFO  Train:    2/20 ( 10%) [ 291/408 ( 71%)]  Loss: 1.366 (1.41)  LR: 1.981e-04  Time cost: 24:55/09:59 [55:49/10:36:53]  Acc_iter 700         Data time: 0.01(0.03)  Forward time: 5.13(5.09)  Batch time: 5.14(5.12)
2025-08-05 02:30:38,304   INFO  Save latest model to /home/lidar/OpenPCDet/output/nuscenes_models/cbgs_pp_multihead/default/ckpt/latest_model
2025-08-05 02:34:39,114   INFO  Train:    2/20 ( 10%) [ 341/408 ( 84%)]  Loss: 1.332 (1.41)  LR: 2.120e-04  Time cost: 29:02/05:41 [59:55/10:29:13]  Acc_iter 750         Data time: 0.01(0.03)  Forward time: 7.38(5.06)  Batch time: 7.39(5.09)
2025-08-05 02:34:39,315   INFO  
2025-08-05 02:35:41,678   INFO  Save latest model to /home/lidar/OpenPCDet/output/nuscenes_models/cbgs_pp_multihead/default/ckpt/latest_model
2025-08-05 02:38:54,821   INFO  Train:    2/20 ( 10%) [ 391/408 ( 96%)]  Loss: 1.352 (1.40)  LR: 2.266e-04  Time cost: 33:17/01:26 [1:04:11/10:25:17]  Acc_iter 800         Data time: 0.01(0.03)  Forward time: 3.86(5.07)  Batch time: 3.87(5.10)
2025-08-05 02:40:19,284   INFO  Train:    2/20 ( 10%) [ 407/408 (100%)]  Loss: 1.387 (1.40)  LR: 2.315e-04  Time cost: 34:42/00:05 [1:05:36/10:24:48]  Acc_iter 816         Data time: 0.01(0.03)  Forward time: 1.83(5.07)  Batch time: 1.85(5.10)
2025-08-05 02:40:27,324   INFO  Train:    3/20 ( 15%) [   0/408 (  0%)]  Loss: 1.305 (1.31)  LR: 2.318e-04  Time cost: 00:07/49:20 [1:05:44/14:48:11]  Acc_iter 817         Data time: 2.10(2.10)  Forward time: 5.14(5.14)  Batch time: 7.24(7.24)
2025-08-05 02:43:15,759   INFO  Train:    3/20 ( 15%) [  33/408 (  8%)]  Loss: 1.434 (1.33)  LR: 2.421e-04  Time cost: 02:55/32:17 [1:08:32/10:29:38]  Acc_iter 850         Data time: 0.01(0.07)  Forward time: 2.39(5.09)  Batch time: 2.39(5.17)
2025-08-05 02:45:20,471   INFO  Save latest model to /home/lidar/OpenPCDet/output/nuscenes_models/cbgs_pp_multihead/default/ckpt/latest_model
2025-08-05 02:47:43,922   INFO  Train:    3/20 ( 15%) [  83/408 ( 20%)]  Loss: 1.344 (1.32)  LR: 2.582e-04  Time cost: 07:23/28:37 [1:13:00/10:39:26]  Acc_iter 900         Data time: 0.01(0.04)  Forward time: 3.09(5.24)  Batch time: 3.11(5.28)
2025-08-05 02:47:44,155   INFO  
2025-08-05 02:50:25,630   INFO  Save latest model to /home/lidar/OpenPCDet/output/nuscenes_models/cbgs_pp_multihead/default/ckpt/latest_model
2025-08-05 02:51:57,751   INFO  Train:    3/20 ( 15%) [ 133/408 ( 33%)]  Loss: 1.254 (1.30)  LR: 2.750e-04  Time cost: 11:37/23:51 [1:17:14/10:25:44]  Acc_iter 950         Data time: 0.02(0.03)  Forward time: 5.40(5.17)  Batch time: 5.41(5.21)
2025-08-05 02:55:24,191   INFO  Save latest model to /home/lidar/OpenPCDet/output/nuscenes_models/cbgs_pp_multihead/default/ckpt/latest_model
2025-08-05 02:56:07,881   INFO  Train:    3/20 ( 15%) [ 183/408 ( 45%)]  Loss: 1.185 (1.29)  LR: 2.925e-04  Time cost: 15:47/19:19 [1:21:24/10:14:47]  Acc_iter 1000        Data time: 0.01(0.03)  Forward time: 3.90(5.12)  Batch time: 3.92(5.15)
2025-08-05 03:00:09,634   INFO  Train:    3/20 ( 15%) [ 233/408 ( 57%)]  Loss: 1.153 (1.28)  LR: 3.105e-04  Time cost: 19:49/14:49 [1:25:26/10:02:29]  Acc_iter 1050        Data time: 0.01(0.03)  Forward time: 5.42(5.06)  Batch time: 5.43(5.08)
2025-08-05 03:00:09,879   INFO  
2025-08-05 03:00:24,215   INFO  Save latest model to /home/lidar/OpenPCDet/output/nuscenes_models/cbgs_pp_multihead/default/ckpt/latest_model
2025-08-05 03:04:14,097   INFO  Train:    3/20 ( 15%) [ 283/408 ( 69%)]  Loss: 1.125 (1.27)  LR: 3.291e-04  Time cost: 23:54/10:31 [1:29:30/9:54:13]  Acc_iter 1100        Data time: 0.01(0.02)  Forward time: 4.41(5.03)  Batch time: 4.42(5.05)
2025-08-05 03:05:23,367   INFO  Save latest model to /home/lidar/OpenPCDet/output/nuscenes_models/cbgs_pp_multihead/default/ckpt/latest_model
2025-08-05 03:08:29,236   INFO  Train:    3/20 ( 15%) [ 333/408 ( 82%)]  Loss: 1.176 (1.25)  LR: 3.483e-04  Time cost: 28:09/06:19 [1:33:45/9:50:57]  Acc_iter 1150        Data time: 0.01(0.02)  Forward time: 6.05(5.03)  Batch time: 6.06(5.06)
2025-08-05 03:10:21,328   INFO  Save latest model to /home/lidar/OpenPCDet/output/nuscenes_models/cbgs_pp_multihead/default/ckpt/latest_model
2025-08-05 03:12:30,678   INFO  Train:    3/20 ( 15%) [ 383/408 ( 94%)]  Loss: 1.152 (1.25)  LR: 3.678e-04  Time cost: 32:10/02:05 [1:37:47/9:43:17]  Acc_iter 1200        Data time: 0.01(0.02)  Forward time: 4.90(5.01)  Batch time: 4.91(5.03)
2025-08-05 03:12:30,915   INFO  
2025-08-05 03:14:37,156   INFO  Train:    3/20 ( 15%) [ 407/408 (100%)]  Loss: 1.187 (1.24)  LR: 3.774e-04  Time cost: 34:17/00:05 [1:39:53/9:42:55]  Acc_iter 1224        Data time: 0.01(0.02)  Forward time: 1.60(5.02)  Batch time: 1.61(5.04)
2025-08-05 03:14:45,444   INFO  Train:    4/20 ( 20%) [   0/408 (  0%)]  Loss: 1.147 (1.15)  LR: 3.778e-04  Time cost: 00:07/51:12 [1:40:02/14:30:31]  Acc_iter 1225        Data time: 2.23(2.23)  Forward time: 5.29(5.29)  Batch time: 7.52(7.52)
2025-08-05 03:16:52,564   INFO  Train:    4/20 ( 20%) [  25/408 (  6%)]  Loss: 1.127 (1.16)  LR: 3.878e-04  Time cost: 02:14/33:03 [1:42:09/9:56:31]  Acc_iter 1250        Data time: 0.01(0.10)  Forward time: 4.83(5.08)  Batch time: 4.84(5.18)
2025-08-05 03:19:43,253   INFO  Save latest model to /home/lidar/OpenPCDet/output/nuscenes_models/cbgs_pp_multihead/default/ckpt/latest_model
2025-08-05 03:21:05,946   INFO  Train:    4/20 ( 20%) [  75/408 ( 18%)]  Loss: 1.123 (1.13)  LR: 4.082e-04  Time cost: 06:28/28:20 [1:46:22/9:43:50]  Acc_iter 1300        Data time: 0.01(0.04)  Forward time: 6.00(5.06)  Batch time: 6.01(5.11)
2025-08-05 03:24:40,348   INFO  Save latest model to /home/lidar/OpenPCDet/output/nuscenes_models/cbgs_pp_multihead/default/ckpt/latest_model
2025-08-05 03:25:16,152   INFO  Train:    4/20 ( 20%) [ 125/408 ( 31%)]  Loss: 1.087 (1.12)  LR: 4.289e-04  Time cost: 10:38/23:53 [1:50:32/9:35:00]  Acc_iter 1350        Data time: 0.01(0.03)  Forward time: 5.52(5.03)  Batch time: 5.53(5.07)
2025-08-05 03:25:16,368   INFO  
2025-08-05 03:29:31,508   INFO  Train:    4/20 ( 20%) [ 175/408 ( 43%)]  Loss: 1.122 (1.11)  LR: 4.499e-04  Time cost: 14:53/19:42 [1:54:48/9:32:07]  Acc_iter 1400        Data time: 0.01(0.03)  Forward time: 5.02(5.05)  Batch time: 5.04(5.08)
2025-08-05 03:29:43,668   INFO  Save latest model to /home/lidar/OpenPCDet/output/nuscenes_models/cbgs_pp_multihead/default/ckpt/latest_model
2025-08-05 03:33:40,908   INFO  Train:    4/20 ( 20%) [ 225/408 ( 55%)]  Loss: 1.082 (1.10)  LR: 4.711e-04  Time cost: 19:02/15:25 [1:58:57/9:25:40]  Acc_iter 1450        Data time: 0.01(0.03)  Forward time: 4.97(5.03)  Batch time: 4.99(5.06)
2025-08-05 03:34:43,052   INFO  Save latest model to /home/lidar/OpenPCDet/output/nuscenes_models/cbgs_pp_multihead/default/ckpt/latest_model
2025-08-05 03:37:55,135   INFO  Train:    4/20 ( 20%) [ 275/408 ( 67%)]  Loss: 0.9613 (1.09)  LR: 4.926e-04  Time cost: 23:17/11:13 [2:03:11/9:22:00]  Acc_iter 1500        Data time: 0.01(0.02)  Forward time: 4.43(5.04)  Batch time: 4.44(5.06)
2025-08-05 03:37:55,350   INFO  
2025-08-05 03:39:40,783   INFO  Save latest model to /home/lidar/OpenPCDet/output/nuscenes_models/cbgs_pp_multihead/default/ckpt/latest_model
2025-08-05 03:42:11,314   INFO  Train:    4/20 ( 20%) [ 325/408 ( 80%)]  Loss: 0.8857 (1.08)  LR: 5.141e-04  Time cost: 27:33/07:00 [2:07:28/9:18:49]  Acc_iter 1550        Data time: 0.01(0.02)  Forward time: 4.04(5.05)  Batch time: 4.05(5.07)
2025-08-05 03:44:40,080   INFO  Save latest model to /home/lidar/OpenPCDet/output/nuscenes_models/cbgs_pp_multihead/default/ckpt/latest_model
2025-08-05 03:46:33,945   INFO  Train:    4/20 ( 20%) [ 375/408 ( 92%)]  Loss: 0.8738 (1.08)  LR: 5.357e-04  Time cost: 31:56/02:48 [2:11:50/9:17:13]  Acc_iter 1600        Data time: 0.01(0.02)  Forward time: 1.85(5.07)  Batch time: 1.87(5.10)
2025-08-05 03:49:16,773   INFO  Train:    4/20 ( 20%) [ 407/408 (100%)]  Loss: 0.8967 (1.07)  LR: 5.496e-04  Time cost: 34:38/00:05 [2:14:33/9:14:26]  Acc_iter 1632        Data time: 0.01(0.02)  Forward time: 1.75(5.07)  Batch time: 1.77(5.10)
2025-08-05 03:49:25,595   INFO  Train:    5/20 ( 25%) [   0/408 (  0%)]  Loss: 1.065 (1.07)  LR: 5.500e-04  Time cost: 00:08/54:28 [2:14:42/14:31:29]  Acc_iter 1633        Data time: 2.28(2.28)  Forward time: 5.72(5.72)  Batch time: 8.00(8.00)
2025-08-05 03:50:45,018   INFO  Train:    5/20 ( 25%) [  17/408 (  4%)]  Loss: 0.9558 (0.987)  LR: 5.574e-04  Time cost: 01:27/31:39 [2:16:01/8:47:06]  Acc_iter 1650        Data time: 0.01(0.14)  Forward time: 3.82(4.72)  Batch time: 3.83(4.86)
2025-08-05 03:50:45,208   INFO  
2025-08-05 03:54:18,755   INFO  Save latest model to /home/lidar/OpenPCDet/output/nuscenes_models/cbgs_pp_multihead/default/ckpt/latest_model
2025-08-05 03:55:06,674   INFO  Train:    5/20 ( 25%) [  67/408 ( 16%)]  Loss: 0.9500 (1.00)  LR: 5.790e-04  Time cost: 05:49/29:10 [2:20:23/9:12:48]  Acc_iter 1700        Data time: 0.01(0.05)  Forward time: 5.67(5.08)  Batch time: 5.68(5.13)
2025-08-05 03:59:19,379   INFO  Save latest model to /home/lidar/OpenPCDet/output/nuscenes_models/cbgs_pp_multihead/default/ckpt/latest_model
2025-08-05 03:59:25,636   INFO  Train:    5/20 ( 25%) [ 117/408 ( 29%)]  Loss: 1.050 (1.01)  LR: 6.006e-04  Time cost: 10:08/24:59 [2:24:42/9:10:35]  Acc_iter 1750        Data time: 0.01(0.04)  Forward time: 3.90(5.11)  Batch time: 3.91(5.15)
2025-08-05 04:03:44,541   INFO  Train:    5/20 ( 25%) [ 167/408 ( 41%)]  Loss: 0.9807 (1.00)  LR: 6.220e-04  Time cost: 14:26/20:43 [2:29:01/9:07:05]  Acc_iter 1800        Data time: 0.01(0.03)  Forward time: 5.69(5.13)  Batch time: 5.71(5.16)
2025-08-05 04:03:44,750   INFO  
2025-08-05 04:04:19,138   INFO  Save latest model to /home/lidar/OpenPCDet/output/nuscenes_models/cbgs_pp_multihead/default/ckpt/latest_model
2025-08-05 04:07:59,241   INFO  Train:    5/20 ( 25%) [ 217/408 ( 53%)]  Loss: 0.9298 (0.989)  LR: 6.433e-04  Time cost: 18:41/16:22 [2:33:15/9:01:11]  Acc_iter 1850        Data time: 0.01(0.03)  Forward time: 5.51(5.12)  Batch time: 5.52(5.15)
2025-08-05 04:09:21,303   INFO  Save latest model to /home/lidar/OpenPCDet/output/nuscenes_models/cbgs_pp_multihead/default/ckpt/latest_model
2025-08-05 04:11:58,667   INFO  Train:    5/20 ( 25%) [ 267/408 ( 65%)]  Loss: 0.9014 (0.978)  LR: 6.644e-04  Time cost: 22:41/11:56 [2:37:15/8:49:57]  Acc_iter 1900        Data time: 0.01(0.03)  Forward time: 4.36(5.05)  Batch time: 4.38(5.08)
2025-08-05 04:14:22,969   INFO  Save latest model to /home/lidar/OpenPCDet/output/nuscenes_models/cbgs_pp_multihead/default/ckpt/latest_model
2025-08-05 04:16:10,416   INFO  Train:    5/20 ( 25%) [ 317/408 ( 78%)]  Loss: 0.8713 (0.969)  LR: 6.852e-04  Time cost: 26:52/07:41 [2:41:27/8:45:00]  Acc_iter 1950        Data time: 0.01(0.02)  Forward time: 5.75(5.05)  Batch time: 5.77(5.07)
2025-08-05 04:16:10,630   INFO  
2025-08-05 04:19:22,615   INFO  Save latest model to /home/lidar/OpenPCDet/output/nuscenes_models/cbgs_pp_multihead/default/ckpt/latest_model
2025-08-05 04:20:18,098   INFO  Train:    5/20 ( 25%) [ 367/408 ( 90%)]  Loss: 0.8205 (0.960)  LR: 7.057e-04  Time cost: 31:00/03:27 [2:45:34/8:39:08]  Acc_iter 2000        Data time: 0.01(0.02)  Forward time: 4.30(5.03)  Batch time: 4.31(5.06)
2025-08-05 04:23:27,311   INFO  Train:    5/20 ( 25%) [ 407/408 (100%)]  Loss: 0.7391 (0.953)  LR: 7.218e-04  Time cost: 34:09/00:05 [2:48:44/8:32:30]  Acc_iter 2040        Data time: 0.01(0.02)  Forward time: -1.12(5.00)  Batch time: -1.11(5.02)
2025-08-05 04:23:36,081   INFO  Train:    6/20 ( 30%) [   0/408 (  0%)]  Loss: 0.9123 (0.912)  LR: 7.222e-04  Time cost: 00:08/54:26 [2:48:52/13:36:43]  Acc_iter 2041        Data time: 2.11(2.11)  Forward time: 5.89(5.89)  Batch time: 8.00(8.00)
2025-08-05 04:24:22,521   INFO  Train:    6/20 ( 30%) [   9/408 (  2%)]  Loss: 0.9516 (0.871)  LR: 7.258e-04  Time cost: 00:54/36:12 [2:49:39/9:14:32]  Acc_iter 2050        Data time: 0.02(0.22)  Forward time: 6.45(5.22)  Batch time: 6.47(5.44)
2025-08-05 04:28:28,923   INFO  Save latest model to /home/lidar/OpenPCDet/output/nuscenes_models/cbgs_pp_multihead/default/ckpt/latest_model
2025-08-05 04:28:40,785   INFO  Train:    6/20 ( 30%) [  59/408 ( 14%)]  Loss: 0.9796 (0.898)  LR: 7.455e-04  Time cost: 05:12/30:18 [2:53:57/8:46:29]  Acc_iter 2100        Data time: 0.01(0.05)  Forward time: 6.38(5.16)  Batch time: 6.40(5.21)
2025-08-05 04:28:41,016   INFO  
2025-08-05 04:32:49,537   INFO  Train:    6/20 ( 30%) [ 109/408 ( 27%)]  Loss: 0.7581 (0.884)  LR: 7.648e-04  Time cost: 09:21/25:26 [2:58:06/8:31:21]  Acc_iter 2150        Data time: 0.01(0.04)  Forward time: 1.42(5.07)  Batch time: 1.43(5.10)
2025-08-05 04:33:32,243   INFO  Save latest model to /home/lidar/OpenPCDet/output/nuscenes_models/cbgs_pp_multihead/default/ckpt/latest_model
2025-08-05 04:37:10,383   INFO  Train:    6/20 ( 30%) [ 159/408 ( 39%)]  Loss: 0.8745 (0.885)  LR: 7.836e-04  Time cost: 13:42/21:19 [3:02:27/8:30:36]  Acc_iter 2200        Data time: 0.01(0.03)  Forward time: 5.48(5.11)  Batch time: 5.49(5.14)
2025-08-05 04:38:30,187   INFO  Save latest model to /home/lidar/OpenPCDet/output/nuscenes_models/cbgs_pp_multihead/default/ckpt/latest_model
2025-08-05 04:41:30,375   INFO  Train:    6/20 ( 30%) [ 209/408 ( 51%)]  Loss: 0.7943 (0.876)  LR: 8.018e-04  Time cost: 18:02/17:05 [3:06:47/8:27:44]  Acc_iter 2250        Data time: 0.01(0.03)  Forward time: 6.57(5.13)  Batch time: 6.59(5.15)
2025-08-05 04:41:30,579   INFO  
2025-08-05 04:43:33,712   INFO  Save latest model to /home/lidar/OpenPCDet/output/nuscenes_models/cbgs_pp_multihead/default/ckpt/latest_model
2025-08-05 04:45:51,777   INFO  Train:    6/20 ( 30%) [ 259/408 ( 63%)]  Loss: 0.8152 (0.871)  LR: 8.195e-04  Time cost: 22:23/12:50 [3:11:08/8:24:50]  Acc_iter 2300        Data time: 0.01(0.03)  Forward time: 5.71(5.14)  Batch time: 5.72(5.17)
2025-08-05 04:48:31,850   INFO  Save latest model to /home/lidar/OpenPCDet/output/nuscenes_models/cbgs_pp_multihead/default/ckpt/latest_model
2025-08-05 04:49:57,649   INFO  Train:    6/20 ( 30%) [ 309/408 ( 76%)]  Loss: 0.7809 (0.868)  LR: 8.365e-04  Time cost: 26:29/08:27 [3:15:14/8:16:36]  Acc_iter 2350        Data time: 0.01(0.02)  Forward time: 3.74(5.10)  Batch time: 3.76(5.13)
2025-08-05 04:53:29,227   INFO  Save latest model to /home/lidar/OpenPCDet/output/nuscenes_models/cbgs_pp_multihead/default/ckpt/latest_model
2025-08-05 04:53:56,558   INFO  Train:    6/20 ( 30%) [ 359/408 ( 88%)]  Loss: 0.8420 (0.861)  LR: 8.528e-04  Time cost: 30:28/04:08 [3:19:13/8:07:40]  Acc_iter 2400        Data time: 0.01(0.02)  Forward time: 5.22(5.06)  Batch time: 5.24(5.08)
2025-08-05 04:53:56,758   INFO  
2025-08-05 04:57:53,248   INFO  Train:    6/20 ( 30%) [ 407/408 (100%)]  Loss: 0.8672 (0.856)  LR: 8.679e-04  Time cost: 34:25/00:05 [3:23:09/8:01:57]  Acc_iter 2448        Data time: 0.02(0.02)  Forward time: 1.62(5.04)  Batch time: 1.64(5.06)
2025-08-05 04:57:59,510   INFO  Train:    7/20 ( 35%) [   0/408 (  0%)]  Loss: 0.8639 (0.864)  LR: 8.682e-04  Time cost: 00:05/37:08 [3:23:16/8:39:55]  Acc_iter 2449        Data time: 2.46(2.46)  Forward time: 2.99(2.99)  Batch time: 5.45(5.45)
2025-08-05 04:58:04,814   INFO  Train:    7/20 ( 35%) [   1/408 (  0%)]  Loss: 0.8614 (0.863)  LR: 8.685e-04  Time cost: 00:10/36:30 [3:23:21/8:32:22]  Acc_iter 2450        Data time: 0.02(1.24)  Forward time: 5.29(4.14)  Batch time: 5.31(5.38)
2025-08-05 05:02:11,932   INFO  Train:    7/20 ( 35%) [  51/408 ( 12%)]  Loss: 0.8026 (0.837)  LR: 8.834e-04  Time cost: 04:17/29:30 [3:27:28/7:47:54]  Acc_iter 2500        Data time: 0.01(0.06)  Forward time: 5.99(4.90)  Batch time: 6.01(4.96)
2025-08-05 05:02:58,156   INFO  Save latest model to /home/lidar/OpenPCDet/output/nuscenes_models/cbgs_pp_multihead/default/ckpt/latest_model
2025-08-05 05:06:19,482   INFO  Train:    7/20 ( 35%) [ 101/408 ( 25%)]  Loss: 0.8200 (0.827)  LR: 8.976e-04  Time cost: 08:25/25:21 [3:31:36/7:43:23]  Acc_iter 2550        Data time: 0.01(0.04)  Forward time: 6.31(4.92)  Batch time: 6.32(4.96)
2025-08-05 05:06:19,679   INFO  
2025-08-05 05:07:58,379   INFO  Save latest model to /home/lidar/OpenPCDet/output/nuscenes_models/cbgs_pp_multihead/default/ckpt/latest_model
2025-08-05 05:10:26,769   INFO  Train:    7/20 ( 35%) [ 151/408 ( 37%)]  Loss: 0.7177 (0.821)  LR: 9.109e-04  Time cost: 12:32/21:12 [3:35:43/7:38:58]  Acc_iter 2600        Data time: 0.01(0.03)  Forward time: 4.43(4.92)  Batch time: 4.44(4.95)
2025-08-05 05:12:58,398   INFO  Save latest model to /home/lidar/OpenPCDet/output/nuscenes_models/cbgs_pp_multihead/default/ckpt/latest_model
2025-08-05 05:14:38,402   INFO  Train:    7/20 ( 35%) [ 201/408 ( 49%)]  Loss: 1.033 (0.830)  LR: 9.234e-04  Time cost: 16:44/17:09 [3:39:55/7:36:40]  Acc_iter 2650        Data time: 0.01(0.03)  Forward time: 6.63(4.94)  Batch time: 6.65(4.97)
2025-08-05 05:17:55,566   INFO  Save latest model to /home/lidar/OpenPCDet/output/nuscenes_models/cbgs_pp_multihead/default/ckpt/latest_model
2025-08-05 05:18:58,206   INFO  Train:    7/20 ( 35%) [ 251/408 ( 62%)]  Loss: 0.7433 (0.827)  LR: 9.351e-04  Time cost: 21:04/13:07 [3:44:14/7:36:35]  Acc_iter 2700        Data time: 0.01(0.03)  Forward time: 6.23(4.99)  Batch time: 6.24(5.02)
2025-08-05 05:18:58,415   INFO  
2025-08-05 05:22:54,257   INFO  Save latest model to /home/lidar/OpenPCDet/output/nuscenes_models/cbgs_pp_multihead/default/ckpt/latest_model
2025-08-05 05:23:06,927   INFO  Train:    7/20 ( 35%) [ 301/408 ( 74%)]  Loss: 0.7715 (0.818)  LR: 9.458e-04  Time cost: 25:12/08:56 [3:48:23/7:31:46]  Acc_iter 2750        Data time: 0.01(0.02)  Forward time: 5.00(4.99)  Batch time: 5.01(5.01)
2025-08-05 05:27:23,696   INFO  Train:    7/20 ( 35%) [ 351/408 ( 86%)]  Loss: 0.7093 (0.812)  LR: 9.557e-04  Time cost: 29:29/04:46 [3:52:40/7:29:11]  Acc_iter 2800        Data time: 0.01(0.01)  Forward time: 6.22(5.01)  Batch time: 6.24(5.03)
2025-08-05 05:27:58,547   INFO  Save latest model to /home/lidar/OpenPCDet/output/nuscenes_models/cbgs_pp_multihead/default/ckpt/latest_model
2025-08-05 05:31:29,320   INFO  Train:    7/20 ( 35%) [ 401/408 ( 98%)]  Loss: 0.7192 (0.808)  LR: 9.646e-04  Time cost: 33:35/00:35 [3:56:46/7:23:44]  Acc_iter 2850        Data time: 0.00(0.01)  Forward time: 3.82(5.00)  Batch time: 3.83(5.01)
2025-08-05 05:31:29,526   INFO  
2025-08-05 05:31:53,694   INFO  Train:    7/20 ( 35%) [ 407/408 (100%)]  Loss: 0.7295 (0.807)  LR: 9.656e-04  Time cost: 33:59/00:04 [3:57:10/7:22:00]  Acc_iter 2856        Data time: 0.02(0.02)  Forward time: 1.71(4.98)  Batch time: 1.72(5.00)
2025-08-05 05:32:03,633   INFO  Train:    8/20 ( 40%) [   0/408 (  0%)]  Loss: 0.7652 (0.765)  LR: 9.657e-04  Time cost: 00:09/1:02:33 [3:57:20/13:33:16]  Acc_iter 2857        Data time: 2.48(2.48)  Forward time: 6.71(6.71)  Batch time: 9.19(9.19)
