2025-08-05 19:09:08,591   INFO  **********************Start logging**********************
2025-08-05 19:09:08,592   INFO  CUDA_VISIBLE_DEVICES=ALL
2025-08-05 19:09:08,592   INFO  Training with a single process
2025-08-05 19:09:08,592   INFO  cfg_file         cfgs/nuscenes_models/cbgs_pp_multihead.yaml
2025-08-05 19:09:08,592   INFO  batch_size       4
2025-08-05 19:09:08,592   INFO  epochs           20
2025-08-05 19:09:08,592   INFO  workers          4
2025-08-05 19:09:08,592   INFO  extra_tag        default
2025-08-05 19:09:08,592   INFO  ckpt             None
2025-08-05 19:09:08,592   INFO  pretrained_model None
2025-08-05 19:09:08,592   INFO  launcher         none
2025-08-05 19:09:08,593   INFO  tcp_port         18888
2025-08-05 19:09:08,593   INFO  sync_bn          False
2025-08-05 19:09:08,593   INFO  fix_random_seed  False
2025-08-05 19:09:08,593   INFO  ckpt_save_interval 1
2025-08-05 19:09:08,593   INFO  local_rank       None
2025-08-05 19:09:08,593   INFO  max_ckpt_save_num 30
2025-08-05 19:09:08,593   INFO  merge_all_iters_to_one_epoch False
2025-08-05 19:09:08,594   INFO  set_cfgs         None
2025-08-05 19:09:08,594   INFO  max_waiting_mins 0
2025-08-05 19:09:08,594   INFO  start_epoch      0
2025-08-05 19:09:08,594   INFO  num_epochs_to_eval 0
2025-08-05 19:09:08,594   INFO  save_to_file     False
2025-08-05 19:09:08,594   INFO  use_tqdm_to_record False
2025-08-05 19:09:08,595   INFO  logger_iter_interval 50
2025-08-05 19:09:08,595   INFO  ckpt_save_time_interval 300
2025-08-05 19:09:08,595   INFO  wo_gpu_stat      False
2025-08-05 19:09:08,596   INFO  use_amp          False
2025-08-05 19:09:08,596   INFO  cfg.ROOT_DIR: /home/lidar/OpenPCDet
2025-08-05 19:09:08,596   INFO  cfg.LOCAL_RANK: 0
2025-08-05 19:09:08,596   INFO  cfg.CLASS_NAMES: ['car', 'truck', 'construction_vehicle', 'bus', 'trailer', 'barrier', 'motorcycle', 'bicycle', 'pedestrian', 'traffic_cone']
2025-08-05 19:09:08,598   INFO  ----------- DATA_CONFIG -----------
2025-08-05 19:09:08,598   INFO  cfg.DATA_CONFIG.DATASET: NuScenesDataset
2025-08-05 19:09:08,598   INFO  cfg.DATA_CONFIG.DATA_PATH: ../data/nuscenes
2025-08-05 19:09:08,598   INFO  cfg.DATA_CONFIG.VERSION: v1.0-mini
2025-08-05 19:09:08,598   INFO  cfg.DATA_CONFIG.MAX_SWEEPS: 10
2025-08-05 19:09:08,598   INFO  cfg.DATA_CONFIG.PRED_VELOCITY: True
2025-08-05 19:09:08,598   INFO  cfg.DATA_CONFIG.SET_NAN_VELOCITY_TO_ZEROS: True
2025-08-05 19:09:08,599   INFO  cfg.DATA_CONFIG.FILTER_MIN_POINTS_IN_GT: 1
2025-08-05 19:09:08,599   INFO  ----------- DATA_SPLIT -----------
2025-08-05 19:09:08,599   INFO  cfg.DATA_CONFIG.DATA_SPLIT.train: train
2025-08-05 19:09:08,599   INFO  cfg.DATA_CONFIG.DATA_SPLIT.test: val
2025-08-05 19:09:08,600   INFO  ----------- INFO_PATH -----------
2025-08-05 19:09:08,600   INFO  cfg.DATA_CONFIG.INFO_PATH.train: ['nuscenes_infos_10sweeps_train.pkl']
2025-08-05 19:09:08,600   INFO  cfg.DATA_CONFIG.INFO_PATH.test: ['nuscenes_infos_10sweeps_val.pkl']
2025-08-05 19:09:08,600   INFO  cfg.DATA_CONFIG.POINT_CLOUD_RANGE: [-51.2, -51.2, -5.0, 51.2, 51.2, 3.0]
2025-08-05 19:09:08,600   INFO  cfg.DATA_CONFIG.BALANCED_RESAMPLING: True
2025-08-05 19:09:08,600   INFO  ----------- DATA_AUGMENTOR -----------
2025-08-05 19:09:08,601   INFO  cfg.DATA_CONFIG.DATA_AUGMENTOR.DISABLE_AUG_LIST: ['placeholder']
2025-08-05 19:09:08,601   INFO  cfg.DATA_CONFIG.DATA_AUGMENTOR.AUG_CONFIG_LIST: [{'NAME': 'gt_sampling', 'DB_INFO_PATH': ['nuscenes_dbinfos_10sweeps_withvelo.pkl'], 'PREPARE': {'filter_by_min_points': ['car:5', 'truck:5', 'construction_vehicle:5', 'bus:5', 'trailer:5', 'barrier:5', 'motorcycle:5', 'bicycle:5', 'pedestrian:5', 'traffic_cone:5']}, 'SAMPLE_GROUPS': ['car:2', 'truck:3', 'construction_vehicle:7', 'bus:4', 'trailer:6', 'barrier:2', 'motorcycle:6', 'bicycle:6', 'pedestrian:2', 'traffic_cone:2'], 'NUM_POINT_FEATURES': 5, 'DATABASE_WITH_FAKELIDAR': False, 'BACKUP_DB_INFO': {'DB_INFO_PATH': ['nuscenes_dbinfos_10sweeps_withvelo.pkl'], 'DB_DATA_PATH': ['nuscenes_gt_database'], 'NUM_POINT_FEATURES': 5}, 'REMOVE_EXTRA_WIDTH': [0.0, 0.0, 0.0], 'LIMIT_WHOLE_SCENE': True}, {'NAME': 'random_world_flip', 'ALONG_AXIS_LIST': ['x', 'y']}, {'NAME': 'random_world_rotation', 'WORLD_ROT_ANGLE': [-0.3925, 0.3925]}, {'NAME': 'random_world_scaling', 'WORLD_SCALE_RANGE': [0.95, 1.05]}]
2025-08-05 19:09:08,601   INFO  ----------- POINT_FEATURE_ENCODING -----------
2025-08-05 19:09:08,601   INFO  cfg.DATA_CONFIG.POINT_FEATURE_ENCODING.encoding_type: absolute_coordinates_encoding
2025-08-05 19:09:08,601   INFO  cfg.DATA_CONFIG.POINT_FEATURE_ENCODING.used_feature_list: ['x', 'y', 'z', 'intensity', 'timestamp']
2025-08-05 19:09:08,601   INFO  cfg.DATA_CONFIG.POINT_FEATURE_ENCODING.src_feature_list: ['x', 'y', 'z', 'intensity', 'timestamp']
2025-08-05 19:09:08,602   INFO  cfg.DATA_CONFIG.DATA_PROCESSOR: [{'NAME': 'mask_points_and_boxes_outside_range', 'REMOVE_OUTSIDE_BOXES': True}, {'NAME': 'shuffle_points', 'SHUFFLE_ENABLED': {'train': True, 'test': True}}, {'NAME': 'transform_points_to_voxels', 'VOXEL_SIZE': [0.2, 0.2, 8.0], 'MAX_POINTS_PER_VOXEL': 20, 'MAX_NUMBER_OF_VOXELS': {'train': 30000, 'test': 30000}}]
2025-08-05 19:09:08,602   INFO  cfg.DATA_CONFIG._BASE_CONFIG_: cfgs/dataset_configs/nuscenes_dataset.yaml
2025-08-05 19:09:08,602   INFO  ----------- MODEL -----------
2025-08-05 19:09:08,602   INFO  cfg.MODEL.NAME: PointPillar
2025-08-05 19:09:08,602   INFO  ----------- VFE -----------
2025-08-05 19:09:08,602   INFO  cfg.MODEL.VFE.NAME: PillarVFE
2025-08-05 19:09:08,602   INFO  cfg.MODEL.VFE.WITH_DISTANCE: False
2025-08-05 19:09:08,602   INFO  cfg.MODEL.VFE.USE_ABSLOTE_XYZ: True
2025-08-05 19:09:08,603   INFO  cfg.MODEL.VFE.USE_NORM: True
2025-08-05 19:09:08,603   INFO  cfg.MODEL.VFE.NUM_FILTERS: [64]
2025-08-05 19:09:08,603   INFO  ----------- MAP_TO_BEV -----------
2025-08-05 19:09:08,603   INFO  cfg.MODEL.MAP_TO_BEV.NAME: PointPillarScatter
2025-08-05 19:09:08,603   INFO  cfg.MODEL.MAP_TO_BEV.NUM_BEV_FEATURES: 64
2025-08-05 19:09:08,603   INFO  ----------- BACKBONE_2D -----------
2025-08-05 19:09:08,603   INFO  cfg.MODEL.BACKBONE_2D.NAME: BaseBEVBackbone
2025-08-05 19:09:08,603   INFO  cfg.MODEL.BACKBONE_2D.LAYER_NUMS: [3, 5, 5]
2025-08-05 19:09:08,603   INFO  cfg.MODEL.BACKBONE_2D.LAYER_STRIDES: [2, 2, 2]
2025-08-05 19:09:08,603   INFO  cfg.MODEL.BACKBONE_2D.NUM_FILTERS: [64, 128, 256]
2025-08-05 19:09:08,604   INFO  cfg.MODEL.BACKBONE_2D.UPSAMPLE_STRIDES: [0.5, 1, 2]
2025-08-05 19:09:08,604   INFO  cfg.MODEL.BACKBONE_2D.NUM_UPSAMPLE_FILTERS: [128, 128, 128]
2025-08-05 19:09:08,604   INFO  ----------- DENSE_HEAD -----------
2025-08-05 19:09:08,604   INFO  cfg.MODEL.DENSE_HEAD.NAME: AnchorHeadMulti
2025-08-05 19:09:08,604   INFO  cfg.MODEL.DENSE_HEAD.CLASS_AGNOSTIC: False
2025-08-05 19:09:08,604   INFO  cfg.MODEL.DENSE_HEAD.DIR_OFFSET: 0.78539
2025-08-05 19:09:08,604   INFO  cfg.MODEL.DENSE_HEAD.DIR_LIMIT_OFFSET: 0.0
2025-08-05 19:09:08,604   INFO  cfg.MODEL.DENSE_HEAD.NUM_DIR_BINS: 2
2025-08-05 19:09:08,604   INFO  cfg.MODEL.DENSE_HEAD.USE_MULTIHEAD: True
2025-08-05 19:09:08,604   INFO  cfg.MODEL.DENSE_HEAD.SEPARATE_MULTIHEAD: True
2025-08-05 19:09:08,604   INFO  cfg.MODEL.DENSE_HEAD.ANCHOR_GENERATOR_CONFIG: [{'class_name': 'car', 'anchor_sizes': [[4.63, 1.97, 1.74]], 'anchor_rotations': [0, 1.57], 'anchor_bottom_heights': [-0.95], 'align_center': False, 'feature_map_stride': 4, 'matched_threshold': 0.6, 'unmatched_threshold': 0.45}, {'class_name': 'truck', 'anchor_sizes': [[6.93, 2.51, 2.84]], 'anchor_rotations': [0, 1.57], 'anchor_bottom_heights': [-0.6], 'align_center': False, 'feature_map_stride': 4, 'matched_threshold': 0.55, 'unmatched_threshold': 0.4}, {'class_name': 'construction_vehicle', 'anchor_sizes': [[6.37, 2.85, 3.19]], 'anchor_rotations': [0, 1.57], 'anchor_bottom_heights': [-0.225], 'align_center': False, 'feature_map_stride': 4, 'matched_threshold': 0.5, 'unmatched_threshold': 0.35}, {'class_name': 'bus', 'anchor_sizes': [[10.5, 2.94, 3.47]], 'anchor_rotations': [0, 1.57], 'anchor_bottom_heights': [-0.085], 'align_center': False, 'feature_map_stride': 4, 'matched_threshold': 0.55, 'unmatched_threshold': 0.4}, {'class_name': 'trailer', 'anchor_sizes': [[12.29, 2.9, 3.87]], 'anchor_rotations': [0, 1.57], 'anchor_bottom_heights': [0.115], 'align_center': False, 'feature_map_stride': 4, 'matched_threshold': 0.5, 'unmatched_threshold': 0.35}, {'class_name': 'barrier', 'anchor_sizes': [[0.5, 2.53, 0.98]], 'anchor_rotations': [0, 1.57], 'anchor_bottom_heights': [-1.33], 'align_center': False, 'feature_map_stride': 4, 'matched_threshold': 0.55, 'unmatched_threshold': 0.4}, {'class_name': 'motorcycle', 'anchor_sizes': [[2.11, 0.77, 1.47]], 'anchor_rotations': [0, 1.57], 'anchor_bottom_heights': [-1.085], 'align_center': False, 'feature_map_stride': 4, 'matched_threshold': 0.5, 'unmatched_threshold': 0.3}, {'class_name': 'bicycle', 'anchor_sizes': [[1.7, 0.6, 1.28]], 'anchor_rotations': [0, 1.57], 'anchor_bottom_heights': [-1.18], 'align_center': False, 'feature_map_stride': 4, 'matched_threshold': 0.5, 'unmatched_threshold': 0.35}, {'class_name': 'pedestrian', 'anchor_sizes': [[0.73, 0.67, 1.77]], 'anchor_rotations': [0, 1.57], 'anchor_bottom_heights': [-0.935], 'align_center': False, 'feature_map_stride': 4, 'matched_threshold': 0.6, 'unmatched_threshold': 0.4}, {'class_name': 'traffic_cone', 'anchor_sizes': [[0.41, 0.41, 1.07]], 'anchor_rotations': [0, 1.57], 'anchor_bottom_heights': [-1.285], 'align_center': False, 'feature_map_stride': 4, 'matched_threshold': 0.6, 'unmatched_threshold': 0.4}]
2025-08-05 19:09:08,604   INFO  cfg.MODEL.DENSE_HEAD.SHARED_CONV_NUM_FILTER: 64
2025-08-05 19:09:08,605   INFO  cfg.MODEL.DENSE_HEAD.RPN_HEAD_CFGS: [{'HEAD_CLS_NAME': ['car']}, {'HEAD_CLS_NAME': ['truck', 'construction_vehicle']}, {'HEAD_CLS_NAME': ['bus', 'trailer']}, {'HEAD_CLS_NAME': ['barrier']}, {'HEAD_CLS_NAME': ['motorcycle', 'bicycle']}, {'HEAD_CLS_NAME': ['pedestrian', 'traffic_cone']}]
2025-08-05 19:09:08,605   INFO  ----------- SEPARATE_REG_CONFIG -----------
2025-08-05 19:09:08,605   INFO  cfg.MODEL.DENSE_HEAD.SEPARATE_REG_CONFIG.NUM_MIDDLE_CONV: 1
2025-08-05 19:09:08,605   INFO  cfg.MODEL.DENSE_HEAD.SEPARATE_REG_CONFIG.NUM_MIDDLE_FILTER: 64
2025-08-05 19:09:08,605   INFO  cfg.MODEL.DENSE_HEAD.SEPARATE_REG_CONFIG.REG_LIST: ['reg:2', 'height:1', 'size:3', 'angle:2', 'velo:2']
2025-08-05 19:09:08,605   INFO  ----------- TARGET_ASSIGNER_CONFIG -----------
2025-08-05 19:09:08,605   INFO  cfg.MODEL.DENSE_HEAD.TARGET_ASSIGNER_CONFIG.NAME: AxisAlignedTargetAssigner
2025-08-05 19:09:08,605   INFO  cfg.MODEL.DENSE_HEAD.TARGET_ASSIGNER_CONFIG.POS_FRACTION: -1.0
2025-08-05 19:09:08,605   INFO  cfg.MODEL.DENSE_HEAD.TARGET_ASSIGNER_CONFIG.SAMPLE_SIZE: 512
2025-08-05 19:09:08,605   INFO  cfg.MODEL.DENSE_HEAD.TARGET_ASSIGNER_CONFIG.NORM_BY_NUM_EXAMPLES: False
2025-08-05 19:09:08,605   INFO  cfg.MODEL.DENSE_HEAD.TARGET_ASSIGNER_CONFIG.MATCH_HEIGHT: False
2025-08-05 19:09:08,605   INFO  cfg.MODEL.DENSE_HEAD.TARGET_ASSIGNER_CONFIG.BOX_CODER: ResidualCoder
2025-08-05 19:09:08,605   INFO  ----------- BOX_CODER_CONFIG -----------
2025-08-05 19:09:08,605   INFO  cfg.MODEL.DENSE_HEAD.TARGET_ASSIGNER_CONFIG.BOX_CODER_CONFIG.code_size: 9
2025-08-05 19:09:08,605   INFO  cfg.MODEL.DENSE_HEAD.TARGET_ASSIGNER_CONFIG.BOX_CODER_CONFIG.encode_angle_by_sincos: True
2025-08-05 19:09:08,605   INFO  ----------- LOSS_CONFIG -----------
2025-08-05 19:09:08,606   INFO  cfg.MODEL.DENSE_HEAD.LOSS_CONFIG.REG_LOSS_TYPE: WeightedL1Loss
2025-08-05 19:09:08,606   INFO  ----------- LOSS_WEIGHTS -----------
2025-08-05 19:09:08,606   INFO  cfg.MODEL.DENSE_HEAD.LOSS_CONFIG.LOSS_WEIGHTS.pos_cls_weight: 1.0
2025-08-05 19:09:08,606   INFO  cfg.MODEL.DENSE_HEAD.LOSS_CONFIG.LOSS_WEIGHTS.neg_cls_weight: 2.0
2025-08-05 19:09:08,606   INFO  cfg.MODEL.DENSE_HEAD.LOSS_CONFIG.LOSS_WEIGHTS.cls_weight: 1.0
2025-08-05 19:09:08,606   INFO  cfg.MODEL.DENSE_HEAD.LOSS_CONFIG.LOSS_WEIGHTS.loc_weight: 0.25
2025-08-05 19:09:08,606   INFO  cfg.MODEL.DENSE_HEAD.LOSS_CONFIG.LOSS_WEIGHTS.dir_weight: 0.2
2025-08-05 19:09:08,606   INFO  cfg.MODEL.DENSE_HEAD.LOSS_CONFIG.LOSS_WEIGHTS.code_weights: [1.0, 1.0, 1.0, 1.0, 1.0, 1.0, 1.0, 1.0, 0.2, 0.2]
2025-08-05 19:09:08,606   INFO  ----------- POST_PROCESSING -----------
2025-08-05 19:09:08,606   INFO  cfg.MODEL.POST_PROCESSING.RECALL_THRESH_LIST: [0.3, 0.5, 0.7]
2025-08-05 19:09:08,606   INFO  cfg.MODEL.POST_PROCESSING.SCORE_THRESH: 0.1
2025-08-05 19:09:08,606   INFO  cfg.MODEL.POST_PROCESSING.OUTPUT_RAW_SCORE: False
2025-08-05 19:09:08,607   INFO  cfg.MODEL.POST_PROCESSING.EVAL_METRIC: kitti
2025-08-05 19:09:08,607   INFO  ----------- NMS_CONFIG -----------
2025-08-05 19:09:08,607   INFO  cfg.MODEL.POST_PROCESSING.NMS_CONFIG.MULTI_CLASSES_NMS: True
2025-08-05 19:09:08,607   INFO  cfg.MODEL.POST_PROCESSING.NMS_CONFIG.NMS_TYPE: nms_gpu
2025-08-05 19:09:08,607   INFO  cfg.MODEL.POST_PROCESSING.NMS_CONFIG.NMS_THRESH: 0.2
2025-08-05 19:09:08,607   INFO  cfg.MODEL.POST_PROCESSING.NMS_CONFIG.NMS_PRE_MAXSIZE: 1000
2025-08-05 19:09:08,607   INFO  cfg.MODEL.POST_PROCESSING.NMS_CONFIG.NMS_POST_MAXSIZE: 83
2025-08-05 19:09:08,607   INFO  ----------- OPTIMIZATION -----------
2025-08-05 19:09:08,607   INFO  cfg.OPTIMIZATION.BATCH_SIZE_PER_GPU: 4
2025-08-05 19:09:08,607   INFO  cfg.OPTIMIZATION.NUM_EPOCHS: 20
2025-08-05 19:09:08,607   INFO  cfg.OPTIMIZATION.OPTIMIZER: adam_onecycle
2025-08-05 19:09:08,607   INFO  cfg.OPTIMIZATION.LR: 0.001
2025-08-05 19:09:08,607   INFO  cfg.OPTIMIZATION.WEIGHT_DECAY: 0.01
2025-08-05 19:09:08,607   INFO  cfg.OPTIMIZATION.MOMENTUM: 0.9
2025-08-05 19:09:08,607   INFO  cfg.OPTIMIZATION.MOMS: [0.95, 0.85]
2025-08-05 19:09:08,607   INFO  cfg.OPTIMIZATION.PCT_START: 0.4
2025-08-05 19:09:08,607   INFO  cfg.OPTIMIZATION.DIV_FACTOR: 10
2025-08-05 19:09:08,607   INFO  cfg.OPTIMIZATION.DECAY_STEP_LIST: [35, 45]
2025-08-05 19:09:08,608   INFO  cfg.OPTIMIZATION.LR_DECAY: 0.1
2025-08-05 19:09:08,608   INFO  cfg.OPTIMIZATION.LR_CLIP: 1e-07
2025-08-05 19:09:08,608   INFO  cfg.OPTIMIZATION.LR_WARMUP: False
2025-08-05 19:09:08,608   INFO  cfg.OPTIMIZATION.WARMUP_EPOCH: 1
2025-08-05 19:09:08,608   INFO  cfg.OPTIMIZATION.GRAD_NORM_CLIP: 10
2025-08-05 19:09:08,608   INFO  cfg.TAG: cbgs_pp_multihead
2025-08-05 19:09:08,608   INFO  cfg.EXP_GROUP_PATH: nuscenes_models
2025-08-05 19:09:08,621   INFO  ----------- Create dataloader & network & optimizer -----------
2025-08-05 19:09:08,688   INFO  Database filter by min points car: 4082 => 3303
2025-08-05 19:09:08,689   INFO  Database filter by min points truck: 451 => 412
2025-08-05 19:09:08,689   INFO  Database filter by min points construction_vehicle: 174 => 161
2025-08-05 19:09:08,689   INFO  Database filter by min points bus: 337 => 309
2025-08-05 19:09:08,689   INFO  Database filter by min points trailer: 59 => 57
2025-08-05 19:09:08,689   INFO  Database filter by min points barrier: 1851 => 1741
2025-08-05 19:09:08,689   INFO  Database filter by min points motorcycle: 179 => 149
2025-08-05 19:09:08,689   INFO  Database filter by min points bicycle: 147 => 136
2025-08-05 19:09:08,690   INFO  Database filter by min points pedestrian: 3068 => 2799
2025-08-05 19:09:08,690   INFO  Database filter by min points traffic_cone: 773 => 635
2025-08-05 19:09:08,691   INFO  Loading NuScenes dataset
2025-08-05 19:09:08,729   INFO  Total samples for NuScenes dataset: 323
2025-08-05 19:09:08,734   INFO  Total samples after balanced resampling: 1630
2025-08-05 19:09:27,545   INFO  ==> Loading parameters from checkpoint /home/lidar/OpenPCDet/output/nuscenes_models/cbgs_pp_multihead/default/ckpt/checkpoint_epoch_7.pth to GPU
2025-08-05 19:09:27,831   INFO  ==> Loading optimizer parameters from checkpoint /home/lidar/OpenPCDet/output/nuscenes_models/cbgs_pp_multihead/default/ckpt/checkpoint_epoch_7.pth to GPU
2025-08-05 19:09:27,861   INFO  ==> Done
2025-08-05 19:09:27,865   INFO  ----------- Model PointPillar created, param count: 6078636 -----------
2025-08-05 19:09:27,865   INFO  PointPillar(
  (vfe): PillarVFE(
    (pfn_layers): ModuleList(
      (0): PFNLayer(
        (linear): Linear(in_features=11, out_features=64, bias=False)
        (norm): BatchNorm1d(64, eps=0.001, momentum=0.01, affine=True, track_running_stats=True)
      )
    )
  )
  (backbone_3d): None
  (map_to_bev_module): PointPillarScatter()
  (pfe): None
  (backbone_2d): BaseBEVBackbone(
    (blocks): ModuleList(
      (0): Sequential(
        (0): ZeroPad2d(padding=(1, 1, 1, 1), value=0.0)
        (1): Conv2d(64, 64, kernel_size=(3, 3), stride=(2, 2), bias=False)
        (2): BatchNorm2d(64, eps=0.001, momentum=0.01, affine=True, track_running_stats=True)
        (3): ReLU()
        (4): Conv2d(64, 64, kernel_size=(3, 3), stride=(1, 1), padding=(1, 1), bias=False)
        (5): BatchNorm2d(64, eps=0.001, momentum=0.01, affine=True, track_running_stats=True)
        (6): ReLU()
        (7): Conv2d(64, 64, kernel_size=(3, 3), stride=(1, 1), padding=(1, 1), bias=False)
        (8): BatchNorm2d(64, eps=0.001, momentum=0.01, affine=True, track_running_stats=True)
        (9): ReLU()
        (10): Conv2d(64, 64, kernel_size=(3, 3), stride=(1, 1), padding=(1, 1), bias=False)
        (11): BatchNorm2d(64, eps=0.001, momentum=0.01, affine=True, track_running_stats=True)
        (12): ReLU()
      )
      (1): Sequential(
        (0): ZeroPad2d(padding=(1, 1, 1, 1), value=0.0)
        (1): Conv2d(64, 128, kernel_size=(3, 3), stride=(2, 2), bias=False)
        (2): BatchNorm2d(128, eps=0.001, momentum=0.01, affine=True, track_running_stats=True)
        (3): ReLU()
        (4): Conv2d(128, 128, kernel_size=(3, 3), stride=(1, 1), padding=(1, 1), bias=False)
        (5): BatchNorm2d(128, eps=0.001, momentum=0.01, affine=True, track_running_stats=True)
        (6): ReLU()
        (7): Conv2d(128, 128, kernel_size=(3, 3), stride=(1, 1), padding=(1, 1), bias=False)
        (8): BatchNorm2d(128, eps=0.001, momentum=0.01, affine=True, track_running_stats=True)
        (9): ReLU()
        (10): Conv2d(128, 128, kernel_size=(3, 3), stride=(1, 1), padding=(1, 1), bias=False)
        (11): BatchNorm2d(128, eps=0.001, momentum=0.01, affine=True, track_running_stats=True)
        (12): ReLU()
        (13): Conv2d(128, 128, kernel_size=(3, 3), stride=(1, 1), padding=(1, 1), bias=False)
        (14): BatchNorm2d(128, eps=0.001, momentum=0.01, affine=True, track_running_stats=True)
        (15): ReLU()
        (16): Conv2d(128, 128, kernel_size=(3, 3), stride=(1, 1), padding=(1, 1), bias=False)
        (17): BatchNorm2d(128, eps=0.001, momentum=0.01, affine=True, track_running_stats=True)
        (18): ReLU()
      )
      (2): Sequential(
        (0): ZeroPad2d(padding=(1, 1, 1, 1), value=0.0)
        (1): Conv2d(128, 256, kernel_size=(3, 3), stride=(2, 2), bias=False)
        (2): BatchNorm2d(256, eps=0.001, momentum=0.01, affine=True, track_running_stats=True)
        (3): ReLU()
        (4): Conv2d(256, 256, kernel_size=(3, 3), stride=(1, 1), padding=(1, 1), bias=False)
        (5): BatchNorm2d(256, eps=0.001, momentum=0.01, affine=True, track_running_stats=True)
        (6): ReLU()
        (7): Conv2d(256, 256, kernel_size=(3, 3), stride=(1, 1), padding=(1, 1), bias=False)
        (8): BatchNorm2d(256, eps=0.001, momentum=0.01, affine=True, track_running_stats=True)
        (9): ReLU()
        (10): Conv2d(256, 256, kernel_size=(3, 3), stride=(1, 1), padding=(1, 1), bias=False)
        (11): BatchNorm2d(256, eps=0.001, momentum=0.01, affine=True, track_running_stats=True)
        (12): ReLU()
        (13): Conv2d(256, 256, kernel_size=(3, 3), stride=(1, 1), padding=(1, 1), bias=False)
        (14): BatchNorm2d(256, eps=0.001, momentum=0.01, affine=True, track_running_stats=True)
        (15): ReLU()
        (16): Conv2d(256, 256, kernel_size=(3, 3), stride=(1, 1), padding=(1, 1), bias=False)
        (17): BatchNorm2d(256, eps=0.001, momentum=0.01, affine=True, track_running_stats=True)
        (18): ReLU()
      )
    )
    (deblocks): ModuleList(
      (0): Sequential(
        (0): Conv2d(64, 128, kernel_size=(2, 2), stride=(2, 2), bias=False)
        (1): BatchNorm2d(128, eps=0.001, momentum=0.01, affine=True, track_running_stats=True)
        (2): ReLU()
      )
      (1): Sequential(
        (0): ConvTranspose2d(128, 128, kernel_size=(1, 1), stride=(1, 1), bias=False)
        (1): BatchNorm2d(128, eps=0.001, momentum=0.01, affine=True, track_running_stats=True)
        (2): ReLU()
      )
      (2): Sequential(
        (0): ConvTranspose2d(256, 128, kernel_size=(2, 2), stride=(2, 2), bias=False)
        (1): BatchNorm2d(128, eps=0.001, momentum=0.01, affine=True, track_running_stats=True)
        (2): ReLU()
      )
    )
  )
  (dense_head): AnchorHeadMulti(
    (cls_loss_func): SigmoidFocalClassificationLoss()
    (reg_loss_func): WeightedL1Loss()
    (dir_loss_func): WeightedCrossEntropyLoss()
    (shared_conv): Sequential(
      (0): Conv2d(384, 64, kernel_size=(3, 3), stride=(1, 1), padding=(1, 1), bias=False)
      (1): BatchNorm2d(64, eps=0.001, momentum=0.01, affine=True, track_running_stats=True)
      (2): ReLU()
    )
    (rpn_heads): ModuleList(
      (0): SingleHead(
        (blocks): ModuleList()
        (deblocks): ModuleList()
        (conv_box): ModuleDict(
          (conv_reg): Sequential(
            (0): Conv2d(64, 64, kernel_size=(3, 3), stride=(1, 1), padding=(1, 1), bias=False)
            (1): BatchNorm2d(64, eps=1e-05, momentum=0.1, affine=True, track_running_stats=True)
            (2): ReLU()
            (3): Conv2d(64, 4, kernel_size=(3, 3), stride=(1, 1), padding=(1, 1))
          )
          (conv_height): Sequential(
            (0): Conv2d(64, 64, kernel_size=(3, 3), stride=(1, 1), padding=(1, 1), bias=False)
            (1): BatchNorm2d(64, eps=1e-05, momentum=0.1, affine=True, track_running_stats=True)
            (2): ReLU()
            (3): Conv2d(64, 2, kernel_size=(3, 3), stride=(1, 1), padding=(1, 1))
          )
          (conv_size): Sequential(
            (0): Conv2d(64, 64, kernel_size=(3, 3), stride=(1, 1), padding=(1, 1), bias=False)
            (1): BatchNorm2d(64, eps=1e-05, momentum=0.1, affine=True, track_running_stats=True)
            (2): ReLU()
            (3): Conv2d(64, 6, kernel_size=(3, 3), stride=(1, 1), padding=(1, 1))
          )
          (conv_angle): Sequential(
            (0): Conv2d(64, 64, kernel_size=(3, 3), stride=(1, 1), padding=(1, 1), bias=False)
            (1): BatchNorm2d(64, eps=1e-05, momentum=0.1, affine=True, track_running_stats=True)
            (2): ReLU()
            (3): Conv2d(64, 4, kernel_size=(3, 3), stride=(1, 1), padding=(1, 1))
          )
          (conv_velo): Sequential(
            (0): Conv2d(64, 64, kernel_size=(3, 3), stride=(1, 1), padding=(1, 1), bias=False)
            (1): BatchNorm2d(64, eps=1e-05, momentum=0.1, affine=True, track_running_stats=True)
            (2): ReLU()
            (3): Conv2d(64, 4, kernel_size=(3, 3), stride=(1, 1), padding=(1, 1))
          )
        )
        (conv_cls): Sequential(
          (0): Conv2d(64, 64, kernel_size=(3, 3), stride=(1, 1), padding=(1, 1), bias=False)
          (1): BatchNorm2d(64, eps=1e-05, momentum=0.1, affine=True, track_running_stats=True)
          (2): ReLU()
          (3): Conv2d(64, 2, kernel_size=(3, 3), stride=(1, 1), padding=(1, 1))
        )
      )
      (1): SingleHead(
        (blocks): ModuleList()
        (deblocks): ModuleList()
        (conv_box): ModuleDict(
          (conv_reg): Sequential(
            (0): Conv2d(64, 64, kernel_size=(3, 3), stride=(1, 1), padding=(1, 1), bias=False)
            (1): BatchNorm2d(64, eps=1e-05, momentum=0.1, affine=True, track_running_stats=True)
            (2): ReLU()
            (3): Conv2d(64, 8, kernel_size=(3, 3), stride=(1, 1), padding=(1, 1))
          )
          (conv_height): Sequential(
            (0): Conv2d(64, 64, kernel_size=(3, 3), stride=(1, 1), padding=(1, 1), bias=False)
            (1): BatchNorm2d(64, eps=1e-05, momentum=0.1, affine=True, track_running_stats=True)
            (2): ReLU()
            (3): Conv2d(64, 4, kernel_size=(3, 3), stride=(1, 1), padding=(1, 1))
          )
          (conv_size): Sequential(
            (0): Conv2d(64, 64, kernel_size=(3, 3), stride=(1, 1), padding=(1, 1), bias=False)
            (1): BatchNorm2d(64, eps=1e-05, momentum=0.1, affine=True, track_running_stats=True)
            (2): ReLU()
            (3): Conv2d(64, 12, kernel_size=(3, 3), stride=(1, 1), padding=(1, 1))
          )
          (conv_angle): Sequential(
            (0): Conv2d(64, 64, kernel_size=(3, 3), stride=(1, 1), padding=(1, 1), bias=False)
            (1): BatchNorm2d(64, eps=1e-05, momentum=0.1, affine=True, track_running_stats=True)
            (2): ReLU()
            (3): Conv2d(64, 8, kernel_size=(3, 3), stride=(1, 1), padding=(1, 1))
          )
          (conv_velo): Sequential(
            (0): Conv2d(64, 64, kernel_size=(3, 3), stride=(1, 1), padding=(1, 1), bias=False)
            (1): BatchNorm2d(64, eps=1e-05, momentum=0.1, affine=True, track_running_stats=True)
            (2): ReLU()
            (3): Conv2d(64, 8, kernel_size=(3, 3), stride=(1, 1), padding=(1, 1))
          )
        )
        (conv_cls): Sequential(
          (0): Conv2d(64, 64, kernel_size=(3, 3), stride=(1, 1), padding=(1, 1), bias=False)
          (1): BatchNorm2d(64, eps=1e-05, momentum=0.1, affine=True, track_running_stats=True)
          (2): ReLU()
          (3): Conv2d(64, 8, kernel_size=(3, 3), stride=(1, 1), padding=(1, 1))
        )
      )
      (2): SingleHead(
        (blocks): ModuleList()
        (deblocks): ModuleList()
        (conv_box): ModuleDict(
          (conv_reg): Sequential(
            (0): Conv2d(64, 64, kernel_size=(3, 3), stride=(1, 1), padding=(1, 1), bias=False)
            (1): BatchNorm2d(64, eps=1e-05, momentum=0.1, affine=True, track_running_stats=True)
            (2): ReLU()
            (3): Conv2d(64, 8, kernel_size=(3, 3), stride=(1, 1), padding=(1, 1))
          )
          (conv_height): Sequential(
            (0): Conv2d(64, 64, kernel_size=(3, 3), stride=(1, 1), padding=(1, 1), bias=False)
            (1): BatchNorm2d(64, eps=1e-05, momentum=0.1, affine=True, track_running_stats=True)
            (2): ReLU()
            (3): Conv2d(64, 4, kernel_size=(3, 3), stride=(1, 1), padding=(1, 1))
          )
          (conv_size): Sequential(
            (0): Conv2d(64, 64, kernel_size=(3, 3), stride=(1, 1), padding=(1, 1), bias=False)
            (1): BatchNorm2d(64, eps=1e-05, momentum=0.1, affine=True, track_running_stats=True)
            (2): ReLU()
            (3): Conv2d(64, 12, kernel_size=(3, 3), stride=(1, 1), padding=(1, 1))
          )
          (conv_angle): Sequential(
            (0): Conv2d(64, 64, kernel_size=(3, 3), stride=(1, 1), padding=(1, 1), bias=False)
            (1): BatchNorm2d(64, eps=1e-05, momentum=0.1, affine=True, track_running_stats=True)
            (2): ReLU()
            (3): Conv2d(64, 8, kernel_size=(3, 3), stride=(1, 1), padding=(1, 1))
          )
          (conv_velo): Sequential(
            (0): Conv2d(64, 64, kernel_size=(3, 3), stride=(1, 1), padding=(1, 1), bias=False)
            (1): BatchNorm2d(64, eps=1e-05, momentum=0.1, affine=True, track_running_stats=True)
            (2): ReLU()
            (3): Conv2d(64, 8, kernel_size=(3, 3), stride=(1, 1), padding=(1, 1))
          )
        )
        (conv_cls): Sequential(
          (0): Conv2d(64, 64, kernel_size=(3, 3), stride=(1, 1), padding=(1, 1), bias=False)
          (1): BatchNorm2d(64, eps=1e-05, momentum=0.1, affine=True, track_running_stats=True)
          (2): ReLU()
          (3): Conv2d(64, 8, kernel_size=(3, 3), stride=(1, 1), padding=(1, 1))
        )
      )
      (3): SingleHead(
        (blocks): ModuleList()
        (deblocks): ModuleList()
        (conv_box): ModuleDict(
          (conv_reg): Sequential(
            (0): Conv2d(64, 64, kernel_size=(3, 3), stride=(1, 1), padding=(1, 1), bias=False)
            (1): BatchNorm2d(64, eps=1e-05, momentum=0.1, affine=True, track_running_stats=True)
            (2): ReLU()
            (3): Conv2d(64, 4, kernel_size=(3, 3), stride=(1, 1), padding=(1, 1))
          )
          (conv_height): Sequential(
            (0): Conv2d(64, 64, kernel_size=(3, 3), stride=(1, 1), padding=(1, 1), bias=False)
            (1): BatchNorm2d(64, eps=1e-05, momentum=0.1, affine=True, track_running_stats=True)
            (2): ReLU()
            (3): Conv2d(64, 2, kernel_size=(3, 3), stride=(1, 1), padding=(1, 1))
          )
          (conv_size): Sequential(
            (0): Conv2d(64, 64, kernel_size=(3, 3), stride=(1, 1), padding=(1, 1), bias=False)
            (1): BatchNorm2d(64, eps=1e-05, momentum=0.1, affine=True, track_running_stats=True)
            (2): ReLU()
            (3): Conv2d(64, 6, kernel_size=(3, 3), stride=(1, 1), padding=(1, 1))
          )
          (conv_angle): Sequential(
            (0): Conv2d(64, 64, kernel_size=(3, 3), stride=(1, 1), padding=(1, 1), bias=False)
            (1): BatchNorm2d(64, eps=1e-05, momentum=0.1, affine=True, track_running_stats=True)
            (2): ReLU()
            (3): Conv2d(64, 4, kernel_size=(3, 3), stride=(1, 1), padding=(1, 1))
          )
          (conv_velo): Sequential(
            (0): Conv2d(64, 64, kernel_size=(3, 3), stride=(1, 1), padding=(1, 1), bias=False)
            (1): BatchNorm2d(64, eps=1e-05, momentum=0.1, affine=True, track_running_stats=True)
            (2): ReLU()
            (3): Conv2d(64, 4, kernel_size=(3, 3), stride=(1, 1), padding=(1, 1))
          )
        )
        (conv_cls): Sequential(
          (0): Conv2d(64, 64, kernel_size=(3, 3), stride=(1, 1), padding=(1, 1), bias=False)
          (1): BatchNorm2d(64, eps=1e-05, momentum=0.1, affine=True, track_running_stats=True)
          (2): ReLU()
          (3): Conv2d(64, 2, kernel_size=(3, 3), stride=(1, 1), padding=(1, 1))
        )
      )
      (4): SingleHead(
        (blocks): ModuleList()
        (deblocks): ModuleList()
        (conv_box): ModuleDict(
          (conv_reg): Sequential(
            (0): Conv2d(64, 64, kernel_size=(3, 3), stride=(1, 1), padding=(1, 1), bias=False)
            (1): BatchNorm2d(64, eps=1e-05, momentum=0.1, affine=True, track_running_stats=True)
            (2): ReLU()
            (3): Conv2d(64, 8, kernel_size=(3, 3), stride=(1, 1), padding=(1, 1))
          )
          (conv_height): Sequential(
            (0): Conv2d(64, 64, kernel_size=(3, 3), stride=(1, 1), padding=(1, 1), bias=False)
            (1): BatchNorm2d(64, eps=1e-05, momentum=0.1, affine=True, track_running_stats=True)
            (2): ReLU()
            (3): Conv2d(64, 4, kernel_size=(3, 3), stride=(1, 1), padding=(1, 1))
          )
          (conv_size): Sequential(
            (0): Conv2d(64, 64, kernel_size=(3, 3), stride=(1, 1), padding=(1, 1), bias=False)
            (1): BatchNorm2d(64, eps=1e-05, momentum=0.1, affine=True, track_running_stats=True)
            (2): ReLU()
            (3): Conv2d(64, 12, kernel_size=(3, 3), stride=(1, 1), padding=(1, 1))
          )
          (conv_angle): Sequential(
            (0): Conv2d(64, 64, kernel_size=(3, 3), stride=(1, 1), padding=(1, 1), bias=False)
            (1): BatchNorm2d(64, eps=1e-05, momentum=0.1, affine=True, track_running_stats=True)
            (2): ReLU()
            (3): Conv2d(64, 8, kernel_size=(3, 3), stride=(1, 1), padding=(1, 1))
          )
          (conv_velo): Sequential(
            (0): Conv2d(64, 64, kernel_size=(3, 3), stride=(1, 1), padding=(1, 1), bias=False)
            (1): BatchNorm2d(64, eps=1e-05, momentum=0.1, affine=True, track_running_stats=True)
            (2): ReLU()
            (3): Conv2d(64, 8, kernel_size=(3, 3), stride=(1, 1), padding=(1, 1))
          )
        )
        (conv_cls): Sequential(
          (0): Conv2d(64, 64, kernel_size=(3, 3), stride=(1, 1), padding=(1, 1), bias=False)
          (1): BatchNorm2d(64, eps=1e-05, momentum=0.1, affine=True, track_running_stats=True)
          (2): ReLU()
          (3): Conv2d(64, 8, kernel_size=(3, 3), stride=(1, 1), padding=(1, 1))
        )
      )
      (5): SingleHead(
        (blocks): ModuleList()
        (deblocks): ModuleList()
        (conv_box): ModuleDict(
          (conv_reg): Sequential(
            (0): Conv2d(64, 64, kernel_size=(3, 3), stride=(1, 1), padding=(1, 1), bias=False)
            (1): BatchNorm2d(64, eps=1e-05, momentum=0.1, affine=True, track_running_stats=True)
            (2): ReLU()
            (3): Conv2d(64, 8, kernel_size=(3, 3), stride=(1, 1), padding=(1, 1))
          )
          (conv_height): Sequential(
            (0): Conv2d(64, 64, kernel_size=(3, 3), stride=(1, 1), padding=(1, 1), bias=False)
            (1): BatchNorm2d(64, eps=1e-05, momentum=0.1, affine=True, track_running_stats=True)
            (2): ReLU()
            (3): Conv2d(64, 4, kernel_size=(3, 3), stride=(1, 1), padding=(1, 1))
          )
          (conv_size): Sequential(
            (0): Conv2d(64, 64, kernel_size=(3, 3), stride=(1, 1), padding=(1, 1), bias=False)
            (1): BatchNorm2d(64, eps=1e-05, momentum=0.1, affine=True, track_running_stats=True)
            (2): ReLU()
            (3): Conv2d(64, 12, kernel_size=(3, 3), stride=(1, 1), padding=(1, 1))
          )
          (conv_angle): Sequential(
            (0): Conv2d(64, 64, kernel_size=(3, 3), stride=(1, 1), padding=(1, 1), bias=False)
            (1): BatchNorm2d(64, eps=1e-05, momentum=0.1, affine=True, track_running_stats=True)
            (2): ReLU()
            (3): Conv2d(64, 8, kernel_size=(3, 3), stride=(1, 1), padding=(1, 1))
          )
          (conv_velo): Sequential(
            (0): Conv2d(64, 64, kernel_size=(3, 3), stride=(1, 1), padding=(1, 1), bias=False)
            (1): BatchNorm2d(64, eps=1e-05, momentum=0.1, affine=True, track_running_stats=True)
            (2): ReLU()
            (3): Conv2d(64, 8, kernel_size=(3, 3), stride=(1, 1), padding=(1, 1))
          )
        )
        (conv_cls): Sequential(
          (0): Conv2d(64, 64, kernel_size=(3, 3), stride=(1, 1), padding=(1, 1), bias=False)
          (1): BatchNorm2d(64, eps=1e-05, momentum=0.1, affine=True, track_running_stats=True)
          (2): ReLU()
          (3): Conv2d(64, 8, kernel_size=(3, 3), stride=(1, 1), padding=(1, 1))
        )
      )
    )
  )
  (point_head): None
  (roi_head): None
)
2025-08-05 19:09:27,868   INFO  **********************Start training nuscenes_models/cbgs_pp_multihead(default)**********************
2025-08-05 19:09:44,509   INFO  Train:    8/20 ( 40%) [   0/408 (  0%)]  Loss: 0.7974 (0.797)  LR: 9.657e-04  Time cost: 00:15/1:47:54 [00:16/23:22:43]  Acc_iter 2857        Data time: 6.98(6.98)  Forward time: 8.88(8.88)  Batch time: 15.86(15.86)
2025-08-05 19:12:59,635   INFO  Train:    8/20 ( 40%) [  43/408 ( 11%)]  Loss: 0.6995 (0.773)  LR: 9.725e-04  Time cost: 03:30/29:10 [03:31/7:00:28]  Acc_iter 2900        Data time: 0.01(0.17)  Forward time: 3.20(4.63)  Batch time: 3.21(4.80)
2025-08-05 19:14:30,325   INFO  Save latest model to /home/lidar/OpenPCDet/output/nuscenes_models/cbgs_pp_multihead/default/ckpt/latest_model
2025-08-05 19:17:42,302   INFO  Train:    8/20 ( 40%) [  93/408 ( 23%)]  Loss: 0.7908 (0.762)  LR: 9.795e-04  Time cost: 08:13/27:34 [08:14/7:36:06]  Acc_iter 2950        Data time: 0.00(0.09)  Forward time: 7.13(5.16)  Batch time: 7.14(5.25)
2025-08-05 19:19:32,817   INFO  Save latest model to /home/lidar/OpenPCDet/output/nuscenes_models/cbgs_pp_multihead/default/ckpt/latest_model
2025-08-05 19:22:50,083   INFO  Train:    8/20 ( 40%) [ 143/408 ( 35%)]  Loss: 0.7222 (0.763)  LR: 9.854e-04  Time cost: 13:21/24:34 [13:22/7:58:44]  Acc_iter 3000        Data time: 0.00(0.06)  Forward time: 5.46(5.50)  Batch time: 5.46(5.57)
2025-08-05 19:22:50,494   INFO  
2025-08-05 19:24:29,940   INFO  Save latest model to /home/lidar/OpenPCDet/output/nuscenes_models/cbgs_pp_multihead/default/ckpt/latest_model
2025-08-05 19:28:00,693   INFO  Train:    8/20 ( 40%) [ 193/408 ( 47%)]  Loss: 0.8777 (0.773)  LR: 9.904e-04  Time cost: 18:32/20:32 [18:32/8:08:17]  Acc_iter 3050        Data time: 0.00(0.05)  Forward time: 8.91(5.68)  Batch time: 8.92(5.73)
2025-08-05 19:29:30,838   INFO  Save latest model to /home/lidar/OpenPCDet/output/nuscenes_models/cbgs_pp_multihead/default/ckpt/latest_model
2025-08-05 19:30:23,580   INFO  Train:    8/20 ( 40%) [ 243/408 ( 60%)]  Loss: 0.7684 (0.772)  LR: 9.943e-04  Time cost: 20:54/14:08 [20:55/7:13:49]  Acc_iter 3100        Data time: 0.01(0.04)  Forward time: 2.73(5.10)  Batch time: 2.73(5.14)
2025-08-05 19:32:50,283   INFO  Train:    8/20 ( 40%) [ 293/408 ( 72%)]  Loss: 0.7457 (0.767)  LR: 9.972e-04  Time cost: 23:21/09:08 [23:22/6:38:09]  Acc_iter 3150        Data time: 0.01(0.04)  Forward time: 4.40(4.73)  Batch time: 4.40(4.77)
2025-08-05 19:32:50,503   INFO  
2025-08-05 19:34:30,630   INFO  Save latest model to /home/lidar/OpenPCDet/output/nuscenes_models/cbgs_pp_multihead/default/ckpt/latest_model
2025-08-05 19:35:51,949   INFO  Train:    8/20 ( 40%) [ 343/408 ( 84%)]  Loss: 0.6754 (0.763)  LR: 9.991e-04  Time cost: 26:23/04:59 [26:24/6:20:33]  Acc_iter 3200        Data time: 0.01(0.03)  Forward time: 3.78(4.57)  Batch time: 3.78(4.60)
2025-08-05 19:39:00,070   INFO  Train:    8/20 ( 40%) [ 393/408 ( 96%)]  Loss: 0.7193 (0.756)  LR: 1.000e-03  Time cost: 29:31/01:07 [29:32/6:07:59]  Acc_iter 3250        Data time: 0.01(0.03)  Forward time: 3.65(4.47)  Batch time: 3.66(4.50)
2025-08-05 19:39:30,104   INFO  Save latest model to /home/lidar/OpenPCDet/output/nuscenes_models/cbgs_pp_multihead/default/ckpt/latest_model
2025-08-05 19:39:50,081   INFO  Train:    8/20 ( 40%) [ 407/408 (100%)]  Loss: 0.7316 (0.756)  LR: 1.000e-03  Time cost: 30:21/00:04 [30:22/6:04:21]  Acc_iter 3264        Data time: 0.01(0.03)  Forward time: 2.15(4.44)  Batch time: 2.15(4.46)
2025-08-05 19:39:56,758   INFO  Train:    9/20 ( 45%) [   0/408 (  0%)]  Loss: 0.7659 (0.766)  LR: 1.000e-03  Time cost: 00:05/39:02 [30:28/7:48:32]  Acc_iter 3265        Data time: 2.08(2.08)  Forward time: 3.66(3.66)  Batch time: 5.74(5.74)
2025-08-05 19:43:10,950   INFO  Train:    9/20 ( 45%) [  35/408 (  9%)]  Loss: 0.6148 (0.723)  LR: 9.999e-04  Time cost: 03:19/34:31 [33:43/7:29:56]  Acc_iter 3300        Data time: 0.01(0.06)  Forward time: 6.46(5.49)  Batch time: 6.46(5.55)
2025-08-05 19:43:11,121   INFO  
2025-08-05 19:44:56,782   INFO  Save latest model to /home/lidar/OpenPCDet/output/nuscenes_models/cbgs_pp_multihead/default/ckpt/latest_model
2025-08-05 19:47:53,914   INFO  Train:    9/20 ( 45%) [  85/408 ( 21%)]  Loss: 0.7328 (0.720)  LR: 9.993e-04  Time cost: 08:02/30:13 [38:26/7:30:14]  Acc_iter 3350        Data time: 0.01(0.03)  Forward time: 5.90(5.58)  Batch time: 5.91(5.62)
2025-08-05 19:49:51,742   INFO  Save latest model to /home/lidar/OpenPCDet/output/nuscenes_models/cbgs_pp_multihead/default/ckpt/latest_model
2025-08-05 19:52:33,200   INFO  Train:    9/20 ( 45%) [ 135/408 ( 33%)]  Loss: 0.7284 (0.717)  LR: 9.981e-04  Time cost: 12:42/25:29 [43:05/7:24:42]  Acc_iter 3400        Data time: 0.00(0.02)  Forward time: 5.38(5.58)  Batch time: 5.39(5.60)
2025-08-05 19:54:56,773   INFO  Save latest model to /home/lidar/OpenPCDet/output/nuscenes_models/cbgs_pp_multihead/default/ckpt/latest_model
2025-08-05 19:57:17,866   INFO  Train:    9/20 ( 45%) [ 185/408 ( 45%)]  Loss: 0.6874 (0.711)  LR: 9.965e-04  Time cost: 17:26/20:55 [47:49/7:21:54]  Acc_iter 3450        Data time: 0.01(0.04)  Forward time: 6.16(5.59)  Batch time: 6.16(5.63)
2025-08-05 19:57:18,051   INFO  
2025-08-05 19:59:55,633   INFO  Save latest model to /home/lidar/OpenPCDet/output/nuscenes_models/cbgs_pp_multihead/default/ckpt/latest_model
2025-08-05 20:01:58,513   INFO  Train:    9/20 ( 45%) [ 235/408 ( 58%)]  Loss: 0.6734 (0.709)  LR: 9.943e-04  Time cost: 22:07/16:13 [52:30/7:16:58]  Acc_iter 3500        Data time: 0.00(0.03)  Forward time: 4.91(5.59)  Batch time: 4.92(5.62)
2025-08-05 20:04:54,616   INFO  Save latest model to /home/lidar/OpenPCDet/output/nuscenes_models/cbgs_pp_multihead/default/ckpt/latest_model
2025-08-05 20:06:35,108   INFO  Train:    9/20 ( 45%) [ 285/408 ( 70%)]  Loss: 0.6327 (0.705)  LR: 9.917e-04  Time cost: 26:44/11:29 [57:07/7:11:01]  Acc_iter 3550        Data time: 0.01(0.03)  Forward time: 5.17(5.58)  Batch time: 5.18(5.61)
2025-08-05 20:09:52,485   INFO  Save latest model to /home/lidar/OpenPCDet/output/nuscenes_models/cbgs_pp_multihead/default/ckpt/latest_model
2025-08-05 20:11:20,004   INFO  Train:    9/20 ( 45%) [ 335/408 ( 82%)]  Loss: 0.7631 (0.701)  LR: 9.885e-04  Time cost: 31:28/06:50 [1:01:52/7:07:21]  Acc_iter 3600        Data time: 0.01(0.02)  Forward time: 6.78(5.60)  Batch time: 6.79(5.62)
2025-08-05 20:11:20,178   INFO  
2025-08-05 20:14:52,978   INFO  Save latest model to /home/lidar/OpenPCDet/output/nuscenes_models/cbgs_pp_multihead/default/ckpt/latest_model
2025-08-05 20:16:00,859   INFO  Train:    9/20 ( 45%) [ 385/408 ( 94%)]  Loss: 0.7728 (0.697)  LR: 9.848e-04  Time cost: 36:09/02:09 [1:06:32/7:02:37]  Acc_iter 3650        Data time: 0.01(0.02)  Forward time: 5.78(5.60)  Batch time: 5.79(5.62)
2025-08-05 20:18:03,016   INFO  Train:    9/20 ( 45%) [ 407/408 (100%)]  Loss: 0.6116 (0.697)  LR: 9.830e-04  Time cost: 38:12/00:05 [1:08:35/7:00:17]  Acc_iter 3672        Data time: 0.01(0.02)  Forward time: 1.26(5.60)  Batch time: 1.27(5.62)
2025-08-05 20:18:11,502   INFO  Train:   10/20 ( 50%) [   0/408 (  0%)]  Loss: 0.6188 (0.619)  LR: 9.830e-04  Time cost: 00:07/53:02 [1:08:43/9:43:29]  Acc_iter 3673        Data time: 1.97(1.97)  Forward time: 5.83(5.83)  Batch time: 7.80(7.80)
2025-08-05 20:20:43,473   INFO  Train:   10/20 ( 50%) [  27/408 (  7%)]  Loss: 0.6803 (0.660)  LR: 9.806e-04  Time cost: 02:39/36:14 [1:11:15/7:04:15]  Acc_iter 3700        Data time: 0.00(0.08)  Forward time: 7.28(5.63)  Batch time: 7.29(5.71)
2025-08-05 20:23:07,176   INFO  Save latest model to /home/lidar/OpenPCDet/output/nuscenes_models/cbgs_pp_multihead/default/ckpt/latest_model
2025-08-05 20:25:26,104   INFO  Train:   10/20 ( 50%) [  77/408 ( 19%)]  Loss: 0.7056 (0.670)  LR: 9.760e-04  Time cost: 07:22/31:17 [1:15:58/6:56:58]  Acc_iter 3750        Data time: 0.01(0.03)  Forward time: 5.06(5.64)  Batch time: 5.06(5.67)
2025-08-05 20:25:26,274   INFO  
2025-08-05 20:28:06,527   INFO  Save latest model to /home/lidar/OpenPCDet/output/nuscenes_models/cbgs_pp_multihead/default/ckpt/latest_model
2025-08-05 20:30:09,945   INFO  Train:   10/20 ( 50%) [ 127/408 ( 31%)]  Loss: 0.5699 (0.671)  LR: 9.708e-04  Time cost: 12:06/26:34 [1:20:42/6:52:23]  Acc_iter 3800        Data time: 0.00(0.02)  Forward time: 6.00(5.65)  Batch time: 6.01(5.67)
2025-08-05 20:33:07,577   INFO  Save latest model to /home/lidar/OpenPCDet/output/nuscenes_models/cbgs_pp_multihead/default/ckpt/latest_model
2025-08-05 20:34:47,832   INFO  Train:   10/20 ( 50%) [ 177/408 ( 43%)]  Loss: 0.6451 (0.666)  LR: 9.652e-04  Time cost: 16:44/21:43 [1:25:19/6:45:19]  Acc_iter 3850        Data time: 0.00(0.02)  Forward time: 4.89(5.62)  Batch time: 4.89(5.64)
2025-08-05 20:38:07,036   INFO  Save latest model to /home/lidar/OpenPCDet/output/nuscenes_models/cbgs_pp_multihead/default/ckpt/latest_model
2025-08-05 20:39:28,376   INFO  Train:   10/20 ( 50%) [ 227/408 ( 56%)]  Loss: 0.5175 (0.659)  LR: 9.591e-04  Time cost: 21:24/16:59 [1:30:00/6:40:08]  Acc_iter 3900        Data time: 0.01(0.02)  Forward time: 4.65(5.62)  Batch time: 4.65(5.63)
2025-08-05 20:39:28,556   INFO  
2025-08-05 20:43:07,899   INFO  Save latest model to /home/lidar/OpenPCDet/output/nuscenes_models/cbgs_pp_multihead/default/ckpt/latest_model
2025-08-05 20:44:17,067   INFO  Train:   10/20 ( 50%) [ 277/408 ( 68%)]  Loss: 0.6739 (0.659)  LR: 9.525e-04  Time cost: 26:13/12:21 [1:34:49/6:37:12]  Acc_iter 3950        Data time: 0.00(0.02)  Forward time: 5.80(5.64)  Batch time: 5.80(5.66)
2025-08-05 20:48:05,938   INFO  Save latest model to /home/lidar/OpenPCDet/output/nuscenes_models/cbgs_pp_multihead/default/ckpt/latest_model
2025-08-05 20:48:56,284   INFO  Train:   10/20 ( 50%) [ 327/408 ( 80%)]  Loss: 0.5876 (0.655)  LR: 9.454e-04  Time cost: 30:52/07:37 [1:39:28/6:31:41]  Acc_iter 4000        Data time: 0.01(0.02)  Forward time: 5.73(5.63)  Batch time: 5.74(5.65)
2025-08-05 20:53:05,745   INFO  Save latest model to /home/lidar/OpenPCDet/output/nuscenes_models/cbgs_pp_multihead/default/ckpt/latest_model
2025-08-05 20:53:35,299   INFO  Train:   10/20 ( 50%) [ 377/408 ( 92%)]  Loss: 0.7470 (0.652)  LR: 9.379e-04  Time cost: 35:31/02:54 [1:44:07/6:26:22]  Acc_iter 4050        Data time: 0.01(0.01)  Forward time: 5.77(5.62)  Batch time: 5.77(5.64)
2025-08-05 20:53:35,473   INFO  
2025-08-05 20:56:24,388   INFO  Train:   10/20 ( 50%) [ 407/408 (100%)]  Loss: 0.6255 (0.651)  LR: 9.332e-04  Time cost: 38:20/00:05 [1:46:56/6:23:32]  Acc_iter 4080        Data time: 0.01(0.01)  Forward time: 3.29(5.62)  Batch time: 3.29(5.64)
2025-08-05 20:56:32,028   INFO  Train:   11/20 ( 55%) [   0/408 (  0%)]  Loss: 0.7930 (0.793)  LR: 9.330e-04  Time cost: 00:06/47:10 [1:47:04/7:51:41]  Acc_iter 4081        Data time: 1.86(1.86)  Forward time: 5.07(5.07)  Batch time: 6.93(6.93)
2025-08-05 20:58:18,234   INFO  Train:   11/20 ( 55%) [  19/408 (  5%)]  Loss: 0.6332 (0.649)  LR: 9.299e-04  Time cost: 01:53/36:40 [1:48:50/6:22:53]  Acc_iter 4100        Data time: 0.00(0.10)  Forward time: 5.26(5.56)  Batch time: 5.26(5.66)
2025-08-05 21:01:28,589   INFO  Save latest model to /home/lidar/OpenPCDet/output/nuscenes_models/cbgs_pp_multihead/default/ckpt/latest_model
2025-08-05 21:02:59,023   INFO  Train:   11/20 ( 55%) [  69/408 ( 17%)]  Loss: 0.7220 (0.642)  LR: 9.215e-04  Time cost: 06:33/31:47 [1:53:31/6:16:12]  Acc_iter 4150        Data time: 0.01(0.03)  Forward time: 5.69(5.59)  Batch time: 5.69(5.63)
2025-08-05 21:06:28,497   INFO  Save latest model to /home/lidar/OpenPCDet/output/nuscenes_models/cbgs_pp_multihead/default/ckpt/latest_model
2025-08-05 21:07:41,632   INFO  Train:   11/20 ( 55%) [ 119/408 ( 29%)]  Loss: 0.5378 (0.628)  LR: 9.127e-04  Time cost: 11:16/27:09 [1:58:13/6:12:11]  Acc_iter 4200        Data time: 0.01(0.02)  Forward time: 5.98(5.61)  Batch time: 5.98(5.64)
2025-08-05 21:07:41,832   INFO  
2025-08-05 21:11:28,948   INFO  Save latest model to /home/lidar/OpenPCDet/output/nuscenes_models/cbgs_pp_multihead/default/ckpt/latest_model
2025-08-05 21:12:30,892   INFO  Train:   11/20 ( 55%) [ 169/408 ( 41%)]  Loss: 0.6463 (0.627)  LR: 9.034e-04  Time cost: 16:05/22:37 [2:03:03/6:10:19]  Acc_iter 4250        Data time: 0.00(0.02)  Forward time: 5.59(5.66)  Batch time: 5.59(5.68)
2025-08-05 21:16:28,151   INFO  Save latest model to /home/lidar/OpenPCDet/output/nuscenes_models/cbgs_pp_multihead/default/ckpt/latest_model
2025-08-05 21:16:45,042   INFO  Train:   11/20 ( 55%) [ 219/408 ( 54%)]  Loss: 0.5432 (0.618)  LR: 8.937e-04  Time cost: 20:19/17:28 [2:07:17/5:56:50]  Acc_iter 4300        Data time: 0.00(0.02)  Forward time: 3.42(5.53)  Batch time: 3.43(5.55)
2025-08-05 21:19:23,298   INFO  Train:   11/20 ( 55%) [ 269/408 ( 66%)]  Loss: 0.5111 (0.619)  LR: 8.836e-04  Time cost: 22:58/11:49 [2:09:55/5:24:13]  Acc_iter 4350        Data time: 0.01(0.02)  Forward time: 4.14(5.09)  Batch time: 4.15(5.10)
2025-08-05 21:19:23,545   INFO  
2025-08-05 21:21:25,657   INFO  Save latest model to /home/lidar/OpenPCDet/output/nuscenes_models/cbgs_pp_multihead/default/ckpt/latest_model
2025-08-05 21:22:01,366   INFO  Train:   11/20 ( 55%) [ 319/408 ( 78%)]  Loss: 0.5901 (0.619)  LR: 8.732e-04  Time cost: 25:36/07:07 [2:12:33/5:00:56]  Acc_iter 4400        Data time: 0.00(0.02)  Forward time: 4.60(4.79)  Batch time: 4.60(4.80)
2025-08-05 21:24:37,154   INFO  Train:   11/20 ( 55%) [ 369/408 ( 90%)]  Loss: 0.6260 (0.615)  LR: 8.623e-04  Time cost: 28:12/02:58 [2:15:09/4:42:50]  Acc_iter 4450        Data time: 0.01(0.01)  Forward time: 3.80(4.56)  Batch time: 3.81(4.57)
2025-08-05 21:26:26,235   INFO  Save latest model to /home/lidar/OpenPCDet/output/nuscenes_models/cbgs_pp_multihead/default/ckpt/latest_model
2025-08-05 21:26:33,872   INFO  Train:   11/20 ( 55%) [ 407/408 (100%)]  Loss: 0.5987 (0.616)  LR: 8.538e-04  Time cost: 30:08/00:04 [2:17:06/4:31:23]  Acc_iter 4488        Data time: 0.01(0.01)  Forward time: 1.91(4.42)  Batch time: 1.91(4.43)
2025-08-05 21:26:41,547   INFO  Train:   12/20 ( 60%) [   0/408 (  0%)]  Loss: 0.6172 (0.617)  LR: 8.536e-04  Time cost: 00:06/45:22 [2:17:13/6:48:23]  Acc_iter 4489        Data time: 3.06(3.06)  Forward time: 3.61(3.61)  Batch time: 6.67(6.67)
2025-08-05 21:27:12,709   INFO  Train:   12/20 ( 60%) [  11/408 (  3%)]  Loss: 0.5105 (0.560)  LR: 8.511e-04  Time cost: 00:37/20:51 [2:17:44/3:12:22]  Acc_iter 4500        Data time: 0.01(0.26)  Forward time: 3.27(2.89)  Batch time: 3.28(3.15)
2025-08-05 21:27:12,902   INFO  
2025-08-05 21:29:47,968   INFO  Train:   12/20 ( 60%) [  61/408 ( 15%)]  Loss: 0.5416 (0.575)  LR: 8.394e-04  Time cost: 03:13/18:00 [2:20:20/3:07:26]  Acc_iter 4550        Data time: 0.01(0.06)  Forward time: 2.94(3.06)  Batch time: 2.94(3.11)
2025-08-05 21:31:37,663   INFO  Save latest model to /home/lidar/OpenPCDet/output/nuscenes_models/cbgs_pp_multihead/default/ckpt/latest_model
2025-08-05 21:32:37,870   INFO  Train:   12/20 ( 60%) [ 111/408 ( 27%)]  Loss: 0.6471 (0.588)  LR: 8.275e-04  Time cost: 06:02/16:02 [2:23:09/3:12:21]  Acc_iter 4600        Data time: 0.01(0.04)  Forward time: 3.60(3.21)  Batch time: 3.60(3.24)
2025-08-05 21:35:16,957   INFO  Train:   12/20 ( 60%) [ 161/408 ( 39%)]  Loss: 0.5541 (0.582)  LR: 8.152e-04  Time cost: 08:42/13:16 [2:25:49/3:08:35]  Acc_iter 4650        Data time: 0.00(0.03)  Forward time: 1.68(3.20)  Batch time: 1.69(3.22)
2025-08-05 21:35:17,170   INFO  
2025-08-05 21:36:37,199   INFO  Save latest model to /home/lidar/OpenPCDet/output/nuscenes_models/cbgs_pp_multihead/default/ckpt/latest_model
2025-08-05 21:37:53,842   INFO  Train:   12/20 ( 60%) [ 211/408 ( 52%)]  Loss: 0.4674 (0.578)  LR: 8.026e-04  Time cost: 11:18/10:30 [2:28:25/3:04:44]  Acc_iter 4700        Data time: 0.00(0.02)  Forward time: 3.04(3.18)  Batch time: 3.05(3.20)
2025-08-05 21:40:35,194   INFO  Train:   12/20 ( 60%) [ 261/408 ( 64%)]  Loss: 0.5277 (0.576)  LR: 7.897e-04  Time cost: 14:00/07:51 [2:31:07/3:02:20]  Acc_iter 4750        Data time: 0.00(0.02)  Forward time: 3.16(3.19)  Batch time: 3.16(3.21)
2025-08-05 21:41:36,831   INFO  Save latest model to /home/lidar/OpenPCDet/output/nuscenes_models/cbgs_pp_multihead/default/ckpt/latest_model
2025-08-05 21:43:18,796   INFO  Train:   12/20 ( 60%) [ 311/408 ( 76%)]  Loss: 0.5487 (0.575)  LR: 7.765e-04  Time cost: 16:43/05:12 [2:33:50/3:00:14]  Acc_iter 4800        Data time: 0.01(0.02)  Forward time: 4.07(3.20)  Batch time: 4.07(3.22)
2025-08-05 21:43:19,004   INFO  
2025-08-05 21:45:54,844   INFO  Train:   12/20 ( 60%) [ 361/408 ( 88%)]  Loss: 0.5547 (0.571)  LR: 7.629e-04  Time cost: 19:19/02:30 [2:36:26/2:56:49]  Acc_iter 4850        Data time: 0.01(0.02)  Forward time: 2.99(3.19)  Batch time: 3.00(3.20)
2025-08-05 21:46:37,857   INFO  Save latest model to /home/lidar/OpenPCDet/output/nuscenes_models/cbgs_pp_multihead/default/ckpt/latest_model
2025-08-05 21:48:15,764   INFO  Train:   12/20 ( 60%) [ 407/408 (100%)]  Loss: 0.5659 (0.570)  LR: 7.503e-04  Time cost: 21:40/00:03 [2:38:47/2:53:30]  Acc_iter 4896        Data time: 0.00(0.02)  Forward time: 1.46(3.17)  Batch time: 1.47(3.19)
2025-08-05 21:48:22,976   INFO  Train:   13/20 ( 65%) [   0/408 (  0%)]  Loss: 0.4556 (0.456)  LR: 7.500e-04  Time cost: 00:06/43:59 [2:38:55/5:51:55]  Acc_iter 4897        Data time: 2.09(2.09)  Forward time: 4.38(4.38)  Batch time: 6.46(6.46)
2025-08-05 21:48:34,070   INFO  Train:   13/20 ( 65%) [   3/408 (  1%)]  Loss: 0.6265 (0.557)  LR: 7.492e-04  Time cost: 00:17/29:38 [2:39:06/3:58:38]  Acc_iter 4900        Data time: 0.01(0.53)  Forward time: 3.60(3.86)  Batch time: 3.61(4.39)
2025-08-05 21:51:05,570   INFO  Train:   13/20 ( 65%) [  53/408 ( 13%)]  Loss: 0.5551 (0.552)  LR: 7.351e-04  Time cost: 02:49/18:31 [2:41:37/2:47:33]  Acc_iter 4950        Data time: 0.01(0.04)  Forward time: 3.45(3.09)  Batch time: 3.45(3.13)
2025-08-05 21:51:05,756   INFO  
2025-08-05 21:53:16,869   INFO  Save latest model to /home/lidar/OpenPCDet/output/nuscenes_models/cbgs_pp_multihead/default/ckpt/latest_model
2025-08-05 21:53:42,235   INFO  Train:   13/20 ( 65%) [ 103/408 ( 25%)]  Loss: 0.5274 (0.555)  LR: 7.209e-04  Time cost: 05:25/15:55 [2:44:14/2:45:00]  Acc_iter 5000        Data time: 0.00(0.03)  Forward time: 2.14(3.10)  Batch time: 2.15(3.13)
2025-08-05 21:56:25,147   INFO  Train:   13/20 ( 65%) [ 153/408 ( 38%)]  Loss: 0.5617 (0.553)  LR: 7.064e-04  Time cost: 08:08/13:29 [2:46:57/2:44:31]  Acc_iter 5050        Data time: 0.00(0.02)  Forward time: 1.99(3.15)  Batch time: 1.99(3.17)
2025-08-05 21:58:18,826   INFO  Save latest model to /home/lidar/OpenPCDet/output/nuscenes_models/cbgs_pp_multihead/default/ckpt/latest_model
2025-08-05 21:58:59,682   INFO  Train:   13/20 ( 65%) [ 203/408 ( 50%)]  Loss: 0.5199 (0.547)  LR: 6.916e-04  Time cost: 10:43/10:46 [2:49:31/2:40:50]  Acc_iter 5100        Data time: 0.00(0.02)  Forward time: 4.67(3.13)  Batch time: 4.67(3.15)
2025-08-05 21:58:59,869   INFO  
2025-08-05 22:01:40,197   INFO  Train:   13/20 ( 65%) [ 253/408 ( 62%)]  Loss: 0.4902 (0.545)  LR: 6.767e-04  Time cost: 13:23/08:10 [2:52:12/2:38:47]  Acc_iter 5150        Data time: 0.00(0.02)  Forward time: 3.59(3.15)  Batch time: 3.60(3.16)
2025-08-05 22:03:17,518   INFO  Save latest model to /home/lidar/OpenPCDet/output/nuscenes_models/cbgs_pp_multihead/default/ckpt/latest_model
2025-08-05 22:04:13,984   INFO  Train:   13/20 ( 65%) [ 303/408 ( 74%)]  Loss: 0.5124 (0.543)  LR: 6.616e-04  Time cost: 15:57/05:30 [2:54:46/2:35:25]  Acc_iter 5200        Data time: 0.00(0.02)  Forward time: 3.58(3.13)  Batch time: 3.59(3.15)
2025-08-05 22:06:47,154   INFO  Train:   13/20 ( 65%) [ 353/408 ( 87%)]  Loss: 0.4365 (0.543)  LR: 6.464e-04  Time cost: 18:30/02:52 [2:57:19/2:32:13]  Acc_iter 5250        Data time: 0.00(0.01)  Forward time: 3.34(3.12)  Batch time: 3.34(3.14)
2025-08-05 22:06:47,341   INFO  
2025-08-05 22:08:19,399   INFO  Save latest model to /home/lidar/OpenPCDet/output/nuscenes_models/cbgs_pp_multihead/default/ckpt/latest_model
2025-08-05 22:09:25,964   INFO  Train:   13/20 ( 65%) [ 403/408 ( 99%)]  Loss: 0.4772 (0.540)  LR: 6.310e-04  Time cost: 21:09/00:15 [2:59:58/2:29:49]  Acc_iter 5300        Data time: 0.01(0.01)  Forward time: 2.87(3.13)  Batch time: 2.88(3.14)
2025-08-05 22:09:38,216   INFO  Train:   13/20 ( 65%) [ 407/408 (100%)]  Loss: 0.4957 (0.541)  LR: 6.297e-04  Time cost: 21:21/00:03 [3:00:10/2:29:35]  Acc_iter 5304        Data time: 0.01(0.01)  Forward time: 2.21(3.13)  Batch time: 2.21(3.14)
2025-08-05 22:09:43,636   INFO  Train:   14/20 ( 70%) [   0/408 (  0%)]  Loss: 0.5267 (0.527)  LR: 6.294e-04  Time cost: 00:04/32:10 [3:00:15/3:45:15]  Acc_iter 5305        Data time: 1.49(1.49)  Forward time: 3.23(3.23)  Batch time: 4.73(4.73)
2025-08-05 22:12:04,435   INFO  Train:   14/20 ( 70%) [  45/408 ( 11%)]  Loss: 0.4719 (0.518)  LR: 6.154e-04  Time cost: 02:25/19:08 [3:02:36/2:28:13]  Acc_iter 5350        Data time: 0.01(0.04)  Forward time: 3.88(3.13)  Batch time: 3.88(3.16)
2025-08-05 22:14:37,264   INFO  Train:   14/20 ( 70%) [  95/408 ( 23%)]  Loss: 0.5287 (0.525)  LR: 5.998e-04  Time cost: 04:58/16:12 [3:05:09/2:23:00]  Acc_iter 5400        Data time: 0.01(0.02)  Forward time: 3.98(3.09)  Batch time: 3.98(3.11)
2025-08-05 22:14:37,454   INFO  
2025-08-05 22:14:40,513   INFO  Save latest model to /home/lidar/OpenPCDet/output/nuscenes_models/cbgs_pp_multihead/default/ckpt/latest_model
2025-08-05 22:17:09,204   INFO  Train:   14/20 ( 70%) [ 145/408 ( 36%)]  Loss: 0.5058 (0.520)  LR: 5.840e-04  Time cost: 07:30/13:31 [3:07:41/2:19:21]  Acc_iter 5450        Data time: 0.01(0.02)  Forward time: 2.90(3.07)  Batch time: 2.90(3.08)
2025-08-05 22:19:38,701   INFO  Train:   14/20 ( 70%) [ 195/408 ( 48%)]  Loss: 0.4757 (0.518)  LR: 5.681e-04  Time cost: 09:59/10:51 [3:10:10/2:15:43]  Acc_iter 5500        Data time: 0.01(0.01)  Forward time: 3.72(3.05)  Batch time: 3.72(3.06)
2025-08-05 22:19:41,553   INFO  Save latest model to /home/lidar/OpenPCDet/output/nuscenes_models/cbgs_pp_multihead/default/ckpt/latest_model
2025-08-05 22:22:14,282   INFO  Train:   14/20 ( 70%) [ 245/408 ( 60%)]  Loss: 0.5003 (0.515)  LR: 5.522e-04  Time cost: 12:35/08:20 [3:12:46/2:13:37]  Acc_iter 5550        Data time: 0.01(0.01)  Forward time: 4.50(3.06)  Batch time: 4.50(3.07)
2025-08-05 22:22:14,476   INFO  
2025-08-05 22:24:39,993   INFO  Save latest model to /home/lidar/OpenPCDet/output/nuscenes_models/cbgs_pp_multihead/default/ckpt/latest_model
2025-08-05 22:24:55,984   INFO  Train:   14/20 ( 70%) [ 295/408 ( 72%)]  Loss: 0.5087 (0.515)  LR: 5.362e-04  Time cost: 15:17/05:50 [3:15:28/2:12:14]  Acc_iter 5600        Data time: 0.01(0.01)  Forward time: 3.19(3.08)  Batch time: 3.20(3.10)
2025-08-05 22:27:31,311   INFO  Train:   14/20 ( 70%) [ 345/408 ( 85%)]  Loss: 0.5771 (0.514)  LR: 5.202e-04  Time cost: 17:52/03:15 [3:18:03/2:09:42]  Acc_iter 5650        Data time: 0.00(0.01)  Forward time: 4.32(3.09)  Batch time: 4.33(3.10)
2025-08-05 22:29:40,714   INFO  Save latest model to /home/lidar/OpenPCDet/output/nuscenes_models/cbgs_pp_multihead/default/ckpt/latest_model
2025-08-05 22:30:06,413   INFO  Train:   14/20 ( 70%) [ 395/408 ( 97%)]  Loss: 0.5052 (0.512)  LR: 5.042e-04  Time cost: 20:27/00:40 [3:20:38/2:07:08]  Acc_iter 5700        Data time: 0.01(0.01)  Forward time: 3.62(3.09)  Batch time: 3.63(3.10)
2025-08-05 22:30:06,609   INFO  
2025-08-05 22:30:44,289   INFO  Train:   14/20 ( 70%) [ 407/408 (100%)]  Loss: 0.7043 (0.512)  LR: 5.003e-04  Time cost: 21:05/00:03 [3:21:16/2:06:35]  Acc_iter 5712        Data time: 0.00(0.01)  Forward time: 2.13(3.09)  Batch time: 2.14(3.10)
2025-08-05 22:30:50,770   INFO  Train:   15/20 ( 75%) [   0/408 (  0%)]  Loss: 0.4534 (0.453)  LR: 5.000e-04  Time cost: 00:05/39:05 [3:21:22/3:54:30]  Acc_iter 5713        Data time: 2.13(2.13)  Forward time: 3.62(3.62)  Batch time: 5.74(5.74)
2025-08-05 22:32:45,502   INFO  Train:   15/20 ( 75%) [  37/408 (  9%)]  Loss: 0.5243 (0.499)  LR: 4.881e-04  Time cost: 02:00/19:36 [3:23:17/2:07:24]  Acc_iter 5750        Data time: 0.01(0.06)  Forward time: 2.97(3.11)  Batch time: 2.98(3.17)
2025-08-05 22:35:17,017   INFO  Train:   15/20 ( 75%) [  87/408 ( 21%)]  Loss: 0.4463 (0.497)  LR: 4.721e-04  Time cost: 04:31/16:32 [3:25:49/2:01:37]  Acc_iter 5800        Data time: 0.01(0.03)  Forward time: 2.22(3.06)  Batch time: 2.22(3.09)
2025-08-05 22:35:47,627   INFO  Save latest model to /home/lidar/OpenPCDet/output/nuscenes_models/cbgs_pp_multihead/default/ckpt/latest_model
2025-08-05 22:37:54,254   INFO  Train:   15/20 ( 75%) [ 137/408 ( 34%)]  Loss: 0.4866 (0.490)  LR: 4.561e-04  Time cost: 07:09/14:02 [3:28:26/1:59:48]  Acc_iter 5850        Data time: 0.01(0.02)  Forward time: 3.07(3.09)  Batch time: 3.07(3.11)
2025-08-05 22:37:54,459   INFO  
2025-08-05 22:40:28,561   INFO  Train:   15/20 ( 75%) [ 187/408 ( 46%)]  Loss: 0.5794 (0.493)  LR: 4.402e-04  Time cost: 09:43/11:25 [3:31:00/1:56:57]  Acc_iter 5900        Data time: 0.01(0.02)  Forward time: 4.12(3.09)  Batch time: 4.12(3.10)
2025-08-05 22:40:47,011   INFO  Save latest model to /home/lidar/OpenPCDet/output/nuscenes_models/cbgs_pp_multihead/default/ckpt/latest_model
2025-08-05 22:43:03,507   INFO  Train:   15/20 ( 75%) [ 237/408 ( 58%)]  Loss: 0.5977 (0.491)  LR: 4.243e-04  Time cost: 12:18/08:50 [3:33:35/1:54:20]  Acc_iter 5950        Data time: 0.00(0.02)  Forward time: 3.40(3.09)  Batch time: 3.41(3.10)
2025-08-05 22:45:36,975   INFO  Train:   15/20 ( 75%) [ 287/408 ( 70%)]  Loss: 0.4331 (0.489)  LR: 4.084e-04  Time cost: 14:51/06:14 [3:36:09/1:51:32]  Acc_iter 6000        Data time: 0.00(0.01)  Forward time: 2.85(3.08)  Batch time: 2.85(3.10)
2025-08-05 22:45:37,161   INFO  
2025-08-05 22:45:48,424   INFO  Save latest model to /home/lidar/OpenPCDet/output/nuscenes_models/cbgs_pp_multihead/default/ckpt/latest_model
2025-08-05 22:48:11,519   INFO  Train:   15/20 ( 75%) [ 337/408 ( 83%)]  Loss: 0.5505 (0.487)  LR: 3.927e-04  Time cost: 17:26/03:39 [3:38:43/1:48:55]  Acc_iter 6050        Data time: 0.00(0.01)  Forward time: 2.09(3.08)  Batch time: 2.09(3.10)
2025-08-05 22:50:44,735   INFO  Train:   15/20 ( 75%) [ 387/408 ( 95%)]  Loss: 0.4345 (0.484)  LR: 3.771e-04  Time cost: 19:59/01:04 [3:41:16/1:46:12]  Acc_iter 6100        Data time: 0.00(0.01)  Forward time: 2.33(3.08)  Batch time: 2.33(3.09)
2025-08-05 22:50:47,764   INFO  Save latest model to /home/lidar/OpenPCDet/output/nuscenes_models/cbgs_pp_multihead/default/ckpt/latest_model
2025-08-05 22:51:49,374   INFO  Train:   15/20 ( 75%) [ 407/408 (100%)]  Loss: 0.5871 (0.484)  LR: 3.709e-04  Time cost: 21:04/00:03 [3:42:21/1:45:24]  Acc_iter 6120        Data time: 0.00(0.01)  Forward time: 1.73(3.09)  Batch time: 1.73(3.10)
2025-08-05 22:51:54,980   INFO  Train:   16/20 ( 80%) [   0/408 (  0%)]  Loss: 0.5090 (0.509)  LR: 3.706e-04  Time cost: 00:04/33:20 [3:42:27/2:46:43]  Acc_iter 6121        Data time: 1.56(1.56)  Forward time: 3.34(3.34)  Batch time: 4.90(4.90)
2025-08-05 22:53:30,429   INFO  Train:   16/20 ( 80%) [  29/408 (  7%)]  Loss: 0.3510 (0.469)  LR: 3.616e-04  Time cost: 01:40/21:07 [3:44:02/1:52:06]  Acc_iter 6150        Data time: 0.00(0.06)  Forward time: 2.74(3.29)  Batch time: 2.74(3.34)
2025-08-05 22:53:30,628   INFO  
2025-08-05 22:56:08,864   INFO  Train:   16/20 ( 80%) [  79/408 ( 19%)]  Loss: 0.4677 (0.466)  LR: 3.463e-04  Time cost: 04:18/17:44 [3:46:40/1:45:43]  Acc_iter 6200        Data time: 0.00(0.03)  Forward time: 2.42(3.21)  Batch time: 2.42(3.23)
2025-08-05 22:56:51,619   INFO  Save latest model to /home/lidar/OpenPCDet/output/nuscenes_models/cbgs_pp_multihead/default/ckpt/latest_model
2025-08-05 22:58:46,053   INFO  Train:   16/20 ( 80%) [ 129/408 ( 32%)]  Loss: 0.4653 (0.464)  LR: 3.311e-04  Time cost: 06:55/14:52 [3:49:18/1:41:54]  Acc_iter 6250        Data time: 0.00(0.02)  Forward time: 3.17(3.18)  Batch time: 3.17(3.20)
2025-08-05 23:01:26,272   INFO  Train:   16/20 ( 80%) [ 179/408 ( 44%)]  Loss: 0.4193 (0.465)  LR: 3.161e-04  Time cost: 09:36/12:13 [3:51:58/1:39:17]  Acc_iter 6300        Data time: 0.01(0.02)  Forward time: 2.84(3.18)  Batch time: 2.84(3.20)
2025-08-05 23:01:26,467   INFO  
2025-08-05 23:01:50,474   INFO  Save latest model to /home/lidar/OpenPCDet/output/nuscenes_models/cbgs_pp_multihead/default/ckpt/latest_model
2025-08-05 23:04:12,403   INFO  Train:   16/20 ( 80%) [ 229/408 ( 56%)]  Loss: 0.4351 (0.462)  LR: 3.013e-04  Time cost: 12:22/09:37 [3:54:44/1:37:25]  Acc_iter 6350        Data time: 0.00(0.02)  Forward time: 4.25(3.21)  Batch time: 4.26(3.23)
2025-08-05 23:06:52,149   INFO  Save latest model to /home/lidar/OpenPCDet/output/nuscenes_models/cbgs_pp_multihead/default/ckpt/latest_model
2025-08-05 23:07:05,563   INFO  Train:   16/20 ( 80%) [ 279/408 ( 68%)]  Loss: 0.3923 (0.459)  LR: 2.867e-04  Time cost: 15:15/07:01 [3:57:37/1:35:57]  Acc_iter 6400        Data time: 0.00(0.01)  Forward time: 3.29(3.26)  Batch time: 3.29(3.27)
2025-08-05 23:10:13,838   INFO  Train:   16/20 ( 80%) [ 329/408 ( 81%)]  Loss: 0.3779 (0.459)  LR: 2.723e-04  Time cost: 18:23/04:24 [4:00:45/1:35:22]  Acc_iter 6450        Data time: 0.00(0.01)  Forward time: 3.41(3.33)  Batch time: 3.42(3.34)
2025-08-05 23:10:14,044   INFO  
2025-08-05 23:11:50,596   INFO  Save latest model to /home/lidar/OpenPCDet/output/nuscenes_models/cbgs_pp_multihead/default/ckpt/latest_model
2025-08-05 23:13:12,912   INFO  Train:   16/20 ( 80%) [ 379/408 ( 93%)]  Loss: 0.3775 (0.459)  LR: 2.581e-04  Time cost: 21:22/01:37 [4:03:45/1:33:27]  Acc_iter 6500        Data time: 0.00(0.01)  Forward time: 2.71(3.36)  Batch time: 2.71(3.38)
2025-08-05 23:14:49,673   INFO  Train:   16/20 ( 80%) [ 407/408 (100%)]  Loss: 0.3778 (0.458)  LR: 2.503e-04  Time cost: 22:59/00:03 [4:05:21/1:32:01]  Acc_iter 6528        Data time: 0.00(0.01)  Forward time: 1.36(3.37)  Batch time: 1.37(3.38)
2025-08-05 23:14:58,386   INFO  Train:   17/20 ( 85%) [   0/408 (  0%)]  Loss: 0.4650 (0.465)  LR: 2.500e-04  Time cost: 00:07/54:23 [4:05:30/3:37:33]  Acc_iter 6529        Data time: 2.73(2.73)  Forward time: 5.27(5.27)  Batch time: 7.99(7.99)
2025-08-05 23:16:15,046   INFO  Train:   17/20 ( 85%) [  21/408 (  5%)]  Loss: 0.4234 (0.438)  LR: 2.442e-04  Time cost: 01:24/24:49 [4:06:47/1:43:19]  Acc_iter 6550        Data time: 0.01(0.13)  Forward time: 4.72(3.72)  Batch time: 4.72(3.85)
2025-08-05 23:19:08,828   INFO  Train:   17/20 ( 85%) [  71/408 ( 17%)]  Loss: 0.4408 (0.448)  LR: 2.305e-04  Time cost: 04:18/20:09 [4:09:40/1:33:23]  Acc_iter 6600        Data time: 0.00(0.04)  Forward time: 3.96(3.55)  Batch time: 3.96(3.59)
2025-08-05 23:19:09,032   INFO  
2025-08-05 23:19:52,480   INFO  Save latest model to /home/lidar/OpenPCDet/output/nuscenes_models/cbgs_pp_multihead/default/ckpt/latest_model
2025-08-05 23:22:13,324   INFO  Train:   17/20 ( 85%) [ 121/408 ( 30%)]  Loss: 0.3871 (0.448)  LR: 2.172e-04  Time cost: 07:22/17:21 [4:12:45/1:31:25]  Acc_iter 6650        Data time: 0.00(0.03)  Forward time: 4.65(3.60)  Batch time: 4.65(3.63)
2025-08-05 23:24:51,365   INFO  Save latest model to /home/lidar/OpenPCDet/output/nuscenes_models/cbgs_pp_multihead/default/ckpt/latest_model
2025-08-05 23:25:10,742   INFO  Train:   17/20 ( 85%) [ 171/408 ( 42%)]  Loss: 0.4626 (0.446)  LR: 2.041e-04  Time cost: 10:20/14:14 [4:15:42/1:27:49]  Acc_iter 6700        Data time: 0.00(0.02)  Forward time: 3.07(3.58)  Batch time: 3.08(3.61)
2025-08-05 23:28:09,016   INFO  Train:   17/20 ( 85%) [ 221/408 ( 54%)]  Loss: 0.3524 (0.445)  LR: 1.913e-04  Time cost: 13:18/11:12 [4:18:41/1:24:35]  Acc_iter 6750        Data time: 0.00(0.02)  Forward time: 2.70(3.58)  Batch time: 2.70(3.60)
2025-08-05 23:28:09,216   INFO  
2025-08-05 23:29:51,571   INFO  Save latest model to /home/lidar/OpenPCDet/output/nuscenes_models/cbgs_pp_multihead/default/ckpt/latest_model
2025-08-05 23:31:03,960   INFO  Train:   17/20 ( 85%) [ 271/408 ( 66%)]  Loss: 0.4834 (0.445)  LR: 1.789e-04  Time cost: 16:13/08:10 [4:21:36/1:21:11]  Acc_iter 6800        Data time: 0.01(0.02)  Forward time: 4.69(3.56)  Batch time: 4.70(3.58)
2025-08-05 23:33:58,037   INFO  Train:   17/20 ( 85%) [ 321/408 ( 79%)]  Loss: 0.4496 (0.444)  LR: 1.667e-04  Time cost: 19:07/05:10 [4:24:30/1:17:52]  Acc_iter 6850        Data time: 0.01(0.02)  Forward time: 2.96(3.55)  Batch time: 2.97(3.56)
2025-08-05 23:34:53,607   INFO  Save latest model to /home/lidar/OpenPCDet/output/nuscenes_models/cbgs_pp_multihead/default/ckpt/latest_model
2025-08-05 23:36:51,920   INFO  Train:   17/20 ( 85%) [ 371/408 ( 91%)]  Loss: 0.3962 (0.441)  LR: 1.549e-04  Time cost: 22:01/02:11 [4:27:24/1:14:39]  Acc_iter 6900        Data time: 0.01(0.02)  Forward time: 2.15(3.54)  Batch time: 2.16(3.55)
2025-08-05 23:36:52,114   INFO  
2025-08-05 23:38:55,525   INFO  Train:   17/20 ( 85%) [ 407/408 (100%)]  Loss: 0.3433 (0.441)  LR: 1.467e-04  Time cost: 24:05/00:03 [4:29:27/1:12:18]  Acc_iter 6936        Data time: 0.00(0.02)  Forward time: 0.73(3.53)  Batch time: 0.74(3.54)
2025-08-05 23:39:02,160   INFO  Train:   18/20 ( 90%) [   0/408 (  0%)]  Loss: 0.4691 (0.469)  LR: 1.465e-04  Time cost: 00:05/40:10 [4:29:34/2:00:31]  Acc_iter 6937        Data time: 2.18(2.18)  Forward time: 3.72(3.72)  Batch time: 5.90(5.90)
2025-08-05 23:39:53,172   INFO  Train:   18/20 ( 90%) [  13/408 (  3%)]  Loss: 0.4727 (0.438)  LR: 1.435e-04  Time cost: 00:56/26:45 [4:30:25/1:22:03]  Acc_iter 6950        Data time: 0.01(0.16)  Forward time: 3.17(3.90)  Batch time: 3.18(4.07)
2025-08-05 23:42:47,527   INFO  Train:   18/20 ( 90%) [  63/408 ( 15%)]  Loss: 0.5427 (0.430)  LR: 1.325e-04  Time cost: 03:51/20:46 [4:33:19/1:09:55]  Acc_iter 7000        Data time: 0.01(0.04)  Forward time: 4.57(3.57)  Batch time: 4.57(3.61)
2025-08-05 23:43:57,295   INFO  Save latest model to /home/lidar/OpenPCDet/output/nuscenes_models/cbgs_pp_multihead/default/ckpt/latest_model
2025-08-05 23:45:39,117   INFO  Train:   18/20 ( 90%) [ 113/408 ( 28%)]  Loss: 0.4448 (0.433)  LR: 1.218e-04  Time cost: 06:42/17:22 [4:36:11/1:05:26]  Acc_iter 7050        Data time: 0.00(0.03)  Forward time: 3.41(3.51)  Batch time: 3.42(3.53)
2025-08-05 23:45:39,302   INFO  
2025-08-05 23:48:43,382   INFO  Train:   18/20 ( 90%) [ 163/408 ( 40%)]  Loss: 0.4033 (0.433)  LR: 1.115e-04  Time cost: 09:47/14:37 [4:39:15/1:03:18]  Acc_iter 7100        Data time: 0.00(0.02)  Forward time: 3.06(3.56)  Batch time: 3.06(3.58)
2025-08-05 23:48:58,425   INFO  Save latest model to /home/lidar/OpenPCDet/output/nuscenes_models/cbgs_pp_multihead/default/ckpt/latest_model
2025-08-05 23:51:32,004   INFO  Train:   18/20 ( 90%) [ 213/408 ( 52%)]  Loss: 0.3690 (0.429)  LR: 1.016e-04  Time cost: 12:35/11:28 [4:42:04/59:30]  Acc_iter 7150        Data time: 0.01(0.02)  Forward time: 2.81(3.51)  Batch time: 2.82(3.53)
2025-08-05 23:53:59,193   INFO  Save latest model to /home/lidar/OpenPCDet/output/nuscenes_models/cbgs_pp_multihead/default/ckpt/latest_model
2025-08-05 23:54:29,095   INFO  Train:   18/20 ( 90%) [ 263/408 ( 64%)]  Loss: 0.4147 (0.427)  LR: 9.210e-05  Time cost: 15:32/08:32 [4:45:01/56:35]  Acc_iter 7200        Data time: 0.01(0.02)  Forward time: 3.68(3.52)  Batch time: 3.69(3.53)
2025-08-05 23:54:29,283   INFO  
2025-08-05 23:57:32,510   INFO  Train:   18/20 ( 90%) [ 313/408 ( 77%)]  Loss: 0.3814 (0.427)  LR: 8.303e-05  Time cost: 18:36/05:37 [4:48:04/53:58]  Acc_iter 7250        Data time: 0.00(0.02)  Forward time: 2.98(3.54)  Batch time: 2.99(3.55)
2025-08-05 23:58:59,505   INFO  Save latest model to /home/lidar/OpenPCDet/output/nuscenes_models/cbgs_pp_multihead/default/ckpt/latest_model
2025-08-06 00:00:29,508   INFO  Train:   18/20 ( 90%) [ 363/408 ( 89%)]  Loss: 0.3425 (0.426)  LR: 7.439e-05  Time cost: 21:33/02:39 [4:51:01/50:59]  Acc_iter 7300        Data time: 0.01(0.01)  Forward time: 3.31(3.54)  Batch time: 3.32(3.55)
2025-08-06 00:03:02,258   INFO  Train:   18/20 ( 90%) [ 407/408 (100%)]  Loss: 0.3731 (0.426)  LR: 6.716e-05  Time cost: 24:06/00:03 [4:53:34/48:15]  Acc_iter 7344        Data time: 0.00(0.01)  Forward time: 2.16(3.53)  Batch time: 2.17(3.54)
2025-08-06 00:03:09,232   INFO  Train:   19/20 ( 95%) [   0/408 (  0%)]  Loss: 0.3599 (0.360)  LR: 6.700e-05  Time cost: 00:06/42:41 [4:53:41/1:25:22]  Acc_iter 7345        Data time: 2.53(2.53)  Forward time: 3.75(3.75)  Batch time: 6.27(6.27)
2025-08-06 00:03:22,584   INFO  Train:   19/20 ( 95%) [   5/408 (  1%)]  Loss: 0.3954 (0.396)  LR: 6.620e-05  Time cost: 00:19/21:58 [4:53:54/44:13]  Acc_iter 7350        Data time: 0.00(0.42)  Forward time: 4.07(2.85)  Batch time: 4.08(3.27)
2025-08-06 00:03:22,749   INFO  
2025-08-06 00:06:22,446   INFO  Train:   19/20 ( 95%) [  55/408 ( 13%)]  Loss: 0.4318 (0.417)  LR: 5.845e-05  Time cost: 03:19/20:57 [4:56:54/45:10]  Acc_iter 7400        Data time: 0.00(0.05)  Forward time: 4.26(3.51)  Batch time: 4.26(3.56)
2025-08-06 00:08:07,219   INFO  Save latest model to /home/lidar/OpenPCDet/output/nuscenes_models/cbgs_pp_multihead/default/ckpt/latest_model
2025-08-06 00:09:23,650   INFO  Train:   19/20 ( 95%) [ 105/408 ( 26%)]  Loss: 0.3953 (0.419)  LR: 5.115e-05  Time cost: 06:20/18:08 [4:59:55/42:33]  Acc_iter 7450        Data time: 0.00(0.03)  Forward time: 3.50(3.56)  Batch time: 3.51(3.59)
2025-08-06 00:12:20,601   INFO  Train:   19/20 ( 95%) [ 155/408 ( 38%)]  Loss: 0.4678 (0.418)  LR: 4.431e-05  Time cost: 09:17/15:04 [5:02:52/39:22]  Acc_iter 7500        Data time: 0.00(0.02)  Forward time: 4.85(3.55)  Batch time: 4.86(3.57)
2025-08-06 00:12:20,775   INFO  
2025-08-06 00:13:03,770   INFO  Save latest model to /home/lidar/OpenPCDet/output/nuscenes_models/cbgs_pp_multihead/default/ckpt/latest_model
2025-08-06 00:15:22,192   INFO  Train:   19/20 ( 95%) [ 205/408 ( 50%)]  Loss: 0.4484 (0.419)  LR: 3.795e-05  Time cost: 12:19/12:08 [5:05:54/36:32]  Acc_iter 7550        Data time: 0.01(0.02)  Forward time: 4.12(3.57)  Batch time: 4.13(3.59)
2025-08-06 00:18:06,328   INFO  Save latest model to /home/lidar/OpenPCDet/output/nuscenes_models/cbgs_pp_multihead/default/ckpt/latest_model
2025-08-06 00:18:16,426   INFO  Train:   19/20 ( 95%) [ 255/408 ( 62%)]  Loss: 0.3431 (0.417)  LR: 3.206e-05  Time cost: 15:13/09:05 [5:08:48/33:21]  Acc_iter 7600        Data time: 0.00(0.02)  Forward time: 3.46(3.55)  Batch time: 3.46(3.57)
2025-08-06 00:21:22,631   INFO  Train:   19/20 ( 95%) [ 305/408 ( 75%)]  Loss: 0.4669 (0.418)  LR: 2.665e-05  Time cost: 18:19/06:10 [5:11:54/30:36]  Acc_iter 7650        Data time: 0.01(0.02)  Forward time: 3.98(3.58)  Batch time: 3.98(3.59)
2025-08-06 00:21:22,807   INFO  
2025-08-06 00:23:05,956   INFO  Save latest model to /home/lidar/OpenPCDet/output/nuscenes_models/cbgs_pp_multihead/default/ckpt/latest_model
2025-08-06 00:24:21,284   INFO  Train:   19/20 ( 95%) [ 355/408 ( 87%)]  Loss: 0.4420 (0.418)  LR: 2.173e-05  Time cost: 21:18/03:10 [5:14:53/27:35]  Acc_iter 7700        Data time: 0.00(0.02)  Forward time: 4.58(3.58)  Batch time: 4.59(3.59)
2025-08-06 00:27:20,993   INFO  Train:   19/20 ( 95%) [ 405/408 ( 99%)]  Loss: 0.3930 (0.417)  LR: 1.730e-05  Time cost: 24:18/00:10 [5:17:53/24:35]  Acc_iter 7750        Data time: 0.01(0.01)  Forward time: 4.24(3.58)  Batch time: 4.25(3.59)
2025-08-06 00:27:25,827   INFO  Train:   19/20 ( 95%) [ 407/408 (100%)]  Loss: 0.3593 (0.417)  LR: 1.713e-05  Time cost: 24:22/00:03 [5:17:57/24:26]  Acc_iter 7752        Data time: 0.01(0.01)  Forward time: 1.94(3.57)  Batch time: 1.95(3.59)
2025-08-06 00:27:33,244   INFO  Train:   20/20 (100%) [   0/408 (  0%)]  Loss: 0.4310 (0.431)  LR: 1.705e-05  Time cost: 00:06/45:44 [5:18:05/45:44]  Acc_iter 7753        Data time: 2.41(2.41)  Forward time: 4.31(4.31)  Batch time: 6.72(6.72)
2025-08-06 00:30:11,342   INFO  Train:   20/20 (100%) [  47/408 ( 12%)]  Loss: 0.3352 (0.405)  LR: 1.336e-05  Time cost: 02:44/20:39 [5:20:43/20:39]  Acc_iter 7800        Data time: 0.00(0.06)  Forward time: 2.70(3.38)  Batch time: 2.71(3.43)
2025-08-06 00:30:11,510   INFO  
2025-08-06 00:32:28,882   INFO  Save latest model to /home/lidar/OpenPCDet/output/nuscenes_models/cbgs_pp_multihead/default/ckpt/latest_model
2025-08-06 00:33:11,366   INFO  Train:   20/20 (100%) [  97/408 ( 24%)]  Loss: 0.3547 (0.404)  LR: 9.933e-06  Time cost: 05:44/18:14 [5:23:43/18:14]  Acc_iter 7850        Data time: 0.00(0.04)  Forward time: 3.25(3.48)  Batch time: 3.26(3.52)
2025-08-06 00:36:15,454   INFO  Train:   20/20 (100%) [ 147/408 ( 36%)]  Loss: 0.4426 (0.409)  LR: 7.005e-06  Time cost: 08:48/15:32 [5:26:47/15:32]  Acc_iter 7900        Data time: 0.01(0.03)  Forward time: 2.93(3.55)  Batch time: 2.93(3.57)
2025-08-06 00:37:30,409   INFO  Save latest model to /home/lidar/OpenPCDet/output/nuscenes_models/cbgs_pp_multihead/default/ckpt/latest_model
2025-08-06 00:39:09,082   INFO  Train:   20/20 (100%) [ 197/408 ( 48%)]  Loss: 0.3877 (0.413)  LR: 4.586e-06  Time cost: 11:42/12:28 [5:29:41/12:28]  Acc_iter 7950        Data time: 0.00(0.02)  Forward time: 2.80(3.53)  Batch time: 2.81(3.55)
2025-08-06 00:39:09,254   INFO  
2025-08-06 00:42:01,231   INFO  Train:   20/20 (100%) [ 247/408 ( 61%)]  Loss: 0.5081 (0.413)  LR: 2.676e-06  Time cost: 14:34/09:27 [5:32:33/09:27]  Acc_iter 8000        Data time: 0.01(0.02)  Forward time: 4.65(3.51)  Batch time: 4.66(3.53)
2025-08-06 00:42:29,710   INFO  Save latest model to /home/lidar/OpenPCDet/output/nuscenes_models/cbgs_pp_multihead/default/ckpt/latest_model
2025-08-06 00:45:01,815   INFO  Train:   20/20 (100%) [ 297/408 ( 73%)]  Loss: 0.3360 (0.412)  LR: 1.278e-06  Time cost: 17:35/06:33 [5:35:33/06:33]  Acc_iter 8050        Data time: 0.01(0.02)  Forward time: 2.62(3.52)  Batch time: 2.62(3.54)
2025-08-06 00:47:28,977   INFO  Save latest model to /home/lidar/OpenPCDet/output/nuscenes_models/cbgs_pp_multihead/default/ckpt/latest_model
2025-08-06 00:48:01,247   INFO  Train:   20/20 (100%) [ 347/408 ( 85%)]  Loss: 0.5005 (0.412)  LR: 3.930e-07  Time cost: 20:34/03:36 [5:38:33/03:36]  Acc_iter 8100        Data time: 0.01(0.02)  Forward time: 3.95(3.53)  Batch time: 3.95(3.55)
2025-08-06 00:48:01,416   INFO  
2025-08-06 00:51:00,245   INFO  Train:   20/20 (100%) [ 397/408 ( 97%)]  Loss: 0.3873 (0.413)  LR: 2.245e-08  Time cost: 23:33/00:39 [5:41:32/00:39]  Acc_iter 8150        Data time: 0.01(0.02)  Forward time: 3.14(3.54)  Batch time: 3.14(3.55)
2025-08-06 00:51:33,058   INFO  Train:   20/20 (100%) [ 407/408 (100%)]  Loss: 0.3888 (0.413)  LR: 1.010e-08  Time cost: 24:06/00:03 [5:42:05/00:03]  Acc_iter 8160        Data time: 0.00(0.01)  Forward time: 0.72(3.53)  Batch time: 0.72(3.55)
2025-08-06 00:51:33,961   INFO  **********************End training nuscenes_models/cbgs_pp_multihead(default)**********************



2025-08-06 00:51:33,962   INFO  **********************Start evaluation nuscenes_models/cbgs_pp_multihead(default)**********************
2025-08-06 00:51:33,965   INFO  Loading NuScenes dataset
2025-08-06 00:51:34,029   INFO  Total samples for NuScenes dataset: 81
2025-08-06 00:51:34,043   INFO  ==> Loading parameters from checkpoint /home/lidar/OpenPCDet/output/nuscenes_models/cbgs_pp_multihead/default/ckpt/checkpoint_epoch_20.pth to GPU
2025-08-06 00:51:34,177   INFO  ==> Checkpoint trained from version: pcdet+0.6.0+8caccce
2025-08-06 00:51:34,197   INFO  ==> Done (loaded 421/421)
2025-08-06 00:51:34,219   INFO  *************** EPOCH 20 EVALUATION *****************
2025-08-06 00:51:54,603   INFO  *************** Performance of EPOCH 20 *****************
2025-08-06 00:51:54,603   INFO  Generate label finished(sec_per_example: 0.2516 second).
2025-08-06 00:51:54,603   INFO  recall_roi_0.3: 0.000000
2025-08-06 00:51:54,604   INFO  recall_rcnn_0.3: 0.519365
2025-08-06 00:51:54,604   INFO  recall_roi_0.5: 0.000000
2025-08-06 00:51:54,604   INFO  recall_rcnn_0.5: 0.254976
2025-08-06 00:51:54,604   INFO  recall_roi_0.7: 0.000000
2025-08-06 00:51:54,604   INFO  recall_rcnn_0.7: 0.050296
2025-08-06 00:51:54,604   INFO  Average predicted number of objects(81 samples): 171.222
2025-08-06 00:51:56,886   INFO  The predictions of NuScenes have been saved to /home/lidar/OpenPCDet/output/nuscenes_models/cbgs_pp_multihead/default/eval/eval_with_train/epoch_20/val/final_result/data/results_nusc.json
2025-08-06 00:51:58,770   INFO  ----------------Nuscene detection_cvpr_2019 results-----------------
***car error@trans, scale, orient, vel, attr | AP@0.5, 1.0, 2.0, 4.0
0.31, 0.20, 1.00, 0.46, 0.37 | 35.96, 51.23, 59.95, 63.05 | mean AP: 0.525489496018466
***truck error@trans, scale, orient, vel, attr | AP@0.5, 1.0, 2.0, 4.0
0.51, 0.23, 0.86, 0.64, 0.15 | 1.59, 8.79, 12.23, 14.08 | mean AP: 0.09172706447559859
***construction_vehicle error@trans, scale, orient, vel, attr | AP@0.5, 1.0, 2.0, 4.0
1.00, 1.00, 1.00, 1.00, 1.00 | 0.00, 0.00, 0.00, 0.00 | mean AP: 0.0
***bus error@trans, scale, orient, vel, attr | AP@0.5, 1.0, 2.0, 4.0
0.81, 0.26, 0.42, 3.17, 0.28 | 2.40, 9.65, 26.35, 36.97 | mean AP: 0.18842689136531432
***trailer error@trans, scale, orient, vel, attr | AP@0.5, 1.0, 2.0, 4.0
1.00, 1.00, 1.00, 1.00, 1.00 | 0.00, 0.00, 0.00, 0.00 | mean AP: 0.0
***barrier error@trans, scale, orient, vel, attr | AP@0.5, 1.0, 2.0, 4.0
1.00, 1.00, 1.00, nan, nan | 0.00, 0.00, 0.00, 0.00 | mean AP: 0.0
***motorcycle error@trans, scale, orient, vel, attr | AP@0.5, 1.0, 2.0, 4.0
0.41, 0.38, 1.65, 3.00, 0.91 | 0.33, 0.87, 1.32, 2.97 | mean AP: 0.01371547998117785
***bicycle error@trans, scale, orient, vel, attr | AP@0.5, 1.0, 2.0, 4.0
0.64, 0.37, 2.47, 0.42, 0.43 | 0.00, 0.00, 0.00, 0.00 | mean AP: 0.0
***pedestrian error@trans, scale, orient, vel, attr | AP@0.5, 1.0, 2.0, 4.0
0.34, 0.32, 1.54, 1.12, 0.19 | 34.84, 42.06, 44.26, 50.97 | mean AP: 0.4303192658845839
***traffic_cone error@trans, scale, orient, vel, attr | AP@0.5, 1.0, 2.0, 4.0
0.43, 0.46, nan, nan, nan | 0.00, 0.00, 0.00, 0.00 | mean AP: 0.0
--------------average performance-------------
trans_err:	 0.6449
scale_err:	 0.5215
orient_err:	 1.2154
vel_err:	 1.3511
attr_err:	 0.5420
mAP:	 0.1250
NDS:	 0.1916

2025-08-06 00:51:58,770   INFO  Result is saved to /home/lidar/OpenPCDet/output/nuscenes_models/cbgs_pp_multihead/default/eval/eval_with_train/epoch_20/val
2025-08-06 00:51:58,771   INFO  ****************Evaluation done.*****************
2025-08-06 00:51:58,775   INFO  Epoch 20 has been evaluated
2025-08-06 00:52:29,397   INFO  **********************End evaluation nuscenes_models/cbgs_pp_multihead(default)**********************
