2025-08-05 00:37:32,854   INFO  **********************Start logging**********************
2025-08-05 00:37:32,855   INFO  CUDA_VISIBLE_DEVICES=ALL
2025-08-05 00:37:32,855   INFO  Training with a single process
2025-08-05 00:37:32,855   INFO  cfg_file         cfgs/nuscenes_models/cbgs_pp_multihead.yaml
2025-08-05 00:37:32,855   INFO  batch_size       4
2025-08-05 00:37:32,855   INFO  epochs           20
2025-08-05 00:37:32,855   INFO  workers          4
2025-08-05 00:37:32,855   INFO  extra_tag        default
2025-08-05 00:37:32,855   INFO  ckpt             None
2025-08-05 00:37:32,855   INFO  pretrained_model None
2025-08-05 00:37:32,855   INFO  launcher         none
2025-08-05 00:37:32,855   INFO  tcp_port         18888
2025-08-05 00:37:32,855   INFO  sync_bn          False
2025-08-05 00:37:32,855   INFO  fix_random_seed  False
2025-08-05 00:37:32,855   INFO  ckpt_save_interval 1
2025-08-05 00:37:32,855   INFO  local_rank       None
2025-08-05 00:37:32,855   INFO  max_ckpt_save_num 30
2025-08-05 00:37:32,855   INFO  merge_all_iters_to_one_epoch False
2025-08-05 00:37:32,856   INFO  set_cfgs         None
2025-08-05 00:37:32,856   INFO  max_waiting_mins 0
2025-08-05 00:37:32,856   INFO  start_epoch      0
2025-08-05 00:37:32,856   INFO  num_epochs_to_eval 0
2025-08-05 00:37:32,856   INFO  save_to_file     False
2025-08-05 00:37:32,856   INFO  use_tqdm_to_record False
2025-08-05 00:37:32,856   INFO  logger_iter_interval 50
2025-08-05 00:37:32,856   INFO  ckpt_save_time_interval 300
2025-08-05 00:37:32,856   INFO  wo_gpu_stat      False
2025-08-05 00:37:32,856   INFO  use_amp          False
2025-08-05 00:37:32,856   INFO  cfg.ROOT_DIR: /home/lidar/OpenPCDet
2025-08-05 00:37:32,856   INFO  cfg.LOCAL_RANK: 0
2025-08-05 00:37:32,856   INFO  cfg.CLASS_NAMES: ['car', 'truck', 'construction_vehicle', 'bus', 'trailer', 'barrier', 'motorcycle', 'bicycle', 'pedestrian', 'traffic_cone']
2025-08-05 00:37:32,856   INFO  ----------- DATA_CONFIG -----------
2025-08-05 00:37:32,857   INFO  cfg.DATA_CONFIG.DATASET: NuScenesDataset
2025-08-05 00:37:32,858   INFO  cfg.DATA_CONFIG.DATA_PATH: ../data/nuscenes
2025-08-05 00:37:32,858   INFO  cfg.DATA_CONFIG.VERSION: v1.0-trainval
2025-08-05 00:37:32,858   INFO  cfg.DATA_CONFIG.MAX_SWEEPS: 10
2025-08-05 00:37:32,858   INFO  cfg.DATA_CONFIG.PRED_VELOCITY: True
2025-08-05 00:37:32,858   INFO  cfg.DATA_CONFIG.SET_NAN_VELOCITY_TO_ZEROS: True
2025-08-05 00:37:32,858   INFO  cfg.DATA_CONFIG.FILTER_MIN_POINTS_IN_GT: 1
2025-08-05 00:37:32,858   INFO  ----------- DATA_SPLIT -----------
2025-08-05 00:37:32,858   INFO  cfg.DATA_CONFIG.DATA_SPLIT.train: train
2025-08-05 00:37:32,858   INFO  cfg.DATA_CONFIG.DATA_SPLIT.test: val
2025-08-05 00:37:32,858   INFO  ----------- INFO_PATH -----------
2025-08-05 00:37:32,858   INFO  cfg.DATA_CONFIG.INFO_PATH.train: ['nuscenes_infos_10sweeps_train.pkl']
2025-08-05 00:37:32,858   INFO  cfg.DATA_CONFIG.INFO_PATH.test: ['nuscenes_infos_10sweeps_val.pkl']
2025-08-05 00:37:32,858   INFO  cfg.DATA_CONFIG.POINT_CLOUD_RANGE: [-51.2, -51.2, -5.0, 51.2, 51.2, 3.0]
2025-08-05 00:37:32,858   INFO  cfg.DATA_CONFIG.BALANCED_RESAMPLING: True
2025-08-05 00:37:32,858   INFO  ----------- DATA_AUGMENTOR -----------
2025-08-05 00:37:32,858   INFO  cfg.DATA_CONFIG.DATA_AUGMENTOR.DISABLE_AUG_LIST: ['placeholder']
2025-08-05 00:37:32,858   INFO  cfg.DATA_CONFIG.DATA_AUGMENTOR.AUG_CONFIG_LIST: [{'NAME': 'gt_sampling', 'DB_INFO_PATH': ['nuscenes_dbinfos_10sweeps_withvelo.pkl'], 'PREPARE': {'filter_by_min_points': ['car:5', 'truck:5', 'construction_vehicle:5', 'bus:5', 'trailer:5', 'barrier:5', 'motorcycle:5', 'bicycle:5', 'pedestrian:5', 'traffic_cone:5']}, 'SAMPLE_GROUPS': ['car:2', 'truck:3', 'construction_vehicle:7', 'bus:4', 'trailer:6', 'barrier:2', 'motorcycle:6', 'bicycle:6', 'pedestrian:2', 'traffic_cone:2'], 'NUM_POINT_FEATURES': 5, 'DATABASE_WITH_FAKELIDAR': False, 'REMOVE_EXTRA_WIDTH': [0.0, 0.0, 0.0], 'LIMIT_WHOLE_SCENE': True}, {'NAME': 'random_world_flip', 'ALONG_AXIS_LIST': ['x', 'y']}, {'NAME': 'random_world_rotation', 'WORLD_ROT_ANGLE': [-0.3925, 0.3925]}, {'NAME': 'random_world_scaling', 'WORLD_SCALE_RANGE': [0.95, 1.05]}]
2025-08-05 00:37:32,858   INFO  ----------- POINT_FEATURE_ENCODING -----------
2025-08-05 00:37:32,858   INFO  cfg.DATA_CONFIG.POINT_FEATURE_ENCODING.encoding_type: absolute_coordinates_encoding
2025-08-05 00:37:32,859   INFO  cfg.DATA_CONFIG.POINT_FEATURE_ENCODING.used_feature_list: ['x', 'y', 'z', 'intensity', 'timestamp']
2025-08-05 00:37:32,859   INFO  cfg.DATA_CONFIG.POINT_FEATURE_ENCODING.src_feature_list: ['x', 'y', 'z', 'intensity', 'timestamp']
2025-08-05 00:37:32,859   INFO  cfg.DATA_CONFIG.DATA_PROCESSOR: [{'NAME': 'mask_points_and_boxes_outside_range', 'REMOVE_OUTSIDE_BOXES': True}, {'NAME': 'shuffle_points', 'SHUFFLE_ENABLED': {'train': True, 'test': True}}, {'NAME': 'transform_points_to_voxels', 'VOXEL_SIZE': [0.2, 0.2, 8.0], 'MAX_POINTS_PER_VOXEL': 20, 'MAX_NUMBER_OF_VOXELS': {'train': 30000, 'test': 30000}}]
2025-08-05 00:37:32,859   INFO  cfg.DATA_CONFIG._BASE_CONFIG_: cfgs/dataset_configs/nuscenes_dataset.yaml
2025-08-05 00:37:32,859   INFO  ----------- MODEL -----------
2025-08-05 00:37:32,859   INFO  cfg.MODEL.NAME: PointPillar
2025-08-05 00:37:32,859   INFO  ----------- VFE -----------
2025-08-05 00:37:32,859   INFO  cfg.MODEL.VFE.NAME: PillarVFE
2025-08-05 00:37:32,859   INFO  cfg.MODEL.VFE.WITH_DISTANCE: False
2025-08-05 00:37:32,859   INFO  cfg.MODEL.VFE.USE_ABSLOTE_XYZ: True
2025-08-05 00:37:32,859   INFO  cfg.MODEL.VFE.USE_NORM: True
2025-08-05 00:37:32,859   INFO  cfg.MODEL.VFE.NUM_FILTERS: [64]
2025-08-05 00:37:32,859   INFO  ----------- MAP_TO_BEV -----------
2025-08-05 00:37:32,859   INFO  cfg.MODEL.MAP_TO_BEV.NAME: PointPillarScatter
2025-08-05 00:37:32,859   INFO  cfg.MODEL.MAP_TO_BEV.NUM_BEV_FEATURES: 64
2025-08-05 00:37:32,859   INFO  ----------- BACKBONE_2D -----------
2025-08-05 00:37:32,859   INFO  cfg.MODEL.BACKBONE_2D.NAME: BaseBEVBackbone
2025-08-05 00:37:32,859   INFO  cfg.MODEL.BACKBONE_2D.LAYER_NUMS: [3, 5, 5]
2025-08-05 00:37:32,859   INFO  cfg.MODEL.BACKBONE_2D.LAYER_STRIDES: [2, 2, 2]
2025-08-05 00:37:32,859   INFO  cfg.MODEL.BACKBONE_2D.NUM_FILTERS: [64, 128, 256]
2025-08-05 00:37:32,859   INFO  cfg.MODEL.BACKBONE_2D.UPSAMPLE_STRIDES: [0.5, 1, 2]
2025-08-05 00:37:32,859   INFO  cfg.MODEL.BACKBONE_2D.NUM_UPSAMPLE_FILTERS: [128, 128, 128]
2025-08-05 00:37:32,859   INFO  ----------- DENSE_HEAD -----------
2025-08-05 00:37:32,859   INFO  cfg.MODEL.DENSE_HEAD.NAME: AnchorHeadMulti
2025-08-05 00:37:32,859   INFO  cfg.MODEL.DENSE_HEAD.CLASS_AGNOSTIC: False
2025-08-05 00:37:32,860   INFO  cfg.MODEL.DENSE_HEAD.DIR_OFFSET: 0.78539
2025-08-05 00:37:32,860   INFO  cfg.MODEL.DENSE_HEAD.DIR_LIMIT_OFFSET: 0.0
2025-08-05 00:37:32,860   INFO  cfg.MODEL.DENSE_HEAD.NUM_DIR_BINS: 2
2025-08-05 00:37:32,860   INFO  cfg.MODEL.DENSE_HEAD.USE_MULTIHEAD: True
2025-08-05 00:37:32,860   INFO  cfg.MODEL.DENSE_HEAD.SEPARATE_MULTIHEAD: True
2025-08-05 00:37:32,860   INFO  cfg.MODEL.DENSE_HEAD.ANCHOR_GENERATOR_CONFIG: [{'class_name': 'car', 'anchor_sizes': [[4.63, 1.97, 1.74]], 'anchor_rotations': [0, 1.57], 'anchor_bottom_heights': [-0.95], 'align_center': False, 'feature_map_stride': 4, 'matched_threshold': 0.6, 'unmatched_threshold': 0.45}, {'class_name': 'truck', 'anchor_sizes': [[6.93, 2.51, 2.84]], 'anchor_rotations': [0, 1.57], 'anchor_bottom_heights': [-0.6], 'align_center': False, 'feature_map_stride': 4, 'matched_threshold': 0.55, 'unmatched_threshold': 0.4}, {'class_name': 'construction_vehicle', 'anchor_sizes': [[6.37, 2.85, 3.19]], 'anchor_rotations': [0, 1.57], 'anchor_bottom_heights': [-0.225], 'align_center': False, 'feature_map_stride': 4, 'matched_threshold': 0.5, 'unmatched_threshold': 0.35}, {'class_name': 'bus', 'anchor_sizes': [[10.5, 2.94, 3.47]], 'anchor_rotations': [0, 1.57], 'anchor_bottom_heights': [-0.085], 'align_center': False, 'feature_map_stride': 4, 'matched_threshold': 0.55, 'unmatched_threshold': 0.4}, {'class_name': 'trailer', 'anchor_sizes': [[12.29, 2.9, 3.87]], 'anchor_rotations': [0, 1.57], 'anchor_bottom_heights': [0.115], 'align_center': False, 'feature_map_stride': 4, 'matched_threshold': 0.5, 'unmatched_threshold': 0.35}, {'class_name': 'barrier', 'anchor_sizes': [[0.5, 2.53, 0.98]], 'anchor_rotations': [0, 1.57], 'anchor_bottom_heights': [-1.33], 'align_center': False, 'feature_map_stride': 4, 'matched_threshold': 0.55, 'unmatched_threshold': 0.4}, {'class_name': 'motorcycle', 'anchor_sizes': [[2.11, 0.77, 1.47]], 'anchor_rotations': [0, 1.57], 'anchor_bottom_heights': [-1.085], 'align_center': False, 'feature_map_stride': 4, 'matched_threshold': 0.5, 'unmatched_threshold': 0.3}, {'class_name': 'bicycle', 'anchor_sizes': [[1.7, 0.6, 1.28]], 'anchor_rotations': [0, 1.57], 'anchor_bottom_heights': [-1.18], 'align_center': False, 'feature_map_stride': 4, 'matched_threshold': 0.5, 'unmatched_threshold': 0.35}, {'class_name': 'pedestrian', 'anchor_sizes': [[0.73, 0.67, 1.77]], 'anchor_rotations': [0, 1.57], 'anchor_bottom_heights': [-0.935], 'align_center': False, 'feature_map_stride': 4, 'matched_threshold': 0.6, 'unmatched_threshold': 0.4}, {'class_name': 'traffic_cone', 'anchor_sizes': [[0.41, 0.41, 1.07]], 'anchor_rotations': [0, 1.57], 'anchor_bottom_heights': [-1.285], 'align_center': False, 'feature_map_stride': 4, 'matched_threshold': 0.6, 'unmatched_threshold': 0.4}]
2025-08-05 00:37:32,860   INFO  cfg.MODEL.DENSE_HEAD.SHARED_CONV_NUM_FILTER: 64
2025-08-05 00:37:32,860   INFO  cfg.MODEL.DENSE_HEAD.RPN_HEAD_CFGS: [{'HEAD_CLS_NAME': ['car']}, {'HEAD_CLS_NAME': ['truck', 'construction_vehicle']}, {'HEAD_CLS_NAME': ['bus', 'trailer']}, {'HEAD_CLS_NAME': ['barrier']}, {'HEAD_CLS_NAME': ['motorcycle', 'bicycle']}, {'HEAD_CLS_NAME': ['pedestrian', 'traffic_cone']}]
2025-08-05 00:37:32,860   INFO  ----------- SEPARATE_REG_CONFIG -----------
2025-08-05 00:37:32,860   INFO  cfg.MODEL.DENSE_HEAD.SEPARATE_REG_CONFIG.NUM_MIDDLE_CONV: 1
2025-08-05 00:37:32,860   INFO  cfg.MODEL.DENSE_HEAD.SEPARATE_REG_CONFIG.NUM_MIDDLE_FILTER: 64
2025-08-05 00:37:32,860   INFO  cfg.MODEL.DENSE_HEAD.SEPARATE_REG_CONFIG.REG_LIST: ['reg:2', 'height:1', 'size:3', 'angle:2', 'velo:2']
2025-08-05 00:37:32,860   INFO  ----------- TARGET_ASSIGNER_CONFIG -----------
2025-08-05 00:37:32,860   INFO  cfg.MODEL.DENSE_HEAD.TARGET_ASSIGNER_CONFIG.NAME: AxisAlignedTargetAssigner
2025-08-05 00:37:32,860   INFO  cfg.MODEL.DENSE_HEAD.TARGET_ASSIGNER_CONFIG.POS_FRACTION: -1.0
2025-08-05 00:37:32,860   INFO  cfg.MODEL.DENSE_HEAD.TARGET_ASSIGNER_CONFIG.SAMPLE_SIZE: 512
2025-08-05 00:37:32,860   INFO  cfg.MODEL.DENSE_HEAD.TARGET_ASSIGNER_CONFIG.NORM_BY_NUM_EXAMPLES: False
2025-08-05 00:37:32,860   INFO  cfg.MODEL.DENSE_HEAD.TARGET_ASSIGNER_CONFIG.MATCH_HEIGHT: False
2025-08-05 00:37:32,860   INFO  cfg.MODEL.DENSE_HEAD.TARGET_ASSIGNER_CONFIG.BOX_CODER: ResidualCoder
2025-08-05 00:37:32,860   INFO  ----------- BOX_CODER_CONFIG -----------
2025-08-05 00:37:32,860   INFO  cfg.MODEL.DENSE_HEAD.TARGET_ASSIGNER_CONFIG.BOX_CODER_CONFIG.code_size: 9
2025-08-05 00:37:32,860   INFO  cfg.MODEL.DENSE_HEAD.TARGET_ASSIGNER_CONFIG.BOX_CODER_CONFIG.encode_angle_by_sincos: True
2025-08-05 00:37:32,860   INFO  ----------- LOSS_CONFIG -----------
2025-08-05 00:37:32,860   INFO  cfg.MODEL.DENSE_HEAD.LOSS_CONFIG.REG_LOSS_TYPE: WeightedL1Loss
2025-08-05 00:37:32,860   INFO  ----------- LOSS_WEIGHTS -----------
2025-08-05 00:37:32,860   INFO  cfg.MODEL.DENSE_HEAD.LOSS_CONFIG.LOSS_WEIGHTS.pos_cls_weight: 1.0
2025-08-05 00:37:32,860   INFO  cfg.MODEL.DENSE_HEAD.LOSS_CONFIG.LOSS_WEIGHTS.neg_cls_weight: 2.0
2025-08-05 00:37:32,860   INFO  cfg.MODEL.DENSE_HEAD.LOSS_CONFIG.LOSS_WEIGHTS.cls_weight: 1.0
2025-08-05 00:37:32,861   INFO  cfg.MODEL.DENSE_HEAD.LOSS_CONFIG.LOSS_WEIGHTS.loc_weight: 0.25
2025-08-05 00:37:32,861   INFO  cfg.MODEL.DENSE_HEAD.LOSS_CONFIG.LOSS_WEIGHTS.dir_weight: 0.2
2025-08-05 00:37:32,861   INFO  cfg.MODEL.DENSE_HEAD.LOSS_CONFIG.LOSS_WEIGHTS.code_weights: [1.0, 1.0, 1.0, 1.0, 1.0, 1.0, 1.0, 1.0, 0.2, 0.2]
2025-08-05 00:37:32,861   INFO  ----------- POST_PROCESSING -----------
2025-08-05 00:37:32,861   INFO  cfg.MODEL.POST_PROCESSING.RECALL_THRESH_LIST: [0.3, 0.5, 0.7]
2025-08-05 00:37:32,861   INFO  cfg.MODEL.POST_PROCESSING.SCORE_THRESH: 0.1
2025-08-05 00:37:32,861   INFO  cfg.MODEL.POST_PROCESSING.OUTPUT_RAW_SCORE: False
2025-08-05 00:37:32,861   INFO  cfg.MODEL.POST_PROCESSING.EVAL_METRIC: kitti
2025-08-05 00:37:32,861   INFO  ----------- NMS_CONFIG -----------
2025-08-05 00:37:32,861   INFO  cfg.MODEL.POST_PROCESSING.NMS_CONFIG.MULTI_CLASSES_NMS: True
2025-08-05 00:37:32,861   INFO  cfg.MODEL.POST_PROCESSING.NMS_CONFIG.NMS_TYPE: nms_gpu
2025-08-05 00:37:32,861   INFO  cfg.MODEL.POST_PROCESSING.NMS_CONFIG.NMS_THRESH: 0.2
2025-08-05 00:37:32,861   INFO  cfg.MODEL.POST_PROCESSING.NMS_CONFIG.NMS_PRE_MAXSIZE: 1000
2025-08-05 00:37:32,861   INFO  cfg.MODEL.POST_PROCESSING.NMS_CONFIG.NMS_POST_MAXSIZE: 83
2025-08-05 00:37:32,861   INFO  ----------- OPTIMIZATION -----------
2025-08-05 00:37:32,861   INFO  cfg.OPTIMIZATION.BATCH_SIZE_PER_GPU: 4
2025-08-05 00:37:32,861   INFO  cfg.OPTIMIZATION.NUM_EPOCHS: 20
2025-08-05 00:37:32,861   INFO  cfg.OPTIMIZATION.OPTIMIZER: adam_onecycle
2025-08-05 00:37:32,861   INFO  cfg.OPTIMIZATION.LR: 0.001
2025-08-05 00:37:32,861   INFO  cfg.OPTIMIZATION.WEIGHT_DECAY: 0.01
2025-08-05 00:37:32,861   INFO  cfg.OPTIMIZATION.MOMENTUM: 0.9
2025-08-05 00:37:32,861   INFO  cfg.OPTIMIZATION.MOMS: [0.95, 0.85]
2025-08-05 00:37:32,861   INFO  cfg.OPTIMIZATION.PCT_START: 0.4
2025-08-05 00:37:32,861   INFO  cfg.OPTIMIZATION.DIV_FACTOR: 10
2025-08-05 00:37:32,861   INFO  cfg.OPTIMIZATION.DECAY_STEP_LIST: [35, 45]
2025-08-05 00:37:32,862   INFO  cfg.OPTIMIZATION.LR_DECAY: 0.1
2025-08-05 00:37:32,862   INFO  cfg.OPTIMIZATION.LR_CLIP: 1e-07
2025-08-05 00:37:32,862   INFO  cfg.OPTIMIZATION.LR_WARMUP: False
2025-08-05 00:37:32,862   INFO  cfg.OPTIMIZATION.WARMUP_EPOCH: 1
2025-08-05 00:37:32,862   INFO  cfg.OPTIMIZATION.GRAD_NORM_CLIP: 10
2025-08-05 00:37:32,862   INFO  cfg.TAG: cbgs_pp_multihead
2025-08-05 00:37:32,862   INFO  cfg.EXP_GROUP_PATH: nuscenes_models
2025-08-05 00:37:32,871   INFO  ----------- Create dataloader & network & optimizer -----------
