2025-08-11 18:48:35,017   INFO  **********************Start logging**********************
2025-08-11 18:48:35,017   INFO  CUDA_VISIBLE_DEVICES=ALL
2025-08-11 18:48:35,017   INFO  Training with a single process
2025-08-11 18:48:35,017   INFO  cfg_file         cfgs/nuscenes_models/cbgs_voxel0075_res3d_centerpoint_50Ep.yaml
2025-08-11 18:48:35,017   INFO  batch_size       4
2025-08-11 18:48:35,017   INFO  epochs           50
2025-08-11 18:48:35,017   INFO  workers          4
2025-08-11 18:48:35,017   INFO  extra_tag        default
2025-08-11 18:48:35,018   INFO  ckpt             None
2025-08-11 18:48:35,018   INFO  pretrained_model None
2025-08-11 18:48:35,018   INFO  launcher         none
2025-08-11 18:48:35,018   INFO  tcp_port         18888
2025-08-11 18:48:35,018   INFO  sync_bn          False
2025-08-11 18:48:35,018   INFO  fix_random_seed  False
2025-08-11 18:48:35,018   INFO  ckpt_save_interval 1
2025-08-11 18:48:35,018   INFO  local_rank       None
2025-08-11 18:48:35,018   INFO  max_ckpt_save_num 30
2025-08-11 18:48:35,018   INFO  merge_all_iters_to_one_epoch False
2025-08-11 18:48:35,018   INFO  set_cfgs         None
2025-08-11 18:48:35,018   INFO  max_waiting_mins 0
2025-08-11 18:48:35,018   INFO  start_epoch      0
2025-08-11 18:48:35,019   INFO  num_epochs_to_eval 0
2025-08-11 18:48:35,019   INFO  save_to_file     False
2025-08-11 18:48:35,019   INFO  use_tqdm_to_record False
2025-08-11 18:48:35,019   INFO  logger_iter_interval 50
2025-08-11 18:48:35,019   INFO  ckpt_save_time_interval 300
2025-08-11 18:48:35,019   INFO  wo_gpu_stat      False
2025-08-11 18:48:35,019   INFO  use_amp          False
2025-08-11 18:48:35,020   INFO  cfg.ROOT_DIR: /home/lidar/OpenPCDet
2025-08-11 18:48:35,020   INFO  cfg.LOCAL_RANK: 0
2025-08-11 18:48:35,020   INFO  cfg.CLASS_NAMES: ['car', 'truck', 'construction_vehicle', 'bus', 'trailer', 'barrier', 'motorcycle', 'bicycle', 'pedestrian', 'traffic_cone']
2025-08-11 18:48:35,020   INFO  ----------- DATA_CONFIG -----------
2025-08-11 18:48:35,020   INFO  cfg.DATA_CONFIG.DATASET: NuScenesDataset
2025-08-11 18:48:35,020   INFO  cfg.DATA_CONFIG.DATA_PATH: ../data/nuscenes
2025-08-11 18:48:35,020   INFO  cfg.DATA_CONFIG.VERSION: v1.0-mini
2025-08-11 18:48:35,020   INFO  cfg.DATA_CONFIG.MAX_SWEEPS: 10
2025-08-11 18:48:35,020   INFO  cfg.DATA_CONFIG.PRED_VELOCITY: True
2025-08-11 18:48:35,020   INFO  cfg.DATA_CONFIG.SET_NAN_VELOCITY_TO_ZEROS: True
2025-08-11 18:48:35,020   INFO  cfg.DATA_CONFIG.FILTER_MIN_POINTS_IN_GT: 1
2025-08-11 18:48:35,020   INFO  ----------- DATA_SPLIT -----------
2025-08-11 18:48:35,020   INFO  cfg.DATA_CONFIG.DATA_SPLIT.train: train
2025-08-11 18:48:35,020   INFO  cfg.DATA_CONFIG.DATA_SPLIT.test: val
2025-08-11 18:48:35,021   INFO  ----------- INFO_PATH -----------
2025-08-11 18:48:35,021   INFO  cfg.DATA_CONFIG.INFO_PATH.train: ['nuscenes_infos_10sweeps_train.pkl']
2025-08-11 18:48:35,021   INFO  cfg.DATA_CONFIG.INFO_PATH.test: ['nuscenes_infos_10sweeps_val.pkl']
2025-08-11 18:48:35,021   INFO  cfg.DATA_CONFIG.POINT_CLOUD_RANGE: [-54.0, -54.0, -5.0, 54.0, 54.0, 3.0]
2025-08-11 18:48:35,021   INFO  cfg.DATA_CONFIG.BALANCED_RESAMPLING: True
2025-08-11 18:48:35,021   INFO  ----------- DATA_AUGMENTOR -----------
2025-08-11 18:48:35,021   INFO  cfg.DATA_CONFIG.DATA_AUGMENTOR.DISABLE_AUG_LIST: ['placeholder']
2025-08-11 18:48:35,021   INFO  cfg.DATA_CONFIG.DATA_AUGMENTOR.AUG_CONFIG_LIST: [{'NAME': 'gt_sampling', 'DB_INFO_PATH': ['nuscenes_dbinfos_10sweeps_withvelo.pkl'], 'PREPARE': {'filter_by_min_points': ['car:5', 'truck:5', 'construction_vehicle:5', 'bus:5', 'trailer:5', 'barrier:5', 'motorcycle:5', 'bicycle:5', 'pedestrian:5', 'traffic_cone:5']}, 'SAMPLE_GROUPS': ['car:2', 'truck:3', 'construction_vehicle:7', 'bus:4', 'trailer:6', 'barrier:2', 'motorcycle:6', 'bicycle:6', 'pedestrian:2', 'traffic_cone:2'], 'NUM_POINT_FEATURES': 5, 'DATABASE_WITH_FAKELIDAR': False, 'REMOVE_EXTRA_WIDTH': [0.0, 0.0, 0.0], 'LIMIT_WHOLE_SCENE': True}, {'NAME': 'random_world_flip', 'ALONG_AXIS_LIST': ['x', 'y']}, {'NAME': 'random_world_rotation', 'WORLD_ROT_ANGLE': [-0.78539816, 0.78539816]}, {'NAME': 'random_world_scaling', 'WORLD_SCALE_RANGE': [0.9, 1.1]}, {'NAME': 'random_world_translation', 'NOISE_TRANSLATE_STD': [0.5, 0.5, 0.5]}]
2025-08-11 18:48:35,021   INFO  ----------- POINT_FEATURE_ENCODING -----------
2025-08-11 18:48:35,021   INFO  cfg.DATA_CONFIG.POINT_FEATURE_ENCODING.encoding_type: absolute_coordinates_encoding
2025-08-11 18:48:35,021   INFO  cfg.DATA_CONFIG.POINT_FEATURE_ENCODING.used_feature_list: ['x', 'y', 'z', 'intensity', 'timestamp']
2025-08-11 18:48:35,021   INFO  cfg.DATA_CONFIG.POINT_FEATURE_ENCODING.src_feature_list: ['x', 'y', 'z', 'intensity', 'timestamp']
2025-08-11 18:48:35,021   INFO  cfg.DATA_CONFIG.DATA_PROCESSOR: [{'NAME': 'mask_points_and_boxes_outside_range', 'REMOVE_OUTSIDE_BOXES': True}, {'NAME': 'shuffle_points', 'SHUFFLE_ENABLED': {'train': True, 'test': True}}, {'NAME': 'transform_points_to_voxels', 'VOXEL_SIZE': [0.075, 0.075, 0.2], 'MAX_POINTS_PER_VOXEL': 10, 'MAX_NUMBER_OF_VOXELS': {'train': 120000, 'test': 160000}}]
2025-08-11 18:48:35,021   INFO  cfg.DATA_CONFIG._BASE_CONFIG_: cfgs/dataset_configs/nuscenes_dataset.yaml
2025-08-11 18:48:35,022   INFO  ----------- MODEL -----------
2025-08-11 18:48:35,022   INFO  cfg.MODEL.NAME: CenterPoint
2025-08-11 18:48:35,022   INFO  ----------- VFE -----------
2025-08-11 18:48:35,022   INFO  cfg.MODEL.VFE.NAME: MeanVFE
2025-08-11 18:48:35,022   INFO  ----------- BACKBONE_3D -----------
2025-08-11 18:48:35,022   INFO  cfg.MODEL.BACKBONE_3D.NAME: VoxelResBackBone8x
2025-08-11 18:48:35,022   INFO  ----------- MAP_TO_BEV -----------
2025-08-11 18:48:35,022   INFO  cfg.MODEL.MAP_TO_BEV.NAME: HeightCompression
2025-08-11 18:48:35,022   INFO  cfg.MODEL.MAP_TO_BEV.NUM_BEV_FEATURES: 256
2025-08-11 18:48:35,022   INFO  ----------- BACKBONE_2D -----------
2025-08-11 18:48:35,022   INFO  cfg.MODEL.BACKBONE_2D.NAME: BaseBEVBackbone
2025-08-11 18:48:35,022   INFO  cfg.MODEL.BACKBONE_2D.LAYER_NUMS: [5, 5]
2025-08-11 18:48:35,022   INFO  cfg.MODEL.BACKBONE_2D.LAYER_STRIDES: [1, 2]
2025-08-11 18:48:35,023   INFO  cfg.MODEL.BACKBONE_2D.NUM_FILTERS: [128, 256]
2025-08-11 18:48:35,023   INFO  cfg.MODEL.BACKBONE_2D.UPSAMPLE_STRIDES: [1, 2]
2025-08-11 18:48:35,023   INFO  cfg.MODEL.BACKBONE_2D.NUM_UPSAMPLE_FILTERS: [256, 256]
2025-08-11 18:48:35,023   INFO  ----------- DENSE_HEAD -----------
2025-08-11 18:48:35,023   INFO  cfg.MODEL.DENSE_HEAD.NAME: CenterHead
2025-08-11 18:48:35,023   INFO  cfg.MODEL.DENSE_HEAD.CLASS_AGNOSTIC: False
2025-08-11 18:48:35,023   INFO  cfg.MODEL.DENSE_HEAD.CLASS_NAMES_EACH_HEAD: [['car'], ['truck', 'construction_vehicle'], ['bus', 'trailer'], ['barrier'], ['motorcycle', 'bicycle'], ['pedestrian', 'traffic_cone']]
2025-08-11 18:48:35,023   INFO  cfg.MODEL.DENSE_HEAD.SHARED_CONV_CHANNEL: 64
2025-08-11 18:48:35,023   INFO  cfg.MODEL.DENSE_HEAD.USE_BIAS_BEFORE_NORM: True
2025-08-11 18:48:35,023   INFO  cfg.MODEL.DENSE_HEAD.NUM_HM_CONV: 2
2025-08-11 18:48:35,023   INFO  ----------- SEPARATE_HEAD_CFG -----------
2025-08-11 18:48:35,023   INFO  cfg.MODEL.DENSE_HEAD.SEPARATE_HEAD_CFG.HEAD_ORDER: ['center', 'center_z', 'dim', 'rot', 'vel']
2025-08-11 18:48:35,023   INFO  ----------- HEAD_DICT -----------
2025-08-11 18:48:35,023   INFO  ----------- center -----------
2025-08-11 18:48:35,023   INFO  cfg.MODEL.DENSE_HEAD.SEPARATE_HEAD_CFG.HEAD_DICT.center.out_channels: 2
2025-08-11 18:48:35,023   INFO  cfg.MODEL.DENSE_HEAD.SEPARATE_HEAD_CFG.HEAD_DICT.center.num_conv: 2
2025-08-11 18:48:35,024   INFO  ----------- center_z -----------
2025-08-11 18:48:35,024   INFO  cfg.MODEL.DENSE_HEAD.SEPARATE_HEAD_CFG.HEAD_DICT.center_z.out_channels: 1
2025-08-11 18:48:35,024   INFO  cfg.MODEL.DENSE_HEAD.SEPARATE_HEAD_CFG.HEAD_DICT.center_z.num_conv: 2
2025-08-11 18:48:35,024   INFO  ----------- dim -----------
2025-08-11 18:48:35,024   INFO  cfg.MODEL.DENSE_HEAD.SEPARATE_HEAD_CFG.HEAD_DICT.dim.out_channels: 3
2025-08-11 18:48:35,024   INFO  cfg.MODEL.DENSE_HEAD.SEPARATE_HEAD_CFG.HEAD_DICT.dim.num_conv: 2
2025-08-11 18:48:35,025   INFO  ----------- rot -----------
2025-08-11 18:48:35,025   INFO  cfg.MODEL.DENSE_HEAD.SEPARATE_HEAD_CFG.HEAD_DICT.rot.out_channels: 2
2025-08-11 18:48:35,025   INFO  cfg.MODEL.DENSE_HEAD.SEPARATE_HEAD_CFG.HEAD_DICT.rot.num_conv: 2
2025-08-11 18:48:35,025   INFO  ----------- vel -----------
2025-08-11 18:48:35,025   INFO  cfg.MODEL.DENSE_HEAD.SEPARATE_HEAD_CFG.HEAD_DICT.vel.out_channels: 2
2025-08-11 18:48:35,025   INFO  cfg.MODEL.DENSE_HEAD.SEPARATE_HEAD_CFG.HEAD_DICT.vel.num_conv: 2
2025-08-11 18:48:35,026   INFO  ----------- TARGET_ASSIGNER_CONFIG -----------
2025-08-11 18:48:35,026   INFO  cfg.MODEL.DENSE_HEAD.TARGET_ASSIGNER_CONFIG.FEATURE_MAP_STRIDE: 8
2025-08-11 18:48:35,026   INFO  cfg.MODEL.DENSE_HEAD.TARGET_ASSIGNER_CONFIG.NUM_MAX_OBJS: 500
2025-08-11 18:48:35,026   INFO  cfg.MODEL.DENSE_HEAD.TARGET_ASSIGNER_CONFIG.GAUSSIAN_OVERLAP: 0.1
2025-08-11 18:48:35,026   INFO  cfg.MODEL.DENSE_HEAD.TARGET_ASSIGNER_CONFIG.MIN_RADIUS: 2
2025-08-11 18:48:35,026   INFO  ----------- LOSS_CONFIG -----------
2025-08-11 18:48:35,026   INFO  ----------- LOSS_WEIGHTS -----------
2025-08-11 18:48:35,026   INFO  cfg.MODEL.DENSE_HEAD.LOSS_CONFIG.LOSS_WEIGHTS.cls_weight: 1.0
2025-08-11 18:48:35,026   INFO  cfg.MODEL.DENSE_HEAD.LOSS_CONFIG.LOSS_WEIGHTS.loc_weight: 0.25
2025-08-11 18:48:35,026   INFO  cfg.MODEL.DENSE_HEAD.LOSS_CONFIG.LOSS_WEIGHTS.code_weights: [1.0, 1.0, 1.0, 1.0, 1.0, 1.0, 0.2, 0.2, 1.0, 1.0]
2025-08-11 18:48:35,027   INFO  ----------- POST_PROCESSING -----------
2025-08-11 18:48:35,027   INFO  cfg.MODEL.DENSE_HEAD.POST_PROCESSING.SCORE_THRESH: 0.1
2025-08-11 18:48:35,027   INFO  cfg.MODEL.DENSE_HEAD.POST_PROCESSING.POST_CENTER_LIMIT_RANGE: [-61.2, -61.2, -10.0, 61.2, 61.2, 10.0]
2025-08-11 18:48:35,027   INFO  cfg.MODEL.DENSE_HEAD.POST_PROCESSING.MAX_OBJ_PER_SAMPLE: 500
2025-08-11 18:48:35,027   INFO  ----------- NMS_CONFIG -----------
2025-08-11 18:48:35,027   INFO  cfg.MODEL.DENSE_HEAD.POST_PROCESSING.NMS_CONFIG.NMS_TYPE: nms_gpu
2025-08-11 18:48:35,027   INFO  cfg.MODEL.DENSE_HEAD.POST_PROCESSING.NMS_CONFIG.NMS_THRESH: 0.2
2025-08-11 18:48:35,027   INFO  cfg.MODEL.DENSE_HEAD.POST_PROCESSING.NMS_CONFIG.NMS_PRE_MAXSIZE: 1000
2025-08-11 18:48:35,027   INFO  cfg.MODEL.DENSE_HEAD.POST_PROCESSING.NMS_CONFIG.NMS_POST_MAXSIZE: 83
2025-08-11 18:48:35,027   INFO  ----------- POST_PROCESSING -----------
2025-08-11 18:48:35,027   INFO  cfg.MODEL.POST_PROCESSING.RECALL_THRESH_LIST: [0.3, 0.5, 0.7]
2025-08-11 18:48:35,027   INFO  cfg.MODEL.POST_PROCESSING.EVAL_METRIC: kitti
2025-08-11 18:48:35,027   INFO  ----------- OPTIMIZATION -----------
2025-08-11 18:48:35,027   INFO  cfg.OPTIMIZATION.BATCH_SIZE_PER_GPU: 4
2025-08-11 18:48:35,027   INFO  cfg.OPTIMIZATION.NUM_EPOCHS: 50
2025-08-11 18:48:35,027   INFO  cfg.OPTIMIZATION.OPTIMIZER: adam_onecycle
2025-08-11 18:48:35,028   INFO  cfg.OPTIMIZATION.LR: 0.001
2025-08-11 18:48:35,028   INFO  cfg.OPTIMIZATION.WEIGHT_DECAY: 0.01
2025-08-11 18:48:35,028   INFO  cfg.OPTIMIZATION.MOMENTUM: 0.9
2025-08-11 18:48:35,028   INFO  cfg.OPTIMIZATION.MOMS: [0.95, 0.85]
2025-08-11 18:48:35,028   INFO  cfg.OPTIMIZATION.PCT_START: 0.4
2025-08-11 18:48:35,028   INFO  cfg.OPTIMIZATION.DIV_FACTOR: 10
2025-08-11 18:48:35,028   INFO  cfg.OPTIMIZATION.DECAY_STEP_LIST: [35, 45]
2025-08-11 18:48:35,028   INFO  cfg.OPTIMIZATION.LR_DECAY: 0.1
2025-08-11 18:48:35,028   INFO  cfg.OPTIMIZATION.LR_CLIP: 1e-07
2025-08-11 18:48:35,028   INFO  cfg.OPTIMIZATION.LR_WARMUP: False
2025-08-11 18:48:35,028   INFO  cfg.OPTIMIZATION.WARMUP_EPOCH: 1
2025-08-11 18:48:35,028   INFO  cfg.OPTIMIZATION.GRAD_NORM_CLIP: 10
2025-08-11 18:48:35,028   INFO  cfg.TAG: cbgs_voxel0075_res3d_centerpoint_50Ep
2025-08-11 18:48:35,028   INFO  cfg.EXP_GROUP_PATH: nuscenes_models
2025-08-11 18:48:35,036   INFO  ----------- Create dataloader & network & optimizer -----------
2025-08-11 18:48:35,094   INFO  Database filter by min points car: 4082 => 3303
2025-08-11 18:48:35,094   INFO  Database filter by min points truck: 451 => 412
2025-08-11 18:48:35,094   INFO  Database filter by min points construction_vehicle: 174 => 161
2025-08-11 18:48:35,094   INFO  Database filter by min points bus: 337 => 309
2025-08-11 18:48:35,094   INFO  Database filter by min points trailer: 59 => 57
2025-08-11 18:48:35,094   INFO  Database filter by min points barrier: 1851 => 1741
2025-08-11 18:48:35,094   INFO  Database filter by min points motorcycle: 179 => 149
2025-08-11 18:48:35,094   INFO  Database filter by min points bicycle: 147 => 136
2025-08-11 18:48:35,095   INFO  Database filter by min points pedestrian: 3068 => 2799
2025-08-11 18:48:35,095   INFO  Database filter by min points traffic_cone: 773 => 635
2025-08-11 18:48:35,096   INFO  Loading NuScenes dataset
2025-08-11 18:48:35,129   INFO  Total samples for NuScenes dataset: 323
2025-08-11 18:48:35,134   INFO  Total samples after balanced resampling: 1630
2025-08-11 18:48:37,859   INFO  ----------- Model CenterPoint created, param count: 8941590 -----------
2025-08-11 18:48:37,859   INFO  CenterPoint(
  (vfe): MeanVFE()
  (backbone_3d): VoxelResBackBone8x(
    (conv_input): SparseSequential(
      (0): SubMConv3d(5, 16, kernel_size=[3, 3, 3], stride=[1, 1, 1], padding=[1, 1, 1], dilation=[1, 1, 1], output_padding=[0, 0, 0], bias=False, algo=ConvAlgo.MaskImplicitGemm)
      (1): BatchNorm1d(16, eps=0.001, momentum=0.01, affine=True, track_running_stats=True)
      (2): ReLU()
    )
    (conv1): SparseSequential(
      (0): SparseBasicBlock(
        (conv1): SubMConv3d(16, 16, kernel_size=[3, 3, 3], stride=[1, 1, 1], padding=[1, 1, 1], dilation=[1, 1, 1], output_padding=[0, 0, 0], algo=ConvAlgo.MaskImplicitGemm)
        (bn1): BatchNorm1d(16, eps=0.001, momentum=0.01, affine=True, track_running_stats=True)
        (relu): ReLU()
        (conv2): SubMConv3d(16, 16, kernel_size=[3, 3, 3], stride=[1, 1, 1], padding=[1, 1, 1], dilation=[1, 1, 1], output_padding=[0, 0, 0], algo=ConvAlgo.MaskImplicitGemm)
        (bn2): BatchNorm1d(16, eps=0.001, momentum=0.01, affine=True, track_running_stats=True)
      )
      (1): SparseBasicBlock(
        (conv1): SubMConv3d(16, 16, kernel_size=[3, 3, 3], stride=[1, 1, 1], padding=[1, 1, 1], dilation=[1, 1, 1], output_padding=[0, 0, 0], algo=ConvAlgo.MaskImplicitGemm)
        (bn1): BatchNorm1d(16, eps=0.001, momentum=0.01, affine=True, track_running_stats=True)
        (relu): ReLU()
        (conv2): SubMConv3d(16, 16, kernel_size=[3, 3, 3], stride=[1, 1, 1], padding=[1, 1, 1], dilation=[1, 1, 1], output_padding=[0, 0, 0], algo=ConvAlgo.MaskImplicitGemm)
        (bn2): BatchNorm1d(16, eps=0.001, momentum=0.01, affine=True, track_running_stats=True)
      )
    )
    (conv2): SparseSequential(
      (0): SparseSequential(
        (0): SparseConv3d(16, 32, kernel_size=[3, 3, 3], stride=[2, 2, 2], padding=[1, 1, 1], dilation=[1, 1, 1], output_padding=[0, 0, 0], bias=False, algo=ConvAlgo.MaskImplicitGemm)
        (1): BatchNorm1d(32, eps=0.001, momentum=0.01, affine=True, track_running_stats=True)
        (2): ReLU()
      )
      (1): SparseBasicBlock(
        (conv1): SubMConv3d(32, 32, kernel_size=[3, 3, 3], stride=[1, 1, 1], padding=[1, 1, 1], dilation=[1, 1, 1], output_padding=[0, 0, 0], algo=ConvAlgo.MaskImplicitGemm)
        (bn1): BatchNorm1d(32, eps=0.001, momentum=0.01, affine=True, track_running_stats=True)
        (relu): ReLU()
        (conv2): SubMConv3d(32, 32, kernel_size=[3, 3, 3], stride=[1, 1, 1], padding=[1, 1, 1], dilation=[1, 1, 1], output_padding=[0, 0, 0], algo=ConvAlgo.MaskImplicitGemm)
        (bn2): BatchNorm1d(32, eps=0.001, momentum=0.01, affine=True, track_running_stats=True)
      )
      (2): SparseBasicBlock(
        (conv1): SubMConv3d(32, 32, kernel_size=[3, 3, 3], stride=[1, 1, 1], padding=[1, 1, 1], dilation=[1, 1, 1], output_padding=[0, 0, 0], algo=ConvAlgo.MaskImplicitGemm)
        (bn1): BatchNorm1d(32, eps=0.001, momentum=0.01, affine=True, track_running_stats=True)
        (relu): ReLU()
        (conv2): SubMConv3d(32, 32, kernel_size=[3, 3, 3], stride=[1, 1, 1], padding=[1, 1, 1], dilation=[1, 1, 1], output_padding=[0, 0, 0], algo=ConvAlgo.MaskImplicitGemm)
        (bn2): BatchNorm1d(32, eps=0.001, momentum=0.01, affine=True, track_running_stats=True)
      )
    )
    (conv3): SparseSequential(
      (0): SparseSequential(
        (0): SparseConv3d(32, 64, kernel_size=[3, 3, 3], stride=[2, 2, 2], padding=[1, 1, 1], dilation=[1, 1, 1], output_padding=[0, 0, 0], bias=False, algo=ConvAlgo.MaskImplicitGemm)
        (1): BatchNorm1d(64, eps=0.001, momentum=0.01, affine=True, track_running_stats=True)
        (2): ReLU()
      )
      (1): SparseBasicBlock(
        (conv1): SubMConv3d(64, 64, kernel_size=[3, 3, 3], stride=[1, 1, 1], padding=[1, 1, 1], dilation=[1, 1, 1], output_padding=[0, 0, 0], algo=ConvAlgo.MaskImplicitGemm)
        (bn1): BatchNorm1d(64, eps=0.001, momentum=0.01, affine=True, track_running_stats=True)
        (relu): ReLU()
        (conv2): SubMConv3d(64, 64, kernel_size=[3, 3, 3], stride=[1, 1, 1], padding=[1, 1, 1], dilation=[1, 1, 1], output_padding=[0, 0, 0], algo=ConvAlgo.MaskImplicitGemm)
        (bn2): BatchNorm1d(64, eps=0.001, momentum=0.01, affine=True, track_running_stats=True)
      )
      (2): SparseBasicBlock(
        (conv1): SubMConv3d(64, 64, kernel_size=[3, 3, 3], stride=[1, 1, 1], padding=[1, 1, 1], dilation=[1, 1, 1], output_padding=[0, 0, 0], algo=ConvAlgo.MaskImplicitGemm)
        (bn1): BatchNorm1d(64, eps=0.001, momentum=0.01, affine=True, track_running_stats=True)
        (relu): ReLU()
        (conv2): SubMConv3d(64, 64, kernel_size=[3, 3, 3], stride=[1, 1, 1], padding=[1, 1, 1], dilation=[1, 1, 1], output_padding=[0, 0, 0], algo=ConvAlgo.MaskImplicitGemm)
        (bn2): BatchNorm1d(64, eps=0.001, momentum=0.01, affine=True, track_running_stats=True)
      )
    )
    (conv4): SparseSequential(
      (0): SparseSequential(
        (0): SparseConv3d(64, 128, kernel_size=[3, 3, 3], stride=[2, 2, 2], padding=[0, 1, 1], dilation=[1, 1, 1], output_padding=[0, 0, 0], bias=False, algo=ConvAlgo.MaskImplicitGemm)
        (1): BatchNorm1d(128, eps=0.001, momentum=0.01, affine=True, track_running_stats=True)
        (2): ReLU()
      )
      (1): SparseBasicBlock(
        (conv1): SubMConv3d(128, 128, kernel_size=[3, 3, 3], stride=[1, 1, 1], padding=[1, 1, 1], dilation=[1, 1, 1], output_padding=[0, 0, 0], algo=ConvAlgo.MaskImplicitGemm)
        (bn1): BatchNorm1d(128, eps=0.001, momentum=0.01, affine=True, track_running_stats=True)
        (relu): ReLU()
        (conv2): SubMConv3d(128, 128, kernel_size=[3, 3, 3], stride=[1, 1, 1], padding=[1, 1, 1], dilation=[1, 1, 1], output_padding=[0, 0, 0], algo=ConvAlgo.MaskImplicitGemm)
        (bn2): BatchNorm1d(128, eps=0.001, momentum=0.01, affine=True, track_running_stats=True)
      )
      (2): SparseBasicBlock(
        (conv1): SubMConv3d(128, 128, kernel_size=[3, 3, 3], stride=[1, 1, 1], padding=[1, 1, 1], dilation=[1, 1, 1], output_padding=[0, 0, 0], algo=ConvAlgo.MaskImplicitGemm)
        (bn1): BatchNorm1d(128, eps=0.001, momentum=0.01, affine=True, track_running_stats=True)
        (relu): ReLU()
        (conv2): SubMConv3d(128, 128, kernel_size=[3, 3, 3], stride=[1, 1, 1], padding=[1, 1, 1], dilation=[1, 1, 1], output_padding=[0, 0, 0], algo=ConvAlgo.MaskImplicitGemm)
        (bn2): BatchNorm1d(128, eps=0.001, momentum=0.01, affine=True, track_running_stats=True)
      )
    )
    (conv_out): SparseSequential(
      (0): SparseConv3d(128, 128, kernel_size=[3, 1, 1], stride=[2, 1, 1], padding=[0, 0, 0], dilation=[1, 1, 1], output_padding=[0, 0, 0], bias=False, algo=ConvAlgo.MaskImplicitGemm)
      (1): BatchNorm1d(128, eps=0.001, momentum=0.01, affine=True, track_running_stats=True)
      (2): ReLU()
    )
  )
  (map_to_bev_module): HeightCompression()
  (pfe): None
  (backbone_2d): BaseBEVBackbone(
    (blocks): ModuleList(
      (0): Sequential(
        (0): ZeroPad2d((1, 1, 1, 1))
        (1): Conv2d(256, 128, kernel_size=(3, 3), stride=(1, 1), bias=False)
        (2): BatchNorm2d(128, eps=0.001, momentum=0.01, affine=True, track_running_stats=True)
        (3): ReLU()
        (4): Conv2d(128, 128, kernel_size=(3, 3), stride=(1, 1), padding=(1, 1), bias=False)
        (5): BatchNorm2d(128, eps=0.001, momentum=0.01, affine=True, track_running_stats=True)
        (6): ReLU()
        (7): Conv2d(128, 128, kernel_size=(3, 3), stride=(1, 1), padding=(1, 1), bias=False)
        (8): BatchNorm2d(128, eps=0.001, momentum=0.01, affine=True, track_running_stats=True)
        (9): ReLU()
        (10): Conv2d(128, 128, kernel_size=(3, 3), stride=(1, 1), padding=(1, 1), bias=False)
        (11): BatchNorm2d(128, eps=0.001, momentum=0.01, affine=True, track_running_stats=True)
        (12): ReLU()
        (13): Conv2d(128, 128, kernel_size=(3, 3), stride=(1, 1), padding=(1, 1), bias=False)
        (14): BatchNorm2d(128, eps=0.001, momentum=0.01, affine=True, track_running_stats=True)
        (15): ReLU()
        (16): Conv2d(128, 128, kernel_size=(3, 3), stride=(1, 1), padding=(1, 1), bias=False)
        (17): BatchNorm2d(128, eps=0.001, momentum=0.01, affine=True, track_running_stats=True)
        (18): ReLU()
      )
      (1): Sequential(
        (0): ZeroPad2d((1, 1, 1, 1))
        (1): Conv2d(128, 256, kernel_size=(3, 3), stride=(2, 2), bias=False)
        (2): BatchNorm2d(256, eps=0.001, momentum=0.01, affine=True, track_running_stats=True)
        (3): ReLU()
        (4): Conv2d(256, 256, kernel_size=(3, 3), stride=(1, 1), padding=(1, 1), bias=False)
        (5): BatchNorm2d(256, eps=0.001, momentum=0.01, affine=True, track_running_stats=True)
        (6): ReLU()
        (7): Conv2d(256, 256, kernel_size=(3, 3), stride=(1, 1), padding=(1, 1), bias=False)
        (8): BatchNorm2d(256, eps=0.001, momentum=0.01, affine=True, track_running_stats=True)
        (9): ReLU()
        (10): Conv2d(256, 256, kernel_size=(3, 3), stride=(1, 1), padding=(1, 1), bias=False)
        (11): BatchNorm2d(256, eps=0.001, momentum=0.01, affine=True, track_running_stats=True)
        (12): ReLU()
        (13): Conv2d(256, 256, kernel_size=(3, 3), stride=(1, 1), padding=(1, 1), bias=False)
        (14): BatchNorm2d(256, eps=0.001, momentum=0.01, affine=True, track_running_stats=True)
        (15): ReLU()
        (16): Conv2d(256, 256, kernel_size=(3, 3), stride=(1, 1), padding=(1, 1), bias=False)
        (17): BatchNorm2d(256, eps=0.001, momentum=0.01, affine=True, track_running_stats=True)
        (18): ReLU()
      )
    )
    (deblocks): ModuleList(
      (0): Sequential(
        (0): ConvTranspose2d(128, 256, kernel_size=(1, 1), stride=(1, 1), bias=False)
        (1): BatchNorm2d(256, eps=0.001, momentum=0.01, affine=True, track_running_stats=True)
        (2): ReLU()
      )
      (1): Sequential(
        (0): ConvTranspose2d(256, 256, kernel_size=(2, 2), stride=(2, 2), bias=False)
        (1): BatchNorm2d(256, eps=0.001, momentum=0.01, affine=True, track_running_stats=True)
        (2): ReLU()
      )
    )
  )
  (dense_head): CenterHead(
    (shared_conv): Sequential(
      (0): Conv2d(512, 64, kernel_size=(3, 3), stride=(1, 1), padding=(1, 1))
      (1): BatchNorm2d(64, eps=1e-05, momentum=0.1, affine=True, track_running_stats=True)
      (2): ReLU()
    )
    (heads_list): ModuleList(
      (0): SeparateHead(
        (center): Sequential(
          (0): Sequential(
            (0): Conv2d(64, 64, kernel_size=(3, 3), stride=(1, 1), padding=(1, 1))
            (1): BatchNorm2d(64, eps=1e-05, momentum=0.1, affine=True, track_running_stats=True)
            (2): ReLU()
          )
          (1): Conv2d(64, 2, kernel_size=(3, 3), stride=(1, 1), padding=(1, 1))
        )
        (center_z): Sequential(
          (0): Sequential(
            (0): Conv2d(64, 64, kernel_size=(3, 3), stride=(1, 1), padding=(1, 1))
            (1): BatchNorm2d(64, eps=1e-05, momentum=0.1, affine=True, track_running_stats=True)
            (2): ReLU()
          )
          (1): Conv2d(64, 1, kernel_size=(3, 3), stride=(1, 1), padding=(1, 1))
        )
        (dim): Sequential(
          (0): Sequential(
            (0): Conv2d(64, 64, kernel_size=(3, 3), stride=(1, 1), padding=(1, 1))
            (1): BatchNorm2d(64, eps=1e-05, momentum=0.1, affine=True, track_running_stats=True)
            (2): ReLU()
          )
          (1): Conv2d(64, 3, kernel_size=(3, 3), stride=(1, 1), padding=(1, 1))
        )
        (rot): Sequential(
          (0): Sequential(
            (0): Conv2d(64, 64, kernel_size=(3, 3), stride=(1, 1), padding=(1, 1))
            (1): BatchNorm2d(64, eps=1e-05, momentum=0.1, affine=True, track_running_stats=True)
            (2): ReLU()
          )
          (1): Conv2d(64, 2, kernel_size=(3, 3), stride=(1, 1), padding=(1, 1))
        )
        (vel): Sequential(
          (0): Sequential(
            (0): Conv2d(64, 64, kernel_size=(3, 3), stride=(1, 1), padding=(1, 1))
            (1): BatchNorm2d(64, eps=1e-05, momentum=0.1, affine=True, track_running_stats=True)
            (2): ReLU()
          )
          (1): Conv2d(64, 2, kernel_size=(3, 3), stride=(1, 1), padding=(1, 1))
        )
        (hm): Sequential(
          (0): Sequential(
            (0): Conv2d(64, 64, kernel_size=(3, 3), stride=(1, 1), padding=(1, 1))
            (1): BatchNorm2d(64, eps=1e-05, momentum=0.1, affine=True, track_running_stats=True)
            (2): ReLU()
          )
          (1): Conv2d(64, 1, kernel_size=(3, 3), stride=(1, 1), padding=(1, 1))
        )
      )
      (1-2): 2 x SeparateHead(
        (center): Sequential(
          (0): Sequential(
            (0): Conv2d(64, 64, kernel_size=(3, 3), stride=(1, 1), padding=(1, 1))
            (1): BatchNorm2d(64, eps=1e-05, momentum=0.1, affine=True, track_running_stats=True)
            (2): ReLU()
          )
          (1): Conv2d(64, 2, kernel_size=(3, 3), stride=(1, 1), padding=(1, 1))
        )
        (center_z): Sequential(
          (0): Sequential(
            (0): Conv2d(64, 64, kernel_size=(3, 3), stride=(1, 1), padding=(1, 1))
            (1): BatchNorm2d(64, eps=1e-05, momentum=0.1, affine=True, track_running_stats=True)
            (2): ReLU()
          )
          (1): Conv2d(64, 1, kernel_size=(3, 3), stride=(1, 1), padding=(1, 1))
        )
        (dim): Sequential(
          (0): Sequential(
            (0): Conv2d(64, 64, kernel_size=(3, 3), stride=(1, 1), padding=(1, 1))
            (1): BatchNorm2d(64, eps=1e-05, momentum=0.1, affine=True, track_running_stats=True)
            (2): ReLU()
          )
          (1): Conv2d(64, 3, kernel_size=(3, 3), stride=(1, 1), padding=(1, 1))
        )
        (rot): Sequential(
          (0): Sequential(
            (0): Conv2d(64, 64, kernel_size=(3, 3), stride=(1, 1), padding=(1, 1))
            (1): BatchNorm2d(64, eps=1e-05, momentum=0.1, affine=True, track_running_stats=True)
            (2): ReLU()
          )
          (1): Conv2d(64, 2, kernel_size=(3, 3), stride=(1, 1), padding=(1, 1))
        )
        (vel): Sequential(
          (0): Sequential(
            (0): Conv2d(64, 64, kernel_size=(3, 3), stride=(1, 1), padding=(1, 1))
            (1): BatchNorm2d(64, eps=1e-05, momentum=0.1, affine=True, track_running_stats=True)
            (2): ReLU()
          )
          (1): Conv2d(64, 2, kernel_size=(3, 3), stride=(1, 1), padding=(1, 1))
        )
        (hm): Sequential(
          (0): Sequential(
            (0): Conv2d(64, 64, kernel_size=(3, 3), stride=(1, 1), padding=(1, 1))
            (1): BatchNorm2d(64, eps=1e-05, momentum=0.1, affine=True, track_running_stats=True)
            (2): ReLU()
          )
          (1): Conv2d(64, 2, kernel_size=(3, 3), stride=(1, 1), padding=(1, 1))
        )
      )
      (3): SeparateHead(
        (center): Sequential(
          (0): Sequential(
            (0): Conv2d(64, 64, kernel_size=(3, 3), stride=(1, 1), padding=(1, 1))
            (1): BatchNorm2d(64, eps=1e-05, momentum=0.1, affine=True, track_running_stats=True)
            (2): ReLU()
          )
          (1): Conv2d(64, 2, kernel_size=(3, 3), stride=(1, 1), padding=(1, 1))
        )
        (center_z): Sequential(
          (0): Sequential(
            (0): Conv2d(64, 64, kernel_size=(3, 3), stride=(1, 1), padding=(1, 1))
            (1): BatchNorm2d(64, eps=1e-05, momentum=0.1, affine=True, track_running_stats=True)
            (2): ReLU()
          )
          (1): Conv2d(64, 1, kernel_size=(3, 3), stride=(1, 1), padding=(1, 1))
        )
        (dim): Sequential(
          (0): Sequential(
            (0): Conv2d(64, 64, kernel_size=(3, 3), stride=(1, 1), padding=(1, 1))
            (1): BatchNorm2d(64, eps=1e-05, momentum=0.1, affine=True, track_running_stats=True)
            (2): ReLU()
          )
          (1): Conv2d(64, 3, kernel_size=(3, 3), stride=(1, 1), padding=(1, 1))
        )
        (rot): Sequential(
          (0): Sequential(
            (0): Conv2d(64, 64, kernel_size=(3, 3), stride=(1, 1), padding=(1, 1))
            (1): BatchNorm2d(64, eps=1e-05, momentum=0.1, affine=True, track_running_stats=True)
            (2): ReLU()
          )
          (1): Conv2d(64, 2, kernel_size=(3, 3), stride=(1, 1), padding=(1, 1))
        )
        (vel): Sequential(
          (0): Sequential(
            (0): Conv2d(64, 64, kernel_size=(3, 3), stride=(1, 1), padding=(1, 1))
            (1): BatchNorm2d(64, eps=1e-05, momentum=0.1, affine=True, track_running_stats=True)
            (2): ReLU()
          )
          (1): Conv2d(64, 2, kernel_size=(3, 3), stride=(1, 1), padding=(1, 1))
        )
        (hm): Sequential(
          (0): Sequential(
            (0): Conv2d(64, 64, kernel_size=(3, 3), stride=(1, 1), padding=(1, 1))
            (1): BatchNorm2d(64, eps=1e-05, momentum=0.1, affine=True, track_running_stats=True)
            (2): ReLU()
          )
          (1): Conv2d(64, 1, kernel_size=(3, 3), stride=(1, 1), padding=(1, 1))
        )
      )
      (4-5): 2 x SeparateHead(
        (center): Sequential(
          (0): Sequential(
            (0): Conv2d(64, 64, kernel_size=(3, 3), stride=(1, 1), padding=(1, 1))
            (1): BatchNorm2d(64, eps=1e-05, momentum=0.1, affine=True, track_running_stats=True)
            (2): ReLU()
          )
          (1): Conv2d(64, 2, kernel_size=(3, 3), stride=(1, 1), padding=(1, 1))
        )
        (center_z): Sequential(
          (0): Sequential(
            (0): Conv2d(64, 64, kernel_size=(3, 3), stride=(1, 1), padding=(1, 1))
            (1): BatchNorm2d(64, eps=1e-05, momentum=0.1, affine=True, track_running_stats=True)
            (2): ReLU()
          )
          (1): Conv2d(64, 1, kernel_size=(3, 3), stride=(1, 1), padding=(1, 1))
        )
        (dim): Sequential(
          (0): Sequential(
            (0): Conv2d(64, 64, kernel_size=(3, 3), stride=(1, 1), padding=(1, 1))
            (1): BatchNorm2d(64, eps=1e-05, momentum=0.1, affine=True, track_running_stats=True)
            (2): ReLU()
          )
          (1): Conv2d(64, 3, kernel_size=(3, 3), stride=(1, 1), padding=(1, 1))
        )
        (rot): Sequential(
          (0): Sequential(
            (0): Conv2d(64, 64, kernel_size=(3, 3), stride=(1, 1), padding=(1, 1))
            (1): BatchNorm2d(64, eps=1e-05, momentum=0.1, affine=True, track_running_stats=True)
            (2): ReLU()
          )
          (1): Conv2d(64, 2, kernel_size=(3, 3), stride=(1, 1), padding=(1, 1))
        )
        (vel): Sequential(
          (0): Sequential(
            (0): Conv2d(64, 64, kernel_size=(3, 3), stride=(1, 1), padding=(1, 1))
            (1): BatchNorm2d(64, eps=1e-05, momentum=0.1, affine=True, track_running_stats=True)
            (2): ReLU()
          )
          (1): Conv2d(64, 2, kernel_size=(3, 3), stride=(1, 1), padding=(1, 1))
        )
        (hm): Sequential(
          (0): Sequential(
            (0): Conv2d(64, 64, kernel_size=(3, 3), stride=(1, 1), padding=(1, 1))
            (1): BatchNorm2d(64, eps=1e-05, momentum=0.1, affine=True, track_running_stats=True)
            (2): ReLU()
          )
          (1): Conv2d(64, 2, kernel_size=(3, 3), stride=(1, 1), padding=(1, 1))
        )
      )
    )
    (hm_loss_func): FocalLossCenterNet()
    (reg_loss_func): RegLossCenterNet()
  )
  (point_head): None
  (roi_head): None
)
2025-08-11 18:48:37,862   INFO  **********************Start training nuscenes_models/cbgs_voxel0075_res3d_centerpoint_50Ep(default)**********************
2025-08-11 18:56:07,939   INFO  Train:    1/50 (  2%) [   0/408 (  0%)]  Loss: 368.6 (369.)  LR: 1.000e-04  Time cost: 07:29/50:57:36 [07:30/2548:00:46]  Acc_iter 1           Data time: 9.73(9.73)  Forward time: 439.91(439.91)  Batch time: 449.64(449.64)
2025-08-11 18:56:09,649   INFO  Save latest model to /home/lidar/OpenPCDet/output/nuscenes_models/cbgs_voxel0075_res3d_centerpoint_50Ep/default/ckpt/latest_model
2025-08-11 18:58:40,998   INFO  Save latest model to /home/lidar/OpenPCDet/output/nuscenes_models/cbgs_voxel0075_res3d_centerpoint_50Ep/default/ckpt/latest_model
2025-08-11 19:00:19,782   INFO  Train:    1/50 (  2%) [  49/408 ( 12%)]  Loss: 26.76 (53.8)  LR: 1.001e-04  Time cost: 11:41/1:23:56 [11:41/79:18:43]  Acc_iter 50          Data time: 1.96(2.58)  Forward time: 2.34(11.42)  Batch time: 4.30(14.00)
2025-08-11 19:03:44,653   INFO  Save latest model to /home/lidar/OpenPCDet/output/nuscenes_models/cbgs_voxel0075_res3d_centerpoint_50Ep/default/ckpt/latest_model
2025-08-11 19:04:47,364   INFO  Train:    1/50 (  2%) [  99/408 ( 24%)]  Loss: 21.72 (38.8)  LR: 1.003e-04  Time cost: 16:09/49:54 [16:09/54:38:52]  Acc_iter 100         Data time: 2.14(2.50)  Forward time: 1.53(7.17)  Batch time: 3.67(9.67)
2025-08-11 19:08:46,879   INFO  Save latest model to /home/lidar/OpenPCDet/output/nuscenes_models/cbgs_voxel0075_res3d_centerpoint_50Ep/default/ckpt/latest_model
2025-08-11 19:08:56,334   INFO  Train:    1/50 (  2%) [ 149/408 ( 37%)]  Loss: 20.19 (33.1)  LR: 1.007e-04  Time cost: 20:18/35:03 [20:18/45:40:44]  Acc_iter 150         Data time: 2.15(2.43)  Forward time: 1.84(5.68)  Batch time: 3.99(8.11)
2025-08-11 19:08:56,452   INFO  
2025-08-11 19:13:22,526   INFO  Train:    1/50 (  2%) [ 199/408 ( 49%)]  Loss: 20.01 (29.9)  LR: 1.013e-04  Time cost: 24:44/25:51 [24:44/41:38:35]  Acc_iter 200         Data time: 2.11(2.45)  Forward time: 1.62(4.96)  Batch time: 3.73(7.41)
2025-08-11 19:13:38,872   INFO  Save latest model to /home/lidar/OpenPCDet/output/nuscenes_models/cbgs_voxel0075_res3d_centerpoint_50Ep/default/ckpt/latest_model
2025-08-11 19:17:48,964   INFO  Train:    1/50 (  2%) [ 249/408 ( 61%)]  Loss: 17.62 (27.8)  LR: 1.021e-04  Time cost: 29:10/18:33 [29:11/39:11:51]  Acc_iter 250         Data time: 2.46(2.45)  Forward time: 1.56(4.55)  Batch time: 4.02(6.99)
2025-08-11 19:18:38,765   INFO  Save latest model to /home/lidar/OpenPCDet/output/nuscenes_models/cbgs_voxel0075_res3d_centerpoint_50Ep/default/ckpt/latest_model
2025-08-11 19:22:21,871   INFO  Train:    1/50 (  2%) [ 299/408 ( 73%)]  Loss: 22.76 (26.2)  LR: 1.030e-04  Time cost: 33:43/12:15 [33:43/37:39:46]  Acc_iter 300         Data time: 2.07(2.45)  Forward time: 6.36(4.28)  Batch time: 8.44(6.73)
2025-08-11 19:22:21,961   INFO  
2025-08-11 19:23:41,631   INFO  Save latest model to /home/lidar/OpenPCDet/output/nuscenes_models/cbgs_voxel0075_res3d_centerpoint_50Ep/default/ckpt/latest_model
2025-08-11 19:27:17,393   INFO  Train:    1/50 (  2%) [ 349/408 ( 86%)]  Loss: 18.07 (25.0)  LR: 1.041e-04  Time cost: 38:39/06:30 [38:39/36:54:18]  Acc_iter 350         Data time: 3.44(2.47)  Forward time: 3.66(4.15)  Batch time: 7.10(6.62)
2025-08-11 19:28:41,833   INFO  Save latest model to /home/lidar/OpenPCDet/output/nuscenes_models/cbgs_voxel0075_res3d_centerpoint_50Ep/default/ckpt/latest_model
2025-08-11 19:31:22,638   INFO  Train:    1/50 (  2%) [ 399/408 ( 98%)]  Loss: 15.33 (24.1)  LR: 1.053e-04  Time cost: 42:44/00:57 [42:44/35:37:04]  Acc_iter 400         Data time: 2.04(2.46)  Forward time: 2.19(3.95)  Batch time: 4.23(6.41)
2025-08-11 19:32:09,477   INFO  Train:    1/50 (  2%) [ 407/408 (100%)]  Loss: 15.15 (23.9)  LR: 1.055e-04  Time cost: 43:31/00:06 [43:31/35:32:34]  Acc_iter 408         Data time: 4.78(2.46)  Forward time: 2.67(3.94)  Batch time: 7.45(6.40)
2025-08-11 19:32:17,410   INFO  Train:    2/50 (  4%) [   0/408 (  0%)]  Loss: 16.40 (16.4)  LR: 1.055e-04  Time cost: 00:07/49:43 [43:39/40:36:33]  Acc_iter 409         Data time: 2.00(2.00)  Forward time: 3.26(3.26)  Batch time: 5.27(5.27)
2025-08-11 19:35:58,896   INFO  Train:    2/50 (  4%) [  41/408 ( 10%)]  Loss: 15.15 (17.0)  LR: 1.067e-04  Time cost: 03:48/33:19 [47:21/30:11:24]  Acc_iter 450         Data time: 4.16(2.39)  Forward time: 2.39(2.98)  Batch time: 6.54(5.37)
2025-08-11 19:35:58,999   INFO  
2025-08-11 19:37:13,213   INFO  Save latest model to /home/lidar/OpenPCDet/output/nuscenes_models/cbgs_voxel0075_res3d_centerpoint_50Ep/default/ckpt/latest_model
2025-08-11 19:40:21,721   INFO  Train:    2/50 (  4%) [  91/408 ( 22%)]  Loss: 15.98 (16.6)  LR: 1.083e-04  Time cost: 08:11/28:13 [51:43/29:32:25]  Acc_iter 500         Data time: 2.03(2.42)  Forward time: 3.32(2.88)  Batch time: 5.35(5.31)
2025-08-11 19:42:11,862   INFO  Save latest model to /home/lidar/OpenPCDet/output/nuscenes_models/cbgs_voxel0075_res3d_centerpoint_50Ep/default/ckpt/latest_model
2025-08-11 19:44:51,283   INFO  Train:    2/50 (  4%) [ 141/408 ( 35%)]  Loss: 15.76 (16.3)  LR: 1.100e-04  Time cost: 12:41/23:51 [56:13/29:33:30]  Acc_iter 550         Data time: 1.97(2.45)  Forward time: 2.59(2.89)  Batch time: 4.56(5.34)
2025-08-11 19:47:12,236   INFO  Save latest model to /home/lidar/OpenPCDet/output/nuscenes_models/cbgs_voxel0075_res3d_centerpoint_50Ep/default/ckpt/latest_model
2025-08-11 19:49:21,558   INFO  Train:    2/50 (  4%) [ 191/408 ( 47%)]  Loss: 13.96 (16.1)  LR: 1.119e-04  Time cost: 17:11/19:25 [1:00:43/29:32:54]  Acc_iter 600         Data time: 3.08(2.45)  Forward time: 1.62(2.91)  Batch time: 4.70(5.36)
2025-08-11 19:49:21,650   INFO  
2025-08-11 19:52:11,096   INFO  Save latest model to /home/lidar/OpenPCDet/output/nuscenes_models/cbgs_voxel0075_res3d_centerpoint_50Ep/default/ckpt/latest_model
2025-08-11 19:53:33,578   INFO  Train:    2/50 (  4%) [ 241/408 ( 59%)]  Loss: 15.36 (15.9)  LR: 1.140e-04  Time cost: 21:23/14:45 [1:04:55/29:05:52]  Acc_iter 650         Data time: 2.80(2.44)  Forward time: 2.94(2.86)  Batch time: 5.74(5.29)
2025-08-11 19:57:11,883   INFO  Save latest model to /home/lidar/OpenPCDet/output/nuscenes_models/cbgs_voxel0075_res3d_centerpoint_50Ep/default/ckpt/latest_model
2025-08-11 19:57:25,722   INFO  Train:    2/50 (  4%) [ 291/408 ( 71%)]  Loss: 13.67 (15.7)  LR: 1.162e-04  Time cost: 25:15/10:07 [1:08:47/28:24:17]  Acc_iter 700         Data time: 2.09(2.42)  Forward time: 2.02(2.76)  Batch time: 4.10(5.18)
2025-08-11 20:01:57,809   INFO  Train:    2/50 (  4%) [ 341/408 ( 84%)]  Loss: 15.02 (15.5)  LR: 1.186e-04  Time cost: 29:47/05:50 [1:13:19/28:32:00]  Acc_iter 750         Data time: 3.52(2.43)  Forward time: 3.04(2.79)  Batch time: 6.56(5.22)
2025-08-11 20:01:57,900   INFO  
2025-08-11 20:02:11,137   INFO  Save latest model to /home/lidar/OpenPCDet/output/nuscenes_models/cbgs_voxel0075_res3d_centerpoint_50Ep/default/ckpt/latest_model
2025-08-11 20:06:42,036   INFO  Train:    2/50 (  4%) [ 391/408 ( 96%)]  Loss: 14.58 (15.5)  LR: 1.211e-04  Time cost: 34:31/01:29 [1:18:04/28:46:42]  Acc_iter 800         Data time: 2.60(2.43)  Forward time: 5.03(2.85)  Batch time: 7.63(5.28)
2025-08-11 20:07:10,835   INFO  Save latest model to /home/lidar/OpenPCDet/output/nuscenes_models/cbgs_voxel0075_res3d_centerpoint_50Ep/default/ckpt/latest_model
2025-08-11 20:08:01,973   INFO  Train:    2/50 (  4%) [ 407/408 (100%)]  Loss: 13.77 (15.4)  LR: 1.220e-04  Time cost: 35:51/00:05 [1:19:24/28:41:35]  Acc_iter 816         Data time: 2.44(2.44)  Forward time: 2.13(2.84)  Batch time: 4.56(5.27)
2025-08-11 20:08:11,984   INFO  Train:    3/50 (  6%) [   0/408 (  0%)]  Loss: 12.13 (12.1)  LR: 1.220e-04  Time cost: 00:09/1:02:16 [1:19:34/49:49:25]  Acc_iter 817         Data time: 2.74(2.74)  Forward time: 3.29(3.29)  Batch time: 6.04(6.04)
2025-08-11 20:10:55,461   INFO  Train:    3/50 (  6%) [  33/408 (  8%)]  Loss: 13.84 (14.5)  LR: 1.238e-04  Time cost: 02:52/31:44 [1:22:17/27:34:30]  Acc_iter 850         Data time: 2.24(2.31)  Forward time: 3.90(2.69)  Batch time: 6.14(5.01)
2025-08-11 20:13:04,572   INFO  Save latest model to /home/lidar/OpenPCDet/output/nuscenes_models/cbgs_voxel0075_res3d_centerpoint_50Ep/default/ckpt/latest_model
2025-08-11 20:15:24,227   INFO  Train:    3/50 (  6%) [  83/408 ( 20%)]  Loss: 14.42 (14.2)  LR: 1.267e-04  Time cost: 07:21/28:27 [1:26:46/28:27:53]  Acc_iter 900         Data time: 2.47(2.33)  Forward time: 5.48(2.88)  Batch time: 7.96(5.21)
2025-08-11 20:15:24,317   INFO  
2025-08-11 20:18:06,928   INFO  Save latest model to /home/lidar/OpenPCDet/output/nuscenes_models/cbgs_voxel0075_res3d_centerpoint_50Ep/default/ckpt/latest_model
2025-08-11 20:19:52,021   INFO  Train:    3/50 (  6%) [ 133/408 ( 33%)]  Loss: 13.10 (14.0)  LR: 1.297e-04  Time cost: 11:49/24:15 [1:31:14/28:35:44]  Acc_iter 950         Data time: 2.24(2.39)  Forward time: 3.32(2.89)  Batch time: 5.56(5.28)
2025-08-11 20:23:06,624   INFO  Save latest model to /home/lidar/OpenPCDet/output/nuscenes_models/cbgs_voxel0075_res3d_centerpoint_50Ep/default/ckpt/latest_model
2025-08-11 20:24:14,268   INFO  Train:    3/50 (  6%) [ 183/408 ( 45%)]  Loss: 12.11 (13.9)  LR: 1.329e-04  Time cost: 16:11/19:47 [1:35:36/28:27:09]  Acc_iter 1000        Data time: 2.10(2.37)  Forward time: 2.07(2.90)  Batch time: 4.18(5.27)
2025-08-11 20:28:04,291   INFO  Save latest model to /home/lidar/OpenPCDet/output/nuscenes_models/cbgs_voxel0075_res3d_centerpoint_50Ep/default/ckpt/latest_model
2025-08-11 20:29:05,586   INFO  Train:    3/50 (  6%) [ 233/408 ( 57%)]  Loss: 12.08 (13.9)  LR: 1.362e-04  Time cost: 21:02/15:44 [1:40:27/29:00:26]  Acc_iter 1050        Data time: 1.91(2.41)  Forward time: 1.79(2.98)  Batch time: 3.70(5.39)
2025-08-11 20:29:05,689   INFO  
2025-08-11 20:33:05,969   INFO  Save latest model to /home/lidar/OpenPCDet/output/nuscenes_models/cbgs_voxel0075_res3d_centerpoint_50Ep/default/ckpt/latest_model
2025-08-11 20:33:41,521   INFO  Train:    3/50 (  6%) [ 283/408 ( 69%)]  Loss: 13.39 (13.8)  LR: 1.397e-04  Time cost: 25:38/11:17 [1:45:03/29:02:51]  Acc_iter 1100        Data time: 2.17(2.43)  Forward time: 1.58(2.98)  Batch time: 3.74(5.41)
2025-08-11 20:37:55,985   INFO  Train:    3/50 (  6%) [ 333/408 ( 82%)]  Loss: 11.69 (13.7)  LR: 1.433e-04  Time cost: 29:53/06:42 [1:49:18/28:42:33]  Acc_iter 1150        Data time: 2.53(2.41)  Forward time: 1.97(2.95)  Batch time: 4.50(5.36)
2025-08-11 20:38:07,188   INFO  Save latest model to /home/lidar/OpenPCDet/output/nuscenes_models/cbgs_voxel0075_res3d_centerpoint_50Ep/default/ckpt/latest_model
2025-08-11 20:41:59,217   INFO  Train:    3/50 (  6%) [ 383/408 ( 94%)]  Loss: 13.14 (13.6)  LR: 1.471e-04  Time cost: 33:56/02:12 [1:53:21/28:17:04]  Acc_iter 1200        Data time: 2.02(2.40)  Forward time: 3.74(2.89)  Batch time: 5.77(5.30)
2025-08-11 20:41:59,307   INFO  
2025-08-11 20:43:12,663   INFO  Save latest model to /home/lidar/OpenPCDet/output/nuscenes_models/cbgs_voxel0075_res3d_centerpoint_50Ep/default/ckpt/latest_model
2025-08-11 20:44:24,350   INFO  Train:    3/50 (  6%) [ 407/408 (100%)]  Loss: 10.93 (13.6)  LR: 1.490e-04  Time cost: 36:21/00:05 [1:55:46/28:28:57]  Acc_iter 1224        Data time: 2.33(2.42)  Forward time: 2.31(2.92)  Batch time: 4.65(5.35)
2025-08-11 20:44:34,819   INFO  Train:    4/50 (  8%) [   0/408 (  0%)]  Loss: 11.14 (11.1)  LR: 1.490e-04  Time cost: 00:09/1:06:03 [1:55:56/51:44:59]  Acc_iter 1225        Data time: 5.15(5.15)  Forward time: 2.45(2.45)  Batch time: 7.59(7.59)
2025-08-11 20:46:51,291   INFO  Train:    4/50 (  8%) [  25/408 (  6%)]  Loss: 15.89 (12.8)  LR: 1.510e-04  Time cost: 02:26/35:53 [1:58:13/29:54:38]  Acc_iter 1250        Data time: 2.57(2.52)  Forward time: 8.21(2.93)  Batch time: 10.78(5.44)
2025-08-11 20:49:32,106   INFO  Save latest model to /home/lidar/OpenPCDet/output/nuscenes_models/cbgs_voxel0075_res3d_centerpoint_50Ep/default/ckpt/latest_model
2025-08-11 20:51:28,953   INFO  Train:    4/50 (  8%) [  75/408 ( 18%)]  Loss: 11.58 (12.7)  LR: 1.551e-04  Time cost: 07:03/30:57 [2:02:51/29:35:25]  Acc_iter 1300        Data time: 2.05(2.52)  Forward time: 2.13(3.03)  Batch time: 4.18(5.55)
2025-08-11 20:54:28,496   INFO  Save latest model to /home/lidar/OpenPCDet/output/nuscenes_models/cbgs_voxel0075_res3d_centerpoint_50Ep/default/ckpt/latest_model
2025-08-11 20:55:45,340   INFO  Train:    4/50 (  8%) [ 125/408 ( 31%)]  Loss: 12.82 (12.6)  LR: 1.593e-04  Time cost: 11:20/25:27 [2:07:07/28:34:10]  Acc_iter 1350        Data time: 2.41(2.47)  Forward time: 2.06(2.91)  Batch time: 4.47(5.38)
2025-08-11 20:55:45,459   INFO  
2025-08-11 20:59:26,386   INFO  Save latest model to /home/lidar/OpenPCDet/output/nuscenes_models/cbgs_voxel0075_res3d_centerpoint_50Ep/default/ckpt/latest_model
2025-08-11 20:59:48,736   INFO  Train:    4/50 (  8%) [ 175/408 ( 43%)]  Loss: 13.37 (12.5)  LR: 1.637e-04  Time cost: 15:23/20:22 [2:11:10/27:41:55]  Acc_iter 1400        Data time: 1.72(2.42)  Forward time: 3.03(2.82)  Batch time: 4.75(5.23)
2025-08-11 21:04:04,868   INFO  Train:    4/50 (  8%) [ 225/408 ( 55%)]  Loss: 10.72 (12.5)  LR: 1.682e-04  Time cost: 19:39/15:55 [2:15:26/27:28:47]  Acc_iter 1450        Data time: 2.25(2.42)  Forward time: 2.90(2.79)  Batch time: 5.15(5.21)
2025-08-11 21:04:27,097   INFO  Save latest model to /home/lidar/OpenPCDet/output/nuscenes_models/cbgs_voxel0075_res3d_centerpoint_50Ep/default/ckpt/latest_model
2025-08-11 21:08:33,524   INFO  Train:    4/50 (  8%) [ 275/408 ( 67%)]  Loss: 12.93 (12.4)  LR: 1.729e-04  Time cost: 24:08/11:37 [2:19:55/27:33:10]  Acc_iter 1500        Data time: 2.07(2.43)  Forward time: 3.27(2.81)  Batch time: 5.34(5.24)
2025-08-11 21:08:33,633   INFO  
2025-08-11 21:09:25,661   INFO  Save latest model to /home/lidar/OpenPCDet/output/nuscenes_models/cbgs_voxel0075_res3d_centerpoint_50Ep/default/ckpt/latest_model
2025-08-11 21:12:51,679   INFO  Train:    4/50 (  8%) [ 325/408 ( 80%)]  Loss: 15.24 (12.4)  LR: 1.777e-04  Time cost: 28:26/07:14 [2:24:13/27:24:42]  Acc_iter 1550        Data time: 2.51(2.43)  Forward time: 2.33(2.80)  Batch time: 4.83(5.23)
2025-08-11 21:14:25,425   INFO  Save latest model to /home/lidar/OpenPCDet/output/nuscenes_models/cbgs_voxel0075_res3d_centerpoint_50Ep/default/ckpt/latest_model
2025-08-11 21:17:58,224   INFO  Train:    4/50 (  8%) [ 375/408 ( 92%)]  Loss: 12.31 (12.3)  LR: 1.826e-04  Time cost: 33:33/02:56 [2:29:20/27:57:41]  Acc_iter 1600        Data time: 2.54(2.45)  Forward time: 2.15(2.89)  Batch time: 4.69(5.35)
2025-08-11 21:19:25,936   INFO  Save latest model to /home/lidar/OpenPCDet/output/nuscenes_models/cbgs_voxel0075_res3d_centerpoint_50Ep/default/ckpt/latest_model
2025-08-11 21:20:40,470   INFO  Train:    4/50 (  8%) [ 407/408 (100%)]  Loss: 12.76 (12.3)  LR: 1.858e-04  Time cost: 36:15/00:05 [2:32:02/27:47:52]  Acc_iter 1632        Data time: 2.33(2.45)  Forward time: 2.43(2.88)  Batch time: 4.76(5.33)
2025-08-11 21:20:50,933   INFO  Train:    5/50 ( 10%) [   0/408 (  0%)]  Loss: 11.45 (11.4)  LR: 1.859e-04  Time cost: 00:09/1:04:51 [2:32:13/49:43:06]  Acc_iter 1633        Data time: 3.43(3.43)  Forward time: 2.74(2.74)  Batch time: 6.17(6.17)
2025-08-11 21:22:20,245   INFO  Train:    5/50 ( 10%) [  17/408 (  4%)]  Loss: 11.66 (12.3)  LR: 1.877e-04  Time cost: 01:38/35:47 [2:33:42/28:36:12]  Acc_iter 1650        Data time: 2.08(2.55)  Forward time: 2.08(2.83)  Batch time: 4.16(5.38)
2025-08-11 21:22:20,350   INFO  
2025-08-11 21:25:45,180   INFO  Save latest model to /home/lidar/OpenPCDet/output/nuscenes_models/cbgs_voxel0075_res3d_centerpoint_50Ep/default/ckpt/latest_model
2025-08-11 21:26:50,836   INFO  Train:    5/50 ( 10%) [  67/408 ( 16%)]  Loss: 9.971 (11.7)  LR: 1.929e-04  Time cost: 06:09/30:52 [2:38:12/28:13:21]  Acc_iter 1700        Data time: 4.02(2.54)  Forward time: 2.34(2.87)  Batch time: 6.36(5.40)
2025-08-11 21:30:45,952   INFO  Save latest model to /home/lidar/OpenPCDet/output/nuscenes_models/cbgs_voxel0075_res3d_centerpoint_50Ep/default/ckpt/latest_model
2025-08-11 21:31:03,369   INFO  Train:    5/50 ( 10%) [ 117/408 ( 29%)]  Loss: 9.851 (11.7)  LR: 1.982e-04  Time cost: 10:21/25:33 [2:42:25/27:18:28]  Acc_iter 1750        Data time: 1.98(2.47)  Forward time: 1.70(2.78)  Batch time: 3.68(5.25)
2025-08-11 21:35:30,259   INFO  Train:    5/50 ( 10%) [ 167/408 ( 41%)]  Loss: 12.69 (11.7)  LR: 2.037e-04  Time cost: 14:48/21:15 [2:46:52/27:20:15]  Acc_iter 1800        Data time: 3.48(2.49)  Forward time: 2.77(2.79)  Batch time: 6.26(5.28)
2025-08-11 21:35:30,368   INFO  
2025-08-11 21:35:45,676   INFO  Save latest model to /home/lidar/OpenPCDet/output/nuscenes_models/cbgs_voxel0075_res3d_centerpoint_50Ep/default/ckpt/latest_model
2025-08-11 21:40:09,119   INFO  Train:    5/50 ( 10%) [ 217/408 ( 53%)]  Loss: 12.51 (11.8)  LR: 2.093e-04  Time cost: 19:27/17:03 [2:51:31/27:36:08]  Acc_iter 1850        Data time: 2.05(2.51)  Forward time: 1.16(2.84)  Batch time: 3.20(5.35)
2025-08-11 21:40:42,375   INFO  Save latest model to /home/lidar/OpenPCDet/output/nuscenes_models/cbgs_voxel0075_res3d_centerpoint_50Ep/default/ckpt/latest_model
2025-08-11 21:44:35,768   INFO  Train:    5/50 ( 10%) [ 267/408 ( 65%)]  Loss: 10.85 (11.7)  LR: 2.150e-04  Time cost: 23:54/12:34 [2:55:57/27:30:19]  Acc_iter 1900        Data time: 3.47(2.49)  Forward time: 1.93(2.85)  Batch time: 5.40(5.34)
2025-08-11 21:45:44,302   INFO  Save latest model to /home/lidar/OpenPCDet/output/nuscenes_models/cbgs_voxel0075_res3d_centerpoint_50Ep/default/ckpt/latest_model
2025-08-11 21:48:56,378   INFO  Train:    5/50 ( 10%) [ 317/408 ( 78%)]  Loss: 12.74 (11.6)  LR: 2.209e-04  Time cost: 28:14/08:05 [3:00:18/27:19:06]  Acc_iter 1950        Data time: 1.92(2.48)  Forward time: 2.95(2.85)  Batch time: 4.87(5.32)
2025-08-11 21:48:56,492   INFO  
2025-08-11 21:50:42,702   INFO  Save latest model to /home/lidar/OpenPCDet/output/nuscenes_models/cbgs_voxel0075_res3d_centerpoint_50Ep/default/ckpt/latest_model
2025-08-11 21:52:58,196   INFO  Train:    5/50 ( 10%) [ 367/408 ( 90%)]  Loss: 12.32 (11.6)  LR: 2.268e-04  Time cost: 32:16/03:35 [3:04:20/26:54:05]  Acc_iter 2000        Data time: 3.96(2.46)  Forward time: 1.76(2.80)  Batch time: 5.72(5.26)
2025-08-11 21:55:45,415   INFO  Save latest model to /home/lidar/OpenPCDet/output/nuscenes_models/cbgs_voxel0075_res3d_centerpoint_50Ep/default/ckpt/latest_model
2025-08-11 21:56:02,210   INFO  Train:    5/50 ( 10%) [ 407/408 (100%)]  Loss: 11.74 (11.5)  LR: 2.317e-04  Time cost: 35:20/00:05 [3:07:24/26:30:41]  Acc_iter 2040        Data time: 1.96(2.44)  Forward time: 2.04(2.76)  Batch time: 4.00(5.20)
2025-08-11 21:56:12,994   INFO  Train:    6/50 ( 12%) [   0/408 (  0%)]  Loss: 11.29 (11.3)  LR: 2.318e-04  Time cost: 00:09/1:07:25 [3:07:35/50:33:59]  Acc_iter 2041        Data time: 3.37(3.37)  Forward time: 2.90(2.90)  Batch time: 6.27(6.27)
2025-08-11 21:56:59,279   INFO  Train:    6/50 ( 12%) [   9/408 (  2%)]  Loss: 9.224 (11.8)  LR: 2.329e-04  Time cost: 00:56/37:22 [3:08:21/28:38:51]  Acc_iter 2050        Data time: 1.98(2.70)  Forward time: 1.54(2.72)  Batch time: 3.53(5.42)
2025-08-11 22:01:03,964   INFO  Save latest model to /home/lidar/OpenPCDet/output/nuscenes_models/cbgs_voxel0075_res3d_centerpoint_50Ep/default/ckpt/latest_model
2025-08-11 22:01:33,658   INFO  Train:    6/50 ( 12%) [  59/408 ( 14%)]  Loss: 11.27 (11.0)  LR: 2.391e-04  Time cost: 05:30/32:02 [3:12:55/28:00:32]  Acc_iter 2100        Data time: 2.20(2.56)  Forward time: 2.10(2.91)  Batch time: 4.30(5.47)
2025-08-11 22:01:33,756   INFO  
2025-08-11 22:06:11,179   INFO  Train:    6/50 ( 12%) [ 109/408 ( 27%)]  Loss: 12.36 (11.0)  LR: 2.454e-04  Time cost: 10:08/27:32 [3:17:33/28:01:34]  Acc_iter 2150        Data time: 1.84(2.52)  Forward time: 6.06(2.98)  Batch time: 7.90(5.49)
2025-08-11 22:06:11,475   INFO  Save latest model to /home/lidar/OpenPCDet/output/nuscenes_models/cbgs_voxel0075_res3d_centerpoint_50Ep/default/ckpt/latest_model
2025-08-11 22:10:33,876   INFO  Train:    6/50 ( 12%) [ 159/408 ( 39%)]  Loss: 15.08 (11.0)  LR: 2.519e-04  Time cost: 14:30/22:35 [3:21:55/27:30:58]  Acc_iter 2200        Data time: 2.05(2.51)  Forward time: 6.62(2.91)  Batch time: 8.67(5.42)
2025-08-11 22:11:05,990   INFO  Save latest model to /home/lidar/OpenPCDet/output/nuscenes_models/cbgs_voxel0075_res3d_centerpoint_50Ep/default/ckpt/latest_model
2025-08-11 22:14:52,655   INFO  Train:    6/50 ( 12%) [ 209/408 ( 51%)]  Loss: 12.40 (11.0)  LR: 2.584e-04  Time cost: 18:49/17:50 [3:26:14/27:07:13]  Acc_iter 2250        Data time: 2.02(2.47)  Forward time: 1.86(2.90)  Batch time: 3.88(5.37)
2025-08-11 22:14:52,751   INFO  
2025-08-11 22:16:13,717   INFO  Save latest model to /home/lidar/OpenPCDet/output/nuscenes_models/cbgs_voxel0075_res3d_centerpoint_50Ep/default/ckpt/latest_model
2025-08-11 22:19:13,856   INFO  Train:    6/50 ( 12%) [ 259/408 ( 63%)]  Loss: 13.96 (11.0)  LR: 2.651e-04  Time cost: 23:10/13:17 [3:30:35/26:53:44]  Acc_iter 2300        Data time: 1.92(2.47)  Forward time: 4.32(2.87)  Batch time: 6.24(5.34)
2025-08-11 22:21:05,293   INFO  Save latest model to /home/lidar/OpenPCDet/output/nuscenes_models/cbgs_voxel0075_res3d_centerpoint_50Ep/default/ckpt/latest_model
2025-08-11 22:23:47,580   INFO  Train:    6/50 ( 12%) [ 309/408 ( 76%)]  Loss: 10.23 (10.9)  LR: 2.718e-04  Time cost: 27:44/08:51 [3:35:09/26:55:22]  Acc_iter 2350        Data time: 2.47(2.48)  Forward time: 1.64(2.88)  Batch time: 4.11(5.36)
2025-08-11 22:26:09,822   INFO  Save latest model to /home/lidar/OpenPCDet/output/nuscenes_models/cbgs_voxel0075_res3d_centerpoint_50Ep/default/ckpt/latest_model
2025-08-11 22:28:11,666   INFO  Train:    6/50 ( 12%) [ 359/408 ( 88%)]  Loss: 9.491 (10.9)  LR: 2.787e-04  Time cost: 32:08/04:22 [3:39:33/26:47:14]  Acc_iter 2400        Data time: 3.89(2.47)  Forward time: 5.04(2.88)  Batch time: 8.93(5.35)
2025-08-11 22:28:11,765   INFO  
2025-08-11 22:31:03,994   INFO  Save latest model to /home/lidar/OpenPCDet/output/nuscenes_models/cbgs_voxel0075_res3d_centerpoint_50Ep/default/ckpt/latest_model
2025-08-11 22:32:27,346   INFO  Train:    6/50 ( 12%) [ 407/408 (100%)]  Loss: 7.931 (10.8)  LR: 2.854e-04  Time cost: 36:24/00:05 [3:43:49/26:41:53]  Acc_iter 2448        Data time: 2.15(2.47)  Forward time: 1.28(2.89)  Batch time: 3.44(5.35)
2025-08-11 22:32:37,638   INFO  Train:    7/50 ( 14%) [   0/408 (  0%)]  Loss: 9.159 (9.16)  LR: 2.855e-04  Time cost: 00:09/1:05:31 [3:43:59/48:02:45]  Acc_iter 2449        Data time: 3.50(3.50)  Forward time: 4.10(4.10)  Batch time: 7.60(7.60)
2025-08-11 22:32:42,289   INFO  Train:    7/50 ( 14%) [   1/408 (  0%)]  Loss: 10.18 (9.67)  LR: 2.856e-04  Time cost: 00:14/48:27 [3:44:04/35:37:07]  Acc_iter 2450        Data time: 2.04(2.77)  Forward time: 2.38(3.24)  Batch time: 4.42(6.01)
2025-08-11 22:37:19,171   INFO  Train:    7/50 ( 14%) [  51/408 ( 12%)]  Loss: 11.58 (10.5)  LR: 2.927e-04  Time cost: 04:51/33:18 [3:48:41/27:50:34]  Acc_iter 2500        Data time: 2.02(2.44)  Forward time: 2.40(3.11)  Batch time: 4.42(5.55)
2025-08-11 22:37:29,205   INFO  Save latest model to /home/lidar/OpenPCDet/output/nuscenes_models/cbgs_voxel0075_res3d_centerpoint_50Ep/default/ckpt/latest_model
2025-08-11 22:41:11,507   INFO  Train:    7/50 ( 14%) [ 101/408 ( 25%)]  Loss: 9.614 (10.2)  LR: 2.998e-04  Time cost: 08:43/26:15 [3:52:33/25:26:58]  Acc_iter 2550        Data time: 1.96(2.35)  Forward time: 2.19(2.76)  Batch time: 4.16(5.11)
2025-08-11 22:41:11,611   INFO  
2025-08-11 22:42:32,347   INFO  Save latest model to /home/lidar/OpenPCDet/output/nuscenes_models/cbgs_voxel0075_res3d_centerpoint_50Ep/default/ckpt/latest_model
2025-08-11 22:45:34,311   INFO  Train:    7/50 ( 14%) [ 151/408 ( 37%)]  Loss: 10.82 (10.1)  LR: 3.071e-04  Time cost: 13:06/22:09 [3:56:56/25:34:45]  Acc_iter 2600        Data time: 1.98(2.38)  Forward time: 2.48(2.78)  Batch time: 4.46(5.16)
2025-08-11 22:47:30,068   INFO  Save latest model to /home/lidar/OpenPCDet/output/nuscenes_models/cbgs_voxel0075_res3d_centerpoint_50Ep/default/ckpt/latest_model
2025-08-11 22:50:00,613   INFO  Train:    7/50 ( 14%) [ 201/408 ( 49%)]  Loss: 10.18 (10.1)  LR: 3.144e-04  Time cost: 17:32/17:58 [4:01:22/25:41:39]  Acc_iter 2650        Data time: 2.09(2.39)  Forward time: 3.35(2.81)  Batch time: 5.44(5.20)
2025-08-11 22:52:31,284   INFO  Save latest model to /home/lidar/OpenPCDet/output/nuscenes_models/cbgs_voxel0075_res3d_centerpoint_50Ep/default/ckpt/latest_model
2025-08-11 22:54:32,472   INFO  Train:    7/50 ( 14%) [ 251/408 ( 62%)]  Loss: 9.532 (10.1)  LR: 3.219e-04  Time cost: 22:04/13:45 [4:05:54/25:50:33]  Acc_iter 2700        Data time: 3.49(2.43)  Forward time: 1.81(2.82)  Batch time: 5.30(5.25)
2025-08-11 22:54:32,572   INFO  
2025-08-11 22:57:31,772   INFO  Save latest model to /home/lidar/OpenPCDet/output/nuscenes_models/cbgs_voxel0075_res3d_centerpoint_50Ep/default/ckpt/latest_model
2025-08-11 22:59:19,923   INFO  Train:    7/50 ( 14%) [ 301/408 ( 74%)]  Loss: 10.43 (10.1)  LR: 3.294e-04  Time cost: 26:51/09:31 [4:10:42/26:10:11]  Acc_iter 2750        Data time: 1.93(2.45)  Forward time: 1.95(2.88)  Batch time: 3.88(5.33)
2025-08-11 23:02:32,675   INFO  Save latest model to /home/lidar/OpenPCDet/output/nuscenes_models/cbgs_voxel0075_res3d_centerpoint_50Ep/default/ckpt/latest_model
2025-08-11 23:03:48,366   INFO  Train:    7/50 ( 14%) [ 351/408 ( 86%)]  Loss: 12.30 (10.0)  LR: 3.370e-04  Time cost: 31:20/05:04 [4:15:10/26:07:03]  Acc_iter 2800        Data time: 1.90(2.44)  Forward time: 5.62(2.89)  Batch time: 7.52(5.33)
2025-08-11 23:07:32,134   INFO  Save latest model to /home/lidar/OpenPCDet/output/nuscenes_models/cbgs_voxel0075_res3d_centerpoint_50Ep/default/ckpt/latest_model
2025-08-11 23:08:15,203   INFO  Train:    7/50 ( 14%) [ 401/408 ( 98%)]  Loss: 9.943 (9.97)  LR: 3.446e-04  Time cost: 35:47/00:37 [4:19:37/26:02:25]  Acc_iter 2850        Data time: 2.06(2.43)  Forward time: 1.50(2.90)  Batch time: 3.56(5.34)
2025-08-11 23:08:15,325   INFO  
2025-08-11 23:08:52,229   INFO  Train:    7/50 ( 14%) [ 407/408 (100%)]  Loss: 9.814 (9.96)  LR: 3.455e-04  Time cost: 36:24/00:05 [4:20:14/26:05:27]  Acc_iter 2856        Data time: 2.08(2.44)  Forward time: 2.32(2.91)  Batch time: 4.39(5.35)
2025-08-11 23:09:02,556   INFO  Train:    8/50 ( 16%) [   0/408 (  0%)]  Loss: 11.52 (11.5)  LR: 3.457e-04  Time cost: 00:09/1:03:34 [4:20:24/45:33:56]  Acc_iter 2857        Data time: 3.53(3.53)  Forward time: 4.11(4.11)  Batch time: 7.64(7.64)
2025-08-11 23:12:44,217   INFO  Train:    8/50 ( 16%) [  43/408 ( 11%)]  Loss: 11.33 (9.77)  LR: 3.524e-04  Time cost: 03:51/31:56 [4:24:06/25:31:24]  Acc_iter 2900        Data time: 2.15(2.52)  Forward time: 2.22(2.68)  Batch time: 4.37(5.20)
2025-08-11 23:13:56,012   INFO  Save latest model to /home/lidar/OpenPCDet/output/nuscenes_models/cbgs_voxel0075_res3d_centerpoint_50Ep/default/ckpt/latest_model
2025-08-11 23:17:08,014   INFO  Train:    8/50 ( 16%) [  93/408 ( 23%)]  Loss: 12.30 (9.59)  LR: 3.602e-04  Time cost: 08:14/27:38 [4:28:30/25:31:00]  Acc_iter 2950        Data time: 2.13(2.41)  Forward time: 1.75(2.83)  Batch time: 3.88(5.24)
2025-08-11 23:18:57,978   INFO  Save latest model to /home/lidar/OpenPCDet/output/nuscenes_models/cbgs_voxel0075_res3d_centerpoint_50Ep/default/ckpt/latest_model
2025-08-11 23:21:26,992   INFO  Train:    8/50 ( 16%) [ 143/408 ( 35%)]  Loss: 13.34 (9.63)  LR: 3.681e-04  Time cost: 12:33/23:07 [4:32:49/25:18:07]  Acc_iter 3000        Data time: 2.63(2.41)  Forward time: 1.82(2.81)  Batch time: 4.45(5.22)
2025-08-11 23:21:27,104   INFO  
2025-08-11 23:23:54,861   INFO  Save latest model to /home/lidar/OpenPCDet/output/nuscenes_models/cbgs_voxel0075_res3d_centerpoint_50Ep/default/ckpt/latest_model
2025-08-11 23:25:40,660   INFO  Train:    8/50 ( 16%) [ 193/408 ( 47%)]  Loss: 11.00 (9.56)  LR: 3.760e-04  Time cost: 16:47/18:36 [4:37:02/25:01:44]  Acc_iter 3050        Data time: 2.85(2.41)  Forward time: 3.60(2.77)  Batch time: 6.44(5.18)
2025-08-11 23:28:56,540   INFO  Save latest model to /home/lidar/OpenPCDet/output/nuscenes_models/cbgs_voxel0075_res3d_centerpoint_50Ep/default/ckpt/latest_model
2025-08-11 23:30:25,273   INFO  Train:    8/50 ( 16%) [ 243/408 ( 60%)]  Loss: 9.114 (9.53)  LR: 3.841e-04  Time cost: 21:32/14:33 [4:41:47/25:26:55]  Acc_iter 3100        Data time: 2.15(2.44)  Forward time: 1.72(2.84)  Batch time: 3.87(5.29)
2025-08-11 23:33:55,360   INFO  Save latest model to /home/lidar/OpenPCDet/output/nuscenes_models/cbgs_voxel0075_res3d_centerpoint_50Ep/default/ckpt/latest_model
2025-08-11 23:35:03,193   INFO  Train:    8/50 ( 16%) [ 293/408 ( 72%)]  Loss: 9.746 (9.50)  LR: 3.921e-04  Time cost: 26:09/10:14 [4:46:25/25:35:21]  Acc_iter 3150        Data time: 2.35(2.46)  Forward time: 1.44(2.87)  Batch time: 3.79(5.33)
2025-08-11 23:35:03,297   INFO  
2025-08-11 23:38:54,212   INFO  Save latest model to /home/lidar/OpenPCDet/output/nuscenes_models/cbgs_voxel0075_res3d_centerpoint_50Ep/default/ckpt/latest_model
2025-08-11 23:39:19,588   INFO  Train:    8/50 ( 16%) [ 343/408 ( 84%)]  Loss: 9.852 (9.50)  LR: 4.003e-04  Time cost: 30:26/05:45 [4:50:41/25:22:04]  Acc_iter 3200        Data time: 1.90(2.44)  Forward time: 2.24(2.86)  Batch time: 4.14(5.30)
2025-08-11 23:43:48,967   INFO  Train:    8/50 ( 16%) [ 393/408 ( 96%)]  Loss: 9.592 (9.47)  LR: 4.085e-04  Time cost: 34:55/01:19 [4:55:11/25:20:29]  Acc_iter 3250        Data time: 3.84(2.46)  Forward time: 1.56(2.85)  Batch time: 5.40(5.31)
2025-08-11 23:43:53,707   INFO  Save latest model to /home/lidar/OpenPCDet/output/nuscenes_models/cbgs_voxel0075_res3d_centerpoint_50Ep/default/ckpt/latest_model
2025-08-11 23:44:57,530   INFO  Train:    8/50 ( 16%) [ 407/408 (100%)]  Loss: 7.599 (9.46)  LR: 4.108e-04  Time cost: 36:04/00:05 [4:56:19/25:15:06]  Acc_iter 3264        Data time: 3.71(2.46)  Forward time: 1.95(2.85)  Batch time: 5.67(5.30)
2025-08-11 23:45:06,871   INFO  Train:    9/50 ( 18%) [   0/408 (  0%)]  Loss: 10.85 (10.9)  LR: 4.109e-04  Time cost: 00:08/58:12 [4:56:28/40:44:45]  Acc_iter 3265        Data time: 3.41(3.41)  Forward time: 3.06(3.06)  Batch time: 6.47(6.47)
2025-08-11 23:48:17,264   INFO  Train:    9/50 ( 18%) [  35/408 (  9%)]  Loss: 8.045 (9.42)  LR: 4.167e-04  Time cost: 03:18/34:21 [4:59:39/26:15:08]  Acc_iter 3300        Data time: 2.42(2.46)  Forward time: 1.85(3.01)  Batch time: 4.27(5.47)
2025-08-11 23:48:17,389   INFO  
2025-08-11 23:50:02,486   INFO  Save latest model to /home/lidar/OpenPCDet/output/nuscenes_models/cbgs_voxel0075_res3d_centerpoint_50Ep/default/ckpt/latest_model
2025-08-11 23:52:18,191   INFO  Train:    9/50 ( 18%) [  85/408 ( 21%)]  Loss: 11.41 (9.27)  LR: 4.250e-04  Time cost: 07:19/27:32 [5:03:40/24:13:33]  Acc_iter 3350        Data time: 2.53(2.37)  Forward time: 1.98(2.72)  Batch time: 4.51(5.09)
2025-08-11 23:55:06,458   INFO  Save latest model to /home/lidar/OpenPCDet/output/nuscenes_models/cbgs_voxel0075_res3d_centerpoint_50Ep/default/ckpt/latest_model
2025-08-11 23:56:43,970   INFO  Train:    9/50 ( 18%) [ 135/408 ( 33%)]  Loss: 7.957 (9.23)  LR: 4.334e-04  Time cost: 11:45/23:36 [5:08:06/24:30:12]  Acc_iter 3400        Data time: 1.98(2.43)  Forward time: 1.76(2.75)  Batch time: 3.75(5.17)
2025-08-12 00:00:01,030   INFO  Save latest model to /home/lidar/OpenPCDet/output/nuscenes_models/cbgs_voxel0075_res3d_centerpoint_50Ep/default/ckpt/latest_model
2025-08-12 00:01:00,040   INFO  Train:    9/50 ( 18%) [ 185/408 ( 45%)]  Loss: 8.694 (9.19)  LR: 4.418e-04  Time cost: 16:01/19:13 [5:12:22/24:20:46]  Acc_iter 3450        Data time: 1.84(2.42)  Forward time: 1.85(2.74)  Batch time: 3.69(5.16)
2025-08-12 00:01:00,147   INFO  
2025-08-12 00:05:03,783   INFO  Save latest model to /home/lidar/OpenPCDet/output/nuscenes_models/cbgs_voxel0075_res3d_centerpoint_50Ep/default/ckpt/latest_model
2025-08-12 00:05:08,022   INFO  Train:    9/50 ( 18%) [ 235/408 ( 58%)]  Loss: 9.861 (9.12)  LR: 4.502e-04  Time cost: 20:09/14:46 [5:16:30/24:03:52]  Acc_iter 3500        Data time: 3.93(2.42)  Forward time: 2.32(2.70)  Batch time: 6.25(5.12)
2025-08-12 00:09:40,153   INFO  Train:    9/50 ( 18%) [ 285/408 ( 70%)]  Loss: 8.917 (9.13)  LR: 4.586e-04  Time cost: 24:41/10:37 [5:21:02/24:15:09]  Acc_iter 3550        Data time: 1.94(2.42)  Forward time: 7.01(2.75)  Batch time: 8.95(5.17)
2025-08-12 00:09:58,670   INFO  Save latest model to /home/lidar/OpenPCDet/output/nuscenes_models/cbgs_voxel0075_res3d_centerpoint_50Ep/default/ckpt/latest_model
2025-08-12 00:13:58,503   INFO  Train:    9/50 ( 18%) [ 335/408 ( 82%)]  Loss: 9.300 (9.08)  LR: 4.671e-04  Time cost: 29:00/06:18 [5:25:20/24:10:14]  Acc_iter 3600        Data time: 2.07(2.42)  Forward time: 1.72(2.76)  Batch time: 3.79(5.17)
2025-08-12 00:13:58,619   INFO  
2025-08-12 00:15:01,771   INFO  Save latest model to /home/lidar/OpenPCDet/output/nuscenes_models/cbgs_voxel0075_res3d_centerpoint_50Ep/default/ckpt/latest_model
2025-08-12 00:18:02,892   INFO  Train:    9/50 ( 18%) [ 385/408 ( 94%)]  Loss: 7.889 (9.04)  LR: 4.757e-04  Time cost: 33:04/01:58 [5:29:24/23:55:23]  Acc_iter 3650        Data time: 2.00(2.40)  Forward time: 1.81(2.73)  Batch time: 3.82(5.13)
2025-08-12 00:19:54,813   INFO  Train:    9/50 ( 18%) [ 407/408 (100%)]  Loss: 12.72 (9.03)  LR: 4.794e-04  Time cost: 34:56/00:05 [5:31:16/23:52:41]  Acc_iter 3672        Data time: 1.69(2.40)  Forward time: 2.17(2.73)  Batch time: 3.86(5.14)
2025-08-12 00:20:02,511   INFO  Train:   10/50 ( 20%) [   0/408 (  0%)]  Loss: 6.980 (6.98)  LR: 4.796e-04  Time cost: 00:06/47:26 [5:31:24/32:24:52]  Acc_iter 3673        Data time: 2.35(2.35)  Forward time: 2.67(2.67)  Batch time: 5.01(5.01)
2025-08-12 00:22:26,027   INFO  Train:   10/50 ( 20%) [  27/408 (  7%)]  Loss: 7.705 (9.01)  LR: 4.842e-04  Time cost: 02:30/34:07 [5:33:48/24:56:03]  Acc_iter 3700        Data time: 2.29(2.38)  Forward time: 6.45(2.86)  Batch time: 8.74(5.24)
2025-08-12 00:25:04,611   INFO  Save latest model to /home/lidar/OpenPCDet/output/nuscenes_models/cbgs_voxel0075_res3d_centerpoint_50Ep/default/ckpt/latest_model
2025-08-12 00:26:34,476   INFO  Train:   10/50 ( 20%) [  77/408 ( 19%)]  Loss: 8.248 (8.66)  LR: 4.928e-04  Time cost: 06:38/28:12 [5:37:56/23:39:23]  Acc_iter 3750        Data time: 1.90(2.43)  Forward time: 2.75(2.63)  Batch time: 4.65(5.06)
2025-08-12 00:26:34,593   INFO  
2025-08-12 00:30:02,643   INFO  Save latest model to /home/lidar/OpenPCDet/output/nuscenes_models/cbgs_voxel0075_res3d_centerpoint_50Ep/default/ckpt/latest_model
2025-08-12 00:30:39,310   INFO  Train:   10/50 ( 20%) [ 127/408 ( 31%)]  Loss: 8.480 (8.65)  LR: 5.014e-04  Time cost: 10:43/23:33 [5:42:01/23:11:34]  Acc_iter 3800        Data time: 2.09(2.41)  Forward time: 1.54(2.61)  Batch time: 3.63(5.01)
2025-08-12 00:34:58,309   INFO  Save latest model to /home/lidar/OpenPCDet/output/nuscenes_models/cbgs_voxel0075_res3d_centerpoint_50Ep/default/ckpt/latest_model
2025-08-12 00:35:03,959   INFO  Train:   10/50 ( 20%) [ 177/408 ( 43%)]  Loss: 8.701 (8.66)  LR: 5.100e-04  Time cost: 15:08/19:38 [5:46:26/23:27:48]  Acc_iter 3850        Data time: 3.99(2.44)  Forward time: 1.70(2.64)  Batch time: 5.69(5.08)
2025-08-12 00:39:39,151   INFO  Train:   10/50 ( 20%) [ 227/408 ( 56%)]  Loss: 9.703 (8.68)  LR: 5.187e-04  Time cost: 19:43/15:39 [5:51:01/23:47:41]  Acc_iter 3900        Data time: 2.10(2.46)  Forward time: 3.49(2.72)  Batch time: 5.59(5.18)
2025-08-12 00:39:39,248   INFO  
2025-08-12 00:39:56,128   INFO  Save latest model to /home/lidar/OpenPCDet/output/nuscenes_models/cbgs_voxel0075_res3d_centerpoint_50Ep/default/ckpt/latest_model
2025-08-12 00:43:47,446   INFO  Train:   10/50 ( 20%) [ 277/408 ( 68%)]  Loss: 7.395 (8.62)  LR: 5.273e-04  Time cost: 23:51/11:14 [5:55:09/23:32:15]  Acc_iter 3950        Data time: 3.86(2.42)  Forward time: 2.46(2.72)  Batch time: 6.32(5.14)
2025-08-12 00:44:57,021   INFO  Save latest model to /home/lidar/OpenPCDet/output/nuscenes_models/cbgs_voxel0075_res3d_centerpoint_50Ep/default/ckpt/latest_model
2025-08-12 00:47:48,143   INFO  Train:   10/50 ( 20%) [ 327/408 ( 80%)]  Loss: 7.092 (8.57)  LR: 5.360e-04  Time cost: 27:52/06:53 [5:59:10/23:13:55]  Acc_iter 4000        Data time: 1.90(2.40)  Forward time: 4.70(2.68)  Batch time: 6.61(5.09)
2025-08-12 00:49:58,862   INFO  Save latest model to /home/lidar/OpenPCDet/output/nuscenes_models/cbgs_voxel0075_res3d_centerpoint_50Ep/default/ckpt/latest_model
2025-08-12 00:52:08,863   INFO  Train:   10/50 ( 20%) [ 377/408 ( 92%)]  Loss: 10.62 (8.56)  LR: 5.446e-04  Time cost: 32:13/02:38 [6:03:30/23:13:49]  Acc_iter 4050        Data time: 1.98(2.39)  Forward time: 5.26(2.71)  Batch time: 7.25(5.11)
2025-08-12 00:52:08,969   INFO  
2025-08-12 00:54:56,070   INFO  Train:   10/50 ( 20%) [ 407/408 (100%)]  Loss: 9.434 (8.55)  LR: 5.498e-04  Time cost: 35:00/00:05 [6:06:18/23:20:26]  Acc_iter 4080        Data time: 3.18(2.41)  Forward time: 1.56(2.74)  Batch time: 4.74(5.14)
2025-08-12 00:54:56,336   INFO  Save latest model to /home/lidar/OpenPCDet/output/nuscenes_models/cbgs_voxel0075_res3d_centerpoint_50Ep/default/ckpt/latest_model
2025-08-12 00:55:05,969   INFO  Train:   11/50 ( 22%) [   0/408 (  0%)]  Loss: 7.856 (7.86)  LR: 5.500e-04  Time cost: 00:08/58:27 [6:06:28/38:58:39]  Acc_iter 4081        Data time: 3.89(3.89)  Forward time: 2.77(2.77)  Batch time: 6.66(6.66)
2025-08-12 00:56:49,086   INFO  Train:   11/50 ( 22%) [  19/408 (  5%)]  Loss: 7.810 (7.78)  LR: 5.533e-04  Time cost: 01:51/36:12 [6:08:11/25:17:33]  Acc_iter 4100        Data time: 2.11(2.47)  Forward time: 3.85(3.03)  Batch time: 5.96(5.50)
2025-08-12 01:00:04,917   INFO  Save latest model to /home/lidar/OpenPCDet/output/nuscenes_models/cbgs_voxel0075_res3d_centerpoint_50Ep/default/ckpt/latest_model
2025-08-12 01:01:15,498   INFO  Train:   11/50 ( 22%) [  69/408 ( 17%)]  Loss: 7.029 (8.28)  LR: 5.620e-04  Time cost: 06:18/30:31 [6:12:37/24:23:04]  Acc_iter 4150        Data time: 3.93(2.52)  Forward time: 1.81(2.86)  Batch time: 5.74(5.37)
2025-08-12 01:04:58,477   INFO  Save latest model to /home/lidar/OpenPCDet/output/nuscenes_models/cbgs_voxel0075_res3d_centerpoint_50Ep/default/ckpt/latest_model
2025-08-12 01:06:03,766   INFO  Train:   11/50 ( 22%) [ 119/408 ( 29%)]  Loss: 5.563 (8.23)  LR: 5.706e-04  Time cost: 11:06/26:44 [6:17:25/24:59:28]  Acc_iter 4200        Data time: 2.11(2.54)  Forward time: 3.85(2.99)  Batch time: 5.96(5.53)
2025-08-12 01:06:03,865   INFO  
2025-08-12 01:09:58,592   INFO  Save latest model to /home/lidar/OpenPCDet/output/nuscenes_models/cbgs_voxel0075_res3d_centerpoint_50Ep/default/ckpt/latest_model
2025-08-12 01:10:22,582   INFO  Train:   11/50 ( 22%) [ 169/408 ( 41%)]  Loss: 9.186 (8.25)  LR: 5.793e-04  Time cost: 15:25/21:40 [6:21:44/24:25:00]  Acc_iter 4250        Data time: 1.93(2.49)  Forward time: 7.22(2.93)  Batch time: 9.15(5.42)
2025-08-12 01:14:47,100   INFO  Train:   11/50 ( 22%) [ 219/408 ( 54%)]  Loss: 9.526 (8.30)  LR: 5.879e-04  Time cost: 19:49/17:02 [6:26:09/24:11:11]  Acc_iter 4300        Data time: 3.35(2.47)  Forward time: 2.67(2.93)  Batch time: 6.01(5.40)
2025-08-12 01:14:59,043   INFO  Save latest model to /home/lidar/OpenPCDet/output/nuscenes_models/cbgs_voxel0075_res3d_centerpoint_50Ep/default/ckpt/latest_model
2025-08-12 01:18:55,474   INFO  Train:   11/50 ( 22%) [ 269/408 ( 66%)]  Loss: 7.858 (8.27)  LR: 5.965e-04  Time cost: 23:58/12:20 [6:30:17/23:44:52]  Acc_iter 4350        Data time: 2.00(2.44)  Forward time: 1.85(2.88)  Batch time: 3.85(5.32)
2025-08-12 01:18:55,592   INFO  
2025-08-12 01:20:01,273   INFO  Save latest model to /home/lidar/OpenPCDet/output/nuscenes_models/cbgs_voxel0075_res3d_centerpoint_50Ep/default/ckpt/latest_model
2025-08-12 01:23:29,938   INFO  Train:   11/50 ( 22%) [ 319/408 ( 78%)]  Loss: 7.153 (8.27)  LR: 6.051e-04  Time cost: 28:32/07:56 [6:34:52/23:47:13]  Acc_iter 4400        Data time: 2.04(2.47)  Forward time: 1.69(2.87)  Batch time: 3.73(5.35)
2025-08-12 01:25:00,696   INFO  Save latest model to /home/lidar/OpenPCDet/output/nuscenes_models/cbgs_voxel0075_res3d_centerpoint_50Ep/default/ckpt/latest_model
2025-08-12 01:28:00,654   INFO  Train:   11/50 ( 22%) [ 369/408 ( 90%)]  Loss: 8.714 (8.27)  LR: 6.137e-04  Time cost: 33:03/03:29 [6:39:22/23:45:00]  Acc_iter 4450        Data time: 3.90(2.48)  Forward time: 1.64(2.87)  Batch time: 5.54(5.35)
2025-08-12 01:29:59,755   INFO  Save latest model to /home/lidar/OpenPCDet/output/nuscenes_models/cbgs_voxel0075_res3d_centerpoint_50Ep/default/ckpt/latest_model
2025-08-12 01:31:07,128   INFO  Train:   11/50 ( 22%) [ 407/408 (100%)]  Loss: 6.621 (8.24)  LR: 6.202e-04  Time cost: 36:09/00:05 [6:42:29/23:30:25]  Acc_iter 4488        Data time: 1.97(2.47)  Forward time: 1.76(2.85)  Batch time: 3.73(5.32)
2025-08-12 01:31:14,910   INFO  Train:   12/50 ( 24%) [   0/408 (  0%)]  Loss: 8.357 (8.36)  LR: 6.204e-04  Time cost: 00:07/47:36 [6:42:37/30:56:50]  Acc_iter 4489        Data time: 2.14(2.14)  Forward time: 2.83(2.83)  Batch time: 4.97(4.97)
2025-08-12 01:32:23,172   INFO  Train:   12/50 ( 24%) [  11/408 (  3%)]  Loss: 6.654 (8.14)  LR: 6.223e-04  Time cost: 01:15/41:29 [6:43:45/27:42:11]  Acc_iter 4500        Data time: 2.05(2.65)  Forward time: 1.61(3.45)  Batch time: 3.66(6.11)
2025-08-12 01:32:23,274   INFO  
2025-08-12 01:36:09,967   INFO  Save latest model to /home/lidar/OpenPCDet/output/nuscenes_models/cbgs_voxel0075_res3d_centerpoint_50Ep/default/ckpt/latest_model
2025-08-12 01:36:28,803   INFO  Train:   12/50 ( 24%) [  61/408 ( 15%)]  Loss: 6.250 (7.99)  LR: 6.308e-04  Time cost: 05:20/29:55 [6:47:50/22:47:20]  Acc_iter 4550        Data time: 1.97(2.38)  Forward time: 2.52(2.74)  Batch time: 4.49(5.11)
2025-08-12 01:40:51,535   INFO  Train:   12/50 ( 24%) [ 111/408 ( 27%)]  Loss: 8.763 (7.92)  LR: 6.393e-04  Time cost: 09:43/25:47 [6:52:13/22:52:18]  Acc_iter 4600        Data time: 1.91(2.37)  Forward time: 5.46(2.81)  Batch time: 7.36(5.18)
2025-08-12 01:41:09,219   INFO  Save latest model to /home/lidar/OpenPCDet/output/nuscenes_models/cbgs_voxel0075_res3d_centerpoint_50Ep/default/ckpt/latest_model
2025-08-12 01:45:21,645   INFO  Train:   12/50 ( 24%) [ 161/408 ( 39%)]  Loss: 7.511 (7.93)  LR: 6.478e-04  Time cost: 14:13/21:41 [6:56:43/23:03:27]  Acc_iter 4650        Data time: 2.08(2.44)  Forward time: 2.04(2.82)  Batch time: 4.12(5.26)
2025-08-12 01:45:21,751   INFO  
2025-08-12 01:46:12,634   INFO  Save latest model to /home/lidar/OpenPCDet/output/nuscenes_models/cbgs_voxel0075_res3d_centerpoint_50Ep/default/ckpt/latest_model
2025-08-12 01:49:22,961   INFO  Train:   12/50 ( 24%) [ 211/408 ( 52%)]  Loss: 8.464 (7.96)  LR: 6.562e-04  Time cost: 18:15/16:57 [7:00:45/22:31:41]  Acc_iter 4700        Data time: 1.85(2.42)  Forward time: 1.76(2.74)  Batch time: 3.61(5.16)
2025-08-12 01:51:11,872   INFO  Save latest model to /home/lidar/OpenPCDet/output/nuscenes_models/cbgs_voxel0075_res3d_centerpoint_50Ep/default/ckpt/latest_model
2025-08-12 01:53:32,139   INFO  Train:   12/50 ( 24%) [ 261/408 ( 64%)]  Loss: 7.348 (7.98)  LR: 6.646e-04  Time cost: 22:24/12:34 [7:04:54/22:18:19]  Acc_iter 4750        Data time: 2.01(2.42)  Forward time: 4.12(2.70)  Batch time: 6.13(5.12)
2025-08-12 01:56:11,868   INFO  Save latest model to /home/lidar/OpenPCDet/output/nuscenes_models/cbgs_voxel0075_res3d_centerpoint_50Ep/default/ckpt/latest_model
2025-08-12 01:58:05,788   INFO  Train:   12/50 ( 24%) [ 311/408 ( 76%)]  Loss: 7.365 (7.96)  LR: 6.730e-04  Time cost: 26:57/08:22 [7:09:27/22:28:19]  Acc_iter 4800        Data time: 2.19(2.42)  Forward time: 2.70(2.76)  Batch time: 4.90(5.18)
2025-08-12 01:58:05,903   INFO  
2025-08-12 02:01:08,176   INFO  Save latest model to /home/lidar/OpenPCDet/output/nuscenes_models/cbgs_voxel0075_res3d_centerpoint_50Ep/default/ckpt/latest_model
2025-08-12 02:02:12,816   INFO  Train:   12/50 ( 24%) [ 361/408 ( 88%)]  Loss: 9.572 (7.93)  LR: 6.813e-04  Time cost: 31:04/04:02 [7:13:34/22:15:13]  Acc_iter 4850        Data time: 2.32(2.40)  Forward time: 6.24(2.74)  Batch time: 8.55(5.15)
2025-08-12 02:06:06,129   INFO  Train:   12/50 ( 24%) [ 407/408 (100%)]  Loss: 7.351 (7.92)  LR: 6.889e-04  Time cost: 34:58/00:05 [7:17:28/22:08:57]  Acc_iter 4896        Data time: 2.59(2.39)  Forward time: 2.26(2.75)  Batch time: 4.85(5.14)
2025-08-12 02:06:16,298   INFO  Train:   13/50 ( 26%) [   0/408 (  0%)]  Loss: 8.273 (8.27)  LR: 6.891e-04  Time cost: 00:07/50:02 [7:17:38/31:41:41]  Acc_iter 4897        Data time: 3.34(3.34)  Forward time: 2.13(2.13)  Batch time: 5.48(5.48)
2025-08-12 02:06:28,349   INFO  Train:   13/50 ( 26%) [   3/408 (  1%)]  Loss: 7.999 (7.73)  LR: 6.896e-04  Time cost: 00:19/32:45 [7:17:50/20:53:41]  Acc_iter 4900        Data time: 1.96(2.25)  Forward time: 2.37(2.14)  Batch time: 4.34(4.39)
2025-08-12 02:10:42,974   INFO  Train:   13/50 ( 26%) [  53/408 ( 13%)]  Loss: 6.759 (7.73)  LR: 6.978e-04  Time cost: 04:34/30:01 [7:22:05/21:46:49]  Acc_iter 4950        Data time: 2.35(2.25)  Forward time: 5.94(2.75)  Batch time: 8.29(5.00)
2025-08-12 02:10:43,098   INFO  
2025-08-12 02:11:10,066   INFO  Save latest model to /home/lidar/OpenPCDet/output/nuscenes_models/cbgs_voxel0075_res3d_centerpoint_50Ep/default/ckpt/latest_model
2025-08-12 02:15:03,700   INFO  Train:   13/50 ( 26%) [ 103/408 ( 25%)]  Loss: 9.262 (7.73)  LR: 7.059e-04  Time cost: 08:54/26:08 [7:26:25/21:59:50]  Acc_iter 5000        Data time: 1.89(2.35)  Forward time: 4.08(2.76)  Batch time: 5.97(5.12)
2025-08-12 02:16:13,398   INFO  Save latest model to /home/lidar/OpenPCDet/output/nuscenes_models/cbgs_voxel0075_res3d_centerpoint_50Ep/default/ckpt/latest_model
2025-08-12 02:19:56,350   INFO  Train:   13/50 ( 26%) [ 153/408 ( 38%)]  Loss: 8.325 (7.75)  LR: 7.140e-04  Time cost: 13:47/22:50 [7:31:18/22:54:37]  Acc_iter 5050        Data time: 4.30(2.42)  Forward time: 5.78(2.93)  Batch time: 10.07(5.35)
2025-08-12 02:21:11,698   INFO  Save latest model to /home/lidar/OpenPCDet/output/nuscenes_models/cbgs_voxel0075_res3d_centerpoint_50Ep/default/ckpt/latest_model
2025-08-12 02:24:03,035   INFO  Train:   13/50 ( 26%) [ 203/408 ( 50%)]  Loss: 7.933 (7.76)  LR: 7.220e-04  Time cost: 17:54/17:59 [7:35:25/22:22:42]  Acc_iter 5100        Data time: 1.84(2.41)  Forward time: 1.62(2.85)  Batch time: 3.47(5.26)
2025-08-12 02:24:03,133   INFO  
2025-08-12 02:26:11,042   INFO  Save latest model to /home/lidar/OpenPCDet/output/nuscenes_models/cbgs_voxel0075_res3d_centerpoint_50Ep/default/ckpt/latest_model
2025-08-12 02:28:32,111   INFO  Train:   13/50 ( 26%) [ 253/408 ( 62%)]  Loss: 7.133 (7.75)  LR: 7.300e-04  Time cost: 22:23/13:39 [7:39:54/22:24:08]  Acc_iter 5150        Data time: 2.06(2.43)  Forward time: 2.04(2.85)  Batch time: 4.10(5.28)
2025-08-12 02:31:13,593   INFO  Save latest model to /home/lidar/OpenPCDet/output/nuscenes_models/cbgs_voxel0075_res3d_centerpoint_50Ep/default/ckpt/latest_model
2025-08-12 02:32:50,272   INFO  Train:   13/50 ( 26%) [ 303/408 ( 74%)]  Loss: 7.619 (7.72)  LR: 7.379e-04  Time cost: 26:41/09:13 [7:44:12/22:14:31]  Acc_iter 5200        Data time: 1.95(2.42)  Forward time: 4.81(2.84)  Batch time: 6.76(5.26)
2025-08-12 02:36:14,540   INFO  Save latest model to /home/lidar/OpenPCDet/output/nuscenes_models/cbgs_voxel0075_res3d_centerpoint_50Ep/default/ckpt/latest_model
2025-08-12 02:37:16,950   INFO  Train:   13/50 ( 26%) [ 353/408 ( 87%)]  Loss: 6.041 (7.68)  LR: 7.458e-04  Time cost: 31:08/04:50 [7:48:39/22:12:29]  Acc_iter 5250        Data time: 2.03(2.41)  Forward time: 1.68(2.86)  Batch time: 3.71(5.27)
2025-08-12 02:37:17,058   INFO  
2025-08-12 02:41:14,705   INFO  Save latest model to /home/lidar/OpenPCDet/output/nuscenes_models/cbgs_voxel0075_res3d_centerpoint_50Ep/default/ckpt/latest_model
2025-08-12 02:41:47,561   INFO  Train:   13/50 ( 26%) [ 403/408 ( 99%)]  Loss: 7.771 (7.66)  LR: 7.535e-04  Time cost: 35:38/00:26 [7:53:09/22:12:18]  Acc_iter 5300        Data time: 2.24(2.42)  Forward time: 1.56(2.87)  Batch time: 3.80(5.29)
2025-08-12 02:42:07,117   INFO  Train:   13/50 ( 26%) [ 407/408 (100%)]  Loss: 6.559 (7.66)  LR: 7.541e-04  Time cost: 35:58/00:05 [7:53:29/22:10:57]  Acc_iter 5304        Data time: 2.20(2.41)  Forward time: 4.26(2.87)  Batch time: 6.46(5.29)
2025-08-12 02:42:17,089   INFO  Train:   14/50 ( 28%) [   0/408 (  0%)]  Loss: 8.929 (8.93)  LR: 7.543e-04  Time cost: 00:09/1:02:29 [7:53:39/38:32:11]  Acc_iter 5305        Data time: 3.49(3.49)  Forward time: 3.98(3.98)  Batch time: 7.47(7.47)
2025-08-12 02:46:17,410   INFO  Train:   14/50 ( 28%) [  45/408 ( 11%)]  Loss: 5.610 (7.46)  LR: 7.612e-04  Time cost: 04:09/32:48 [7:57:39/22:40:39]  Acc_iter 5350        Data time: 1.98(2.46)  Forward time: 3.30(2.91)  Batch time: 5.29(5.37)
2025-08-12 02:47:18,018   INFO  Save latest model to /home/lidar/OpenPCDet/output/nuscenes_models/cbgs_voxel0075_res3d_centerpoint_50Ep/default/ckpt/latest_model
2025-08-12 02:50:47,925   INFO  Train:   14/50 ( 28%) [  95/408 ( 23%)]  Loss: 6.808 (7.37)  LR: 7.688e-04  Time cost: 08:40/28:15 [8:02:10/22:34:19]  Acc_iter 5400        Data time: 5.66(2.47)  Forward time: 3.24(2.93)  Batch time: 8.90(5.39)
2025-08-12 02:50:48,021   INFO  
2025-08-12 02:52:08,236   INFO  Save latest model to /home/lidar/OpenPCDet/output/nuscenes_models/cbgs_voxel0075_res3d_centerpoint_50Ep/default/ckpt/latest_model
2025-08-12 02:55:27,919   INFO  Train:   14/50 ( 28%) [ 145/408 ( 36%)]  Loss: 7.220 (7.29)  LR: 7.763e-04  Time cost: 13:20/24:01 [8:06:50/22:45:25]  Acc_iter 5450        Data time: 3.25(2.47)  Forward time: 6.03(2.99)  Batch time: 9.28(5.46)
2025-08-12 02:57:08,197   INFO  Save latest model to /home/lidar/OpenPCDet/output/nuscenes_models/cbgs_voxel0075_res3d_centerpoint_50Ep/default/ckpt/latest_model
2025-08-12 02:59:38,314   INFO  Train:   14/50 ( 28%) [ 195/408 ( 48%)]  Loss: 8.216 (7.27)  LR: 7.838e-04  Time cost: 17:30/19:01 [8:11:00/22:10:58]  Acc_iter 5500        Data time: 1.94(2.46)  Forward time: 2.86(2.88)  Batch time: 4.80(5.35)
2025-08-12 03:02:09,391   INFO  Save latest model to /home/lidar/OpenPCDet/output/nuscenes_models/cbgs_voxel0075_res3d_centerpoint_50Ep/default/ckpt/latest_model
2025-08-12 03:04:27,670   INFO  Train:   14/50 ( 28%) [ 245/408 ( 60%)]  Loss: 7.079 (7.24)  LR: 7.912e-04  Time cost: 22:19/14:47 [8:15:49/22:28:01]  Acc_iter 5550        Data time: 2.45(2.47)  Forward time: 4.06(2.96)  Batch time: 6.52(5.44)
2025-08-12 03:04:27,790   INFO  
2025-08-12 03:07:11,750   INFO  Save latest model to /home/lidar/OpenPCDet/output/nuscenes_models/cbgs_voxel0075_res3d_centerpoint_50Ep/default/ckpt/latest_model
2025-08-12 03:08:35,483   INFO  Train:   14/50 ( 28%) [ 295/408 ( 72%)]  Loss: 6.683 (7.24)  LR: 7.984e-04  Time cost: 26:27/10:06 [8:19:57/22:03:04]  Acc_iter 5600        Data time: 3.55(2.46)  Forward time: 1.87(2.90)  Batch time: 5.43(5.36)
2025-08-12 03:12:10,407   INFO  Save latest model to /home/lidar/OpenPCDet/output/nuscenes_models/cbgs_voxel0075_res3d_centerpoint_50Ep/default/ckpt/latest_model
2025-08-12 03:13:09,505   INFO  Train:   14/50 ( 28%) [ 345/408 ( 85%)]  Loss: 9.508 (7.26)  LR: 8.056e-04  Time cost: 31:01/05:38 [8:24:31/22:02:45]  Acc_iter 5650        Data time: 2.00(2.46)  Forward time: 3.03(2.91)  Batch time: 5.03(5.37)
2025-08-12 03:17:11,328   INFO  Save latest model to /home/lidar/OpenPCDet/output/nuscenes_models/cbgs_voxel0075_res3d_centerpoint_50Ep/default/ckpt/latest_model
2025-08-12 03:17:50,189   INFO  Train:   14/50 ( 28%) [ 395/408 ( 97%)]  Loss: 7.729 (7.30)  LR: 8.127e-04  Time cost: 35:42/01:10 [8:29:12/22:05:29]  Acc_iter 5700        Data time: 3.67(2.48)  Forward time: 2.17(2.92)  Batch time: 5.84(5.40)
2025-08-12 03:17:50,303   INFO  
2025-08-12 03:18:49,461   INFO  Train:   14/50 ( 28%) [ 407/408 (100%)]  Loss: 6.905 (7.30)  LR: 8.144e-04  Time cost: 36:41/00:05 [8:30:11/22:01:01]  Acc_iter 5712        Data time: 1.88(2.48)  Forward time: 2.33(2.92)  Batch time: 4.20(5.39)
2025-08-12 03:19:05,193   INFO  Train:   15/50 ( 30%) [   0/408 (  0%)]  Loss: 7.487 (7.49)  LR: 8.145e-04  Time cost: 00:14/1:38:27 [8:30:27/59:04:19]  Acc_iter 5713        Data time: 4.29(4.29)  Forward time: 6.32(6.32)  Batch time: 10.62(10.62)
2025-08-12 03:22:12,603   INFO  Train:   15/50 ( 30%) [  37/408 (  9%)]  Loss: 6.791 (7.22)  LR: 8.197e-04  Time cost: 03:21/32:51 [8:33:34/21:37:18]  Acc_iter 5750        Data time: 2.42(2.43)  Forward time: 5.31(2.83)  Batch time: 7.74(5.25)
2025-08-12 03:23:55,405   INFO  Save latest model to /home/lidar/OpenPCDet/output/nuscenes_models/cbgs_voxel0075_res3d_centerpoint_50Ep/default/ckpt/latest_model
2025-08-12 03:26:31,985   INFO  Train:   15/50 ( 30%) [  87/408 ( 21%)]  Loss: 7.851 (7.16)  LR: 8.265e-04  Time cost: 07:41/28:02 [8:37:54/21:15:34]  Acc_iter 5800        Data time: 2.04(2.39)  Forward time: 2.06(2.82)  Batch time: 4.10(5.22)
2025-08-12 03:28:56,443   INFO  Save latest model to /home/lidar/OpenPCDet/output/nuscenes_models/cbgs_voxel0075_res3d_centerpoint_50Ep/default/ckpt/latest_model
2025-08-12 03:30:52,554   INFO  Train:   15/50 ( 30%) [ 137/408 ( 34%)]  Loss: 8.240 (7.17)  LR: 8.333e-04  Time cost: 12:01/23:37 [8:42:14/21:08:32]  Acc_iter 5850        Data time: 2.10(2.42)  Forward time: 7.65(2.78)  Batch time: 9.75(5.20)
2025-08-12 03:30:52,684   INFO  
2025-08-12 03:33:53,535   INFO  Save latest model to /home/lidar/OpenPCDet/output/nuscenes_models/cbgs_voxel0075_res3d_centerpoint_50Ep/default/ckpt/latest_model
2025-08-12 03:34:59,716   INFO  Train:   15/50 ( 30%) [ 187/408 ( 46%)]  Loss: 6.649 (7.13)  LR: 8.400e-04  Time cost: 16:09/18:59 [8:46:21/20:45:41]  Acc_iter 5900        Data time: 1.93(2.41)  Forward time: 1.91(2.73)  Batch time: 3.84(5.14)
2025-08-12 03:38:54,844   INFO  Save latest model to /home/lidar/OpenPCDet/output/nuscenes_models/cbgs_voxel0075_res3d_centerpoint_50Ep/default/ckpt/latest_model
2025-08-12 03:39:38,568   INFO  Train:   15/50 ( 30%) [ 237/408 ( 58%)]  Loss: 6.986 (7.15)  LR: 8.466e-04  Time cost: 20:47/14:56 [8:51:00/21:02:47]  Acc_iter 5950        Data time: 2.16(2.45)  Forward time: 5.54(2.78)  Batch time: 7.70(5.23)
2025-08-12 03:43:48,706   INFO  Train:   15/50 ( 30%) [ 287/408 ( 70%)]  Loss: 8.104 (7.13)  LR: 8.530e-04  Time cost: 24:57/10:29 [8:55:10/20:48:24]  Acc_iter 6000        Data time: 2.17(2.42)  Forward time: 5.22(2.76)  Batch time: 7.39(5.19)
2025-08-12 03:43:48,838   INFO  
2025-08-12 03:44:00,245   INFO  Save latest model to /home/lidar/OpenPCDet/output/nuscenes_models/cbgs_voxel0075_res3d_centerpoint_50Ep/default/ckpt/latest_model
2025-08-12 03:48:18,239   INFO  Train:   15/50 ( 30%) [ 337/408 ( 83%)]  Loss: 7.789 (7.13)  LR: 8.594e-04  Time cost: 29:27/06:11 [8:59:40/20:50:46]  Acc_iter 6050        Data time: 1.99(2.45)  Forward time: 1.60(2.77)  Batch time: 3.59(5.22)
2025-08-12 03:48:53,516   INFO  Save latest model to /home/lidar/OpenPCDet/output/nuscenes_models/cbgs_voxel0075_res3d_centerpoint_50Ep/default/ckpt/latest_model
2025-08-12 03:52:29,002   INFO  Train:   15/50 ( 30%) [ 387/408 ( 95%)]  Loss: 6.091 (7.10)  LR: 8.656e-04  Time cost: 33:38/01:49 [9:03:51/20:39:50]  Acc_iter 6100        Data time: 2.18(2.45)  Forward time: 5.08(2.75)  Batch time: 7.26(5.20)
2025-08-12 03:53:52,896   INFO  Save latest model to /home/lidar/OpenPCDet/output/nuscenes_models/cbgs_voxel0075_res3d_centerpoint_50Ep/default/ckpt/latest_model
2025-08-12 03:54:19,048   INFO  Train:   15/50 ( 30%) [ 407/408 (100%)]  Loss: 5.899 (7.08)  LR: 8.681e-04  Time cost: 35:28/00:05 [9:05:41/20:41:36]  Acc_iter 6120        Data time: 4.73(2.45)  Forward time: 1.97(2.76)  Batch time: 6.69(5.21)
2025-08-12 03:54:27,521   INFO  Train:   16/50 ( 32%) [   0/408 (  0%)]  Loss: 5.645 (5.65)  LR: 8.682e-04  Time cost: 00:07/52:53 [9:05:49/30:51:21]  Acc_iter 6121        Data time: 2.42(2.42)  Forward time: 3.10(3.10)  Batch time: 5.52(5.52)
2025-08-12 03:56:52,723   INFO  Train:   16/50 ( 32%) [  29/408 (  7%)]  Loss: 6.761 (7.14)  LR: 8.717e-04  Time cost: 02:32/32:12 [9:08:14/20:11:10]  Acc_iter 6150        Data time: 3.37(2.42)  Forward time: 2.22(2.62)  Batch time: 5.59(5.04)
2025-08-12 03:56:52,822   INFO  
